#
# There is insufficient memory for the Java Runtime Environment to continue.
# Native memory allocation (mmap) failed to map 65536 bytes for Failed to commit metaspace.
# Possible reasons:
#   The system is out of physical RAM or swap space
#   The process is running with CompressedOops enabled, and the Java Heap may be blocking the growth of the native heap
# Possible solutions:
#   Reduce memory load on the system
#   Increase physical memory or swap space
#   Check if swap backing store is full
#   Decrease Java heap size (-Xmx/-Xms)
#   Decrease number of Java threads
#   Decrease Java thread stack sizes (-Xss)
#   Set larger code cache with -XX:ReservedCodeCacheSize=
#   JVM is running with Unscaled Compressed Oops mode in which the Java heap is
#     placed in the first 4GB address space. The Java Heap base address is the
#     maximum limit for the native heap growth. Please use -XX:HeapBaseMinAddress
#     to set the Java Heap base and to place the Java Heap above 4GB virtual address.
# This output file may be truncated or incomplete.
#
#  Out of Memory Error (virtualSpaceNode.cpp:112), pid=30636, tid=29340
#
# JRE version: OpenJDK Runtime Environment (21.0.2+13) (build 21.0.2+13-58)
# Java VM: OpenJDK 64-Bit Server VM (21.0.2+13-58, mixed mode, sharing, tiered, compressed oops, compressed class ptrs, g1 gc, windows-amd64)
# No core dump will be written. Minidumps are not enabled by default on client versions of Windows
#

---------------  S U M M A R Y ------------

Command Line: --enable-native-access=ALL-UNNAMED -Xmx1024m -Dclassworlds.conf=D:\Scoop\apps\maven\current\bin\m2.conf -Dmaven.home=D:\Scoop\apps\maven\current -Dlibrary.jansi.path=D:\Scoop\apps\maven\current\lib\jansi-native -Dmaven.multiModuleProjectDirectory=D:\devlop\project\EBlog org.codehaus.plexus.classworlds.launcher.Launcher -f backend\pom.xml test

Host: 11th Gen Intel(R) Core(TM) i5-1135G7 @ 2.40GHz, 8 cores, 15G,  Windows 10 , 64 bit Build 19041 (10.0.19041.5072)
Time: Tue Jan 27 13:21:57 2026  Windows 10 , 64 bit Build 19041 (10.0.19041.5072) elapsed time: 1.908801 seconds (0d 0h 0m 1s)

---------------  T H R E A D  ---------------

Current thread (0x000001b76203e220):  JavaThread "C1 CompilerThread0" daemon [_thread_in_vm, id=29340, stack(0x0000006818d00000,0x0000006818e00000) (1024K)]


Current CompileTask:
C1:   1908 3881       3       org.codehaus.plexus.util.xml.pull.MXParser::requireInput (105 bytes)

Stack: [0x0000006818d00000,0x0000006818e00000]
Native frames: (J=compiled Java code, j=interpreted, Vv=VM code, C=native code)
V  [jvm.dll+0x6cade9]
V  [jvm.dll+0x8569c1]
V  [jvm.dll+0x858d2e]
V  [jvm.dll+0x859413]
V  [jvm.dll+0x280e56]
V  [jvm.dll+0x8526ee]
V  [jvm.dll+0x66e705]
V  [jvm.dll+0x1e68cc]
V  [jvm.dll+0x1e669e]
V  [jvm.dll+0x67104c]
V  [jvm.dll+0x670e62]
V  [jvm.dll+0x66f0de]
V  [jvm.dll+0x68038a]
V  [jvm.dll+0x679622]
V  [jvm.dll+0x1f44e0]
V  [jvm.dll+0x1f46c8]
V  [jvm.dll+0x15410e]
V  [jvm.dll+0x154444]
V  [jvm.dll+0x153886]
V  [jvm.dll+0x1555ed]
V  [jvm.dll+0x258859]
V  [jvm.dll+0x256e3a]
V  [jvm.dll+0x3ef6c6]
V  [jvm.dll+0x7ff568]
V  [jvm.dll+0x6c953d]
C  [ucrtbase.dll+0x21bb2]
C  [KERNEL32.DLL+0x17374]
C  [ntdll.dll+0x4cc91]


---------------  P R O C E S S  ---------------

Threads class SMR info:
_java_thread_list=0x000001b7675e6770, length=14, elements={
0x000001b703402100, 0x000001b762026160, 0x000001b762026f80, 0x000001b762028e90,
0x000001b76202b9f0, 0x000001b76202c540, 0x000001b76202dbf0, 0x000001b76202e590,
0x000001b76203e220, 0x000001b7621f4970, 0x000001b7621f79d0, 0x000001b762631750,
0x000001b7626309b0, 0x000001b767a356e0
}

Java Threads: ( => current thread )
  0x000001b703402100 JavaThread "main"                              [_thread_in_vm, id=24416, stack(0x0000006817e00000,0x0000006817f00000) (1024K)]
  0x000001b762026160 JavaThread "Reference Handler"          daemon [_thread_blocked, id=5776, stack(0x0000006818600000,0x0000006818700000) (1024K)]
  0x000001b762026f80 JavaThread "Finalizer"                  daemon [_thread_blocked, id=10792, stack(0x0000006818700000,0x0000006818800000) (1024K)]
  0x000001b762028e90 JavaThread "Signal Dispatcher"          daemon [_thread_blocked, id=19032, stack(0x0000006818800000,0x0000006818900000) (1024K)]
  0x000001b76202b9f0 JavaThread "Attach Listener"            daemon [_thread_blocked, id=28080, stack(0x0000006818900000,0x0000006818a00000) (1024K)]
  0x000001b76202c540 JavaThread "Service Thread"             daemon [_thread_blocked, id=34220, stack(0x0000006818a00000,0x0000006818b00000) (1024K)]
  0x000001b76202dbf0 JavaThread "Monitor Deflation Thread"   daemon [_thread_blocked, id=35076, stack(0x0000006818b00000,0x0000006818c00000) (1024K)]
  0x000001b76202e590 JavaThread "C2 CompilerThread0"         daemon [_thread_in_native, id=37088, stack(0x0000006818c00000,0x0000006818d00000) (1024K)]
=>0x000001b76203e220 JavaThread "C1 CompilerThread0"         daemon [_thread_in_vm, id=29340, stack(0x0000006818d00000,0x0000006818e00000) (1024K)]
  0x000001b7621f4970 JavaThread "Notification Thread"        daemon [_thread_blocked, id=25120, stack(0x0000006818e00000,0x0000006818f00000) (1024K)]
  0x000001b7621f79d0 JavaThread "Common-Cleaner"             daemon [_thread_blocked, id=8568, stack(0x0000006818f00000,0x0000006819000000) (1024K)]
  0x000001b762631750 JavaThread "C2 CompilerThread1"         daemon [_thread_blocked, id=22728, stack(0x0000006819000000,0x0000006819100000) (1024K)]
  0x000001b7626309b0 JavaThread "C2 CompilerThread2"         daemon [_thread_blocked, id=24040, stack(0x0000006819100000,0x0000006819200000) (1024K)]
  0x000001b767a356e0 JavaThread "Thread-1"                   daemon [_thread_blocked, id=33332, stack(0x0000006819900000,0x0000006819a00000) (1024K)]
Total: 14

Other Threads:
  0x000001b720ced470 VMThread "VM Thread"                           [id=13664, stack(0x0000006818500000,0x0000006818600000) (1024K)]
  0x000001b720cdbc80 WatcherThread "VM Periodic Task Thread"        [id=14368, stack(0x0000006818400000,0x0000006818500000) (1024K)]
  0x000001b705718ae0 WorkerThread "GC Thread#0"                     [id=26616, stack(0x0000006817f00000,0x0000006818000000) (1024K)]
  0x000001b767865870 WorkerThread "GC Thread#1"                     [id=18724, stack(0x0000006819200000,0x0000006819300000) (1024K)]
  0x000001b767865c10 WorkerThread "GC Thread#2"                     [id=28396, stack(0x0000006819300000,0x0000006819400000) (1024K)]
  0x000001b762abc650 WorkerThread "GC Thread#3"                     [id=21228, stack(0x0000006819400000,0x0000006819500000) (1024K)]
  0x000001b762abc9f0 WorkerThread "GC Thread#4"                     [id=38888, stack(0x0000006819500000,0x0000006819600000) (1024K)]
  0x000001b7674aaba0 WorkerThread "GC Thread#5"                     [id=4684, stack(0x0000006819600000,0x0000006819700000) (1024K)]
  0x000001b76708f260 WorkerThread "GC Thread#6"                     [id=27416, stack(0x0000006819700000,0x0000006819800000) (1024K)]
  0x000001b76708f600 WorkerThread "GC Thread#7"                     [id=30084, stack(0x0000006819800000,0x0000006819900000) (1024K)]
  0x000001b705740480 ConcurrentGCThread "G1 Main Marker"            [id=40656, stack(0x0000006818000000,0x0000006818100000) (1024K)]
  0x000001b705740f80 WorkerThread "G1 Conc#0"                       [id=15096, stack(0x0000006818100000,0x0000006818200000) (1024K)]
  0x000001b720bb7a60 ConcurrentGCThread "G1 Refine#0"               [id=35436, stack(0x0000006818200000,0x0000006818300000) (1024K)]
  0x000001b720bb8280 ConcurrentGCThread "G1 Service"                [id=38292, stack(0x0000006818300000,0x0000006818400000) (1024K)]
Total: 14

Threads with active compile tasks:
C2 CompilerThread0     1923 3836   !   4       org.codehaus.plexus.interpolation.StringSearchInterpolator::interpolate (692 bytes)
C1 CompilerThread0     1923 3881       3       org.codehaus.plexus.util.xml.pull.MXParser::requireInput (105 bytes)
Total: 2

VM state: not at safepoint (normal execution)

VM Mutex/Monitor currently owned by a thread:  ([mutex/lock_event])
[0x00007ff8bfe0ace8] Metaspace_lock - owner thread: 0x000001b76203e220

Heap address: 0x00000000c0000000, size: 1024 MB, Compressed Oops mode: 32-bit

CDS archive(s) mapped at: [0x000001b721000000-0x000001b721c90000-0x000001b721c90000), size 13172736, SharedBaseAddress: 0x000001b721000000, ArchiveRelocationMode: 1.
Compressed class space mapped at: 0x000001b722000000-0x000001b762000000, reserved size: 1073741824
Narrow klass base: 0x000001b721000000, Narrow klass shift: 0, Narrow klass range: 0x100000000

GC Precious Log:
 CardTable entry size: 512
 Card Set container configuration: InlinePtr #cards 5 size 8 Array Of Cards #cards 12 size 40 Howl #buckets 4 coarsen threshold 1843 Howl Bitmap #cards 512 size 80 coarsen threshold 460 Card regions per heap region 1 cards per card region 2048
 CPUs: 8 total, 8 available
 Memory: 16082M
 Large Page Support: Disabled
 NUMA Support: Disabled
 Compressed Oops: Enabled (32-bit)
 Heap Region Size: 1M
 Heap Min Capacity: 8M
 Heap Initial Capacity: 252M
 Heap Max Capacity: 1G
 Pre-touch: Disabled
 Parallel Workers: 8
 Concurrent Workers: 2
 Concurrent Refinement Workers: 8
 Periodic GC: Disabled

Heap:
 garbage-first heap   total 258048K, used 72332K [0x00000000c0000000, 0x0000000100000000)
  region size 1024K, 68 young (69632K), 2 survivors (2048K)
 Metaspace       used 15722K, committed 15936K, reserved 1114112K
  class space    used 1846K, committed 1920K, reserved 1048576K

Heap Regions: E=young(eden), S=young(survivor), O=old, HS=humongous(starts), HC=humongous(continues), CS=collection set, F=free, TAMS=top-at-mark-start, PB=parsable bottom
|   0|0x00000000c0000000, 0x00000000c0100000, 0x00000000c0100000|100%| O|  |TAMS 0x00000000c0000000| PB 0x00000000c0000000| Untracked 
|   1|0x00000000c0100000, 0x00000000c0200000, 0x00000000c0200000|100%| O|  |TAMS 0x00000000c0100000| PB 0x00000000c0100000| Untracked 
|   2|0x00000000c0200000, 0x00000000c0300000, 0x00000000c0300000|100%| O|  |TAMS 0x00000000c0200000| PB 0x00000000c0200000| Untracked 
|   3|0x00000000c0300000, 0x00000000c03b9fe8, 0x00000000c0400000| 72%| O|  |TAMS 0x00000000c0300000| PB 0x00000000c0300000| Untracked 
|   4|0x00000000c0400000, 0x00000000c0400000, 0x00000000c0500000|  0%| F|  |TAMS 0x00000000c0400000| PB 0x00000000c0400000| Untracked 
|   5|0x00000000c0500000, 0x00000000c0500000, 0x00000000c0600000|  0%| F|  |TAMS 0x00000000c0500000| PB 0x00000000c0500000| Untracked 
|   6|0x00000000c0600000, 0x00000000c0600000, 0x00000000c0700000|  0%| F|  |TAMS 0x00000000c0600000| PB 0x00000000c0600000| Untracked 
|   7|0x00000000c0700000, 0x00000000c0700000, 0x00000000c0800000|  0%| F|  |TAMS 0x00000000c0700000| PB 0x00000000c0700000| Untracked 
|   8|0x00000000c0800000, 0x00000000c0800000, 0x00000000c0900000|  0%| F|  |TAMS 0x00000000c0800000| PB 0x00000000c0800000| Untracked 
|   9|0x00000000c0900000, 0x00000000c0900000, 0x00000000c0a00000|  0%| F|  |TAMS 0x00000000c0900000| PB 0x00000000c0900000| Untracked 
|  10|0x00000000c0a00000, 0x00000000c0a00000, 0x00000000c0b00000|  0%| F|  |TAMS 0x00000000c0a00000| PB 0x00000000c0a00000| Untracked 
|  11|0x00000000c0b00000, 0x00000000c0b00000, 0x00000000c0c00000|  0%| F|  |TAMS 0x00000000c0b00000| PB 0x00000000c0b00000| Untracked 
|  12|0x00000000c0c00000, 0x00000000c0c00000, 0x00000000c0d00000|  0%| F|  |TAMS 0x00000000c0c00000| PB 0x00000000c0c00000| Untracked 
|  13|0x00000000c0d00000, 0x00000000c0d00000, 0x00000000c0e00000|  0%| F|  |TAMS 0x00000000c0d00000| PB 0x00000000c0d00000| Untracked 
|  14|0x00000000c0e00000, 0x00000000c0e00000, 0x00000000c0f00000|  0%| F|  |TAMS 0x00000000c0e00000| PB 0x00000000c0e00000| Untracked 
|  15|0x00000000c0f00000, 0x00000000c0f00000, 0x00000000c1000000|  0%| F|  |TAMS 0x00000000c0f00000| PB 0x00000000c0f00000| Untracked 
|  16|0x00000000c1000000, 0x00000000c1000000, 0x00000000c1100000|  0%| F|  |TAMS 0x00000000c1000000| PB 0x00000000c1000000| Untracked 
|  17|0x00000000c1100000, 0x00000000c1100000, 0x00000000c1200000|  0%| F|  |TAMS 0x00000000c1100000| PB 0x00000000c1100000| Untracked 
|  18|0x00000000c1200000, 0x00000000c1200000, 0x00000000c1300000|  0%| F|  |TAMS 0x00000000c1200000| PB 0x00000000c1200000| Untracked 
|  19|0x00000000c1300000, 0x00000000c1300000, 0x00000000c1400000|  0%| F|  |TAMS 0x00000000c1300000| PB 0x00000000c1300000| Untracked 
|  20|0x00000000c1400000, 0x00000000c1400000, 0x00000000c1500000|  0%| F|  |TAMS 0x00000000c1400000| PB 0x00000000c1400000| Untracked 
|  21|0x00000000c1500000, 0x00000000c1500000, 0x00000000c1600000|  0%| F|  |TAMS 0x00000000c1500000| PB 0x00000000c1500000| Untracked 
|  22|0x00000000c1600000, 0x00000000c1600000, 0x00000000c1700000|  0%| F|  |TAMS 0x00000000c1600000| PB 0x00000000c1600000| Untracked 
|  23|0x00000000c1700000, 0x00000000c1700000, 0x00000000c1800000|  0%| F|  |TAMS 0x00000000c1700000| PB 0x00000000c1700000| Untracked 
|  24|0x00000000c1800000, 0x00000000c1800000, 0x00000000c1900000|  0%| F|  |TAMS 0x00000000c1800000| PB 0x00000000c1800000| Untracked 
|  25|0x00000000c1900000, 0x00000000c1900000, 0x00000000c1a00000|  0%| F|  |TAMS 0x00000000c1900000| PB 0x00000000c1900000| Untracked 
|  26|0x00000000c1a00000, 0x00000000c1a00000, 0x00000000c1b00000|  0%| F|  |TAMS 0x00000000c1a00000| PB 0x00000000c1a00000| Untracked 
|  27|0x00000000c1b00000, 0x00000000c1b00000, 0x00000000c1c00000|  0%| F|  |TAMS 0x00000000c1b00000| PB 0x00000000c1b00000| Untracked 
|  28|0x00000000c1c00000, 0x00000000c1c00000, 0x00000000c1d00000|  0%| F|  |TAMS 0x00000000c1c00000| PB 0x00000000c1c00000| Untracked 
|  29|0x00000000c1d00000, 0x00000000c1d00000, 0x00000000c1e00000|  0%| F|  |TAMS 0x00000000c1d00000| PB 0x00000000c1d00000| Untracked 
|  30|0x00000000c1e00000, 0x00000000c1e00000, 0x00000000c1f00000|  0%| F|  |TAMS 0x00000000c1e00000| PB 0x00000000c1e00000| Untracked 
|  31|0x00000000c1f00000, 0x00000000c1f00000, 0x00000000c2000000|  0%| F|  |TAMS 0x00000000c1f00000| PB 0x00000000c1f00000| Untracked 
|  32|0x00000000c2000000, 0x00000000c2000000, 0x00000000c2100000|  0%| F|  |TAMS 0x00000000c2000000| PB 0x00000000c2000000| Untracked 
|  33|0x00000000c2100000, 0x00000000c2100000, 0x00000000c2200000|  0%| F|  |TAMS 0x00000000c2100000| PB 0x00000000c2100000| Untracked 
|  34|0x00000000c2200000, 0x00000000c2200000, 0x00000000c2300000|  0%| F|  |TAMS 0x00000000c2200000| PB 0x00000000c2200000| Untracked 
|  35|0x00000000c2300000, 0x00000000c2300000, 0x00000000c2400000|  0%| F|  |TAMS 0x00000000c2300000| PB 0x00000000c2300000| Untracked 
|  36|0x00000000c2400000, 0x00000000c2400000, 0x00000000c2500000|  0%| F|  |TAMS 0x00000000c2400000| PB 0x00000000c2400000| Untracked 
|  37|0x00000000c2500000, 0x00000000c2500000, 0x00000000c2600000|  0%| F|  |TAMS 0x00000000c2500000| PB 0x00000000c2500000| Untracked 
|  38|0x00000000c2600000, 0x00000000c2600000, 0x00000000c2700000|  0%| F|  |TAMS 0x00000000c2600000| PB 0x00000000c2600000| Untracked 
|  39|0x00000000c2700000, 0x00000000c2700000, 0x00000000c2800000|  0%| F|  |TAMS 0x00000000c2700000| PB 0x00000000c2700000| Untracked 
|  40|0x00000000c2800000, 0x00000000c2800000, 0x00000000c2900000|  0%| F|  |TAMS 0x00000000c2800000| PB 0x00000000c2800000| Untracked 
|  41|0x00000000c2900000, 0x00000000c2900000, 0x00000000c2a00000|  0%| F|  |TAMS 0x00000000c2900000| PB 0x00000000c2900000| Untracked 
|  42|0x00000000c2a00000, 0x00000000c2a00000, 0x00000000c2b00000|  0%| F|  |TAMS 0x00000000c2a00000| PB 0x00000000c2a00000| Untracked 
|  43|0x00000000c2b00000, 0x00000000c2b00000, 0x00000000c2c00000|  0%| F|  |TAMS 0x00000000c2b00000| PB 0x00000000c2b00000| Untracked 
|  44|0x00000000c2c00000, 0x00000000c2c00000, 0x00000000c2d00000|  0%| F|  |TAMS 0x00000000c2c00000| PB 0x00000000c2c00000| Untracked 
|  45|0x00000000c2d00000, 0x00000000c2d00000, 0x00000000c2e00000|  0%| F|  |TAMS 0x00000000c2d00000| PB 0x00000000c2d00000| Untracked 
|  46|0x00000000c2e00000, 0x00000000c2e00000, 0x00000000c2f00000|  0%| F|  |TAMS 0x00000000c2e00000| PB 0x00000000c2e00000| Untracked 
|  47|0x00000000c2f00000, 0x00000000c2f00000, 0x00000000c3000000|  0%| F|  |TAMS 0x00000000c2f00000| PB 0x00000000c2f00000| Untracked 
|  48|0x00000000c3000000, 0x00000000c3000000, 0x00000000c3100000|  0%| F|  |TAMS 0x00000000c3000000| PB 0x00000000c3000000| Untracked 
|  49|0x00000000c3100000, 0x00000000c3100000, 0x00000000c3200000|  0%| F|  |TAMS 0x00000000c3100000| PB 0x00000000c3100000| Untracked 
|  50|0x00000000c3200000, 0x00000000c3200000, 0x00000000c3300000|  0%| F|  |TAMS 0x00000000c3200000| PB 0x00000000c3200000| Untracked 
|  51|0x00000000c3300000, 0x00000000c3300000, 0x00000000c3400000|  0%| F|  |TAMS 0x00000000c3300000| PB 0x00000000c3300000| Untracked 
|  52|0x00000000c3400000, 0x00000000c3400000, 0x00000000c3500000|  0%| F|  |TAMS 0x00000000c3400000| PB 0x00000000c3400000| Untracked 
|  53|0x00000000c3500000, 0x00000000c3500000, 0x00000000c3600000|  0%| F|  |TAMS 0x00000000c3500000| PB 0x00000000c3500000| Untracked 
|  54|0x00000000c3600000, 0x00000000c3600000, 0x00000000c3700000|  0%| F|  |TAMS 0x00000000c3600000| PB 0x00000000c3600000| Untracked 
|  55|0x00000000c3700000, 0x00000000c3700000, 0x00000000c3800000|  0%| F|  |TAMS 0x00000000c3700000| PB 0x00000000c3700000| Untracked 
|  56|0x00000000c3800000, 0x00000000c3800000, 0x00000000c3900000|  0%| F|  |TAMS 0x00000000c3800000| PB 0x00000000c3800000| Untracked 
|  57|0x00000000c3900000, 0x00000000c3900000, 0x00000000c3a00000|  0%| F|  |TAMS 0x00000000c3900000| PB 0x00000000c3900000| Untracked 
|  58|0x00000000c3a00000, 0x00000000c3a00000, 0x00000000c3b00000|  0%| F|  |TAMS 0x00000000c3a00000| PB 0x00000000c3a00000| Untracked 
|  59|0x00000000c3b00000, 0x00000000c3b00000, 0x00000000c3c00000|  0%| F|  |TAMS 0x00000000c3b00000| PB 0x00000000c3b00000| Untracked 
|  60|0x00000000c3c00000, 0x00000000c3c00000, 0x00000000c3d00000|  0%| F|  |TAMS 0x00000000c3c00000| PB 0x00000000c3c00000| Untracked 
|  61|0x00000000c3d00000, 0x00000000c3d00000, 0x00000000c3e00000|  0%| F|  |TAMS 0x00000000c3d00000| PB 0x00000000c3d00000| Untracked 
|  62|0x00000000c3e00000, 0x00000000c3e00000, 0x00000000c3f00000|  0%| F|  |TAMS 0x00000000c3e00000| PB 0x00000000c3e00000| Untracked 
|  63|0x00000000c3f00000, 0x00000000c3f00000, 0x00000000c4000000|  0%| F|  |TAMS 0x00000000c3f00000| PB 0x00000000c3f00000| Untracked 
|  64|0x00000000c4000000, 0x00000000c4000000, 0x00000000c4100000|  0%| F|  |TAMS 0x00000000c4000000| PB 0x00000000c4000000| Untracked 
|  65|0x00000000c4100000, 0x00000000c4100000, 0x00000000c4200000|  0%| F|  |TAMS 0x00000000c4100000| PB 0x00000000c4100000| Untracked 
|  66|0x00000000c4200000, 0x00000000c4200000, 0x00000000c4300000|  0%| F|  |TAMS 0x00000000c4200000| PB 0x00000000c4200000| Untracked 
|  67|0x00000000c4300000, 0x00000000c4300000, 0x00000000c4400000|  0%| F|  |TAMS 0x00000000c4300000| PB 0x00000000c4300000| Untracked 
|  68|0x00000000c4400000, 0x00000000c4400000, 0x00000000c4500000|  0%| F|  |TAMS 0x00000000c4400000| PB 0x00000000c4400000| Untracked 
|  69|0x00000000c4500000, 0x00000000c4500000, 0x00000000c4600000|  0%| F|  |TAMS 0x00000000c4500000| PB 0x00000000c4500000| Untracked 
|  70|0x00000000c4600000, 0x00000000c4600000, 0x00000000c4700000|  0%| F|  |TAMS 0x00000000c4600000| PB 0x00000000c4600000| Untracked 
|  71|0x00000000c4700000, 0x00000000c4700000, 0x00000000c4800000|  0%| F|  |TAMS 0x00000000c4700000| PB 0x00000000c4700000| Untracked 
|  72|0x00000000c4800000, 0x00000000c4800000, 0x00000000c4900000|  0%| F|  |TAMS 0x00000000c4800000| PB 0x00000000c4800000| Untracked 
|  73|0x00000000c4900000, 0x00000000c4900000, 0x00000000c4a00000|  0%| F|  |TAMS 0x00000000c4900000| PB 0x00000000c4900000| Untracked 
|  74|0x00000000c4a00000, 0x00000000c4a00000, 0x00000000c4b00000|  0%| F|  |TAMS 0x00000000c4a00000| PB 0x00000000c4a00000| Untracked 
|  75|0x00000000c4b00000, 0x00000000c4b00000, 0x00000000c4c00000|  0%| F|  |TAMS 0x00000000c4b00000| PB 0x00000000c4b00000| Untracked 
|  76|0x00000000c4c00000, 0x00000000c4c00000, 0x00000000c4d00000|  0%| F|  |TAMS 0x00000000c4c00000| PB 0x00000000c4c00000| Untracked 
|  77|0x00000000c4d00000, 0x00000000c4d00000, 0x00000000c4e00000|  0%| F|  |TAMS 0x00000000c4d00000| PB 0x00000000c4d00000| Untracked 
|  78|0x00000000c4e00000, 0x00000000c4e00000, 0x00000000c4f00000|  0%| F|  |TAMS 0x00000000c4e00000| PB 0x00000000c4e00000| Untracked 
|  79|0x00000000c4f00000, 0x00000000c4f00000, 0x00000000c5000000|  0%| F|  |TAMS 0x00000000c4f00000| PB 0x00000000c4f00000| Untracked 
|  80|0x00000000c5000000, 0x00000000c5000000, 0x00000000c5100000|  0%| F|  |TAMS 0x00000000c5000000| PB 0x00000000c5000000| Untracked 
|  81|0x00000000c5100000, 0x00000000c5100000, 0x00000000c5200000|  0%| F|  |TAMS 0x00000000c5100000| PB 0x00000000c5100000| Untracked 
|  82|0x00000000c5200000, 0x00000000c5200000, 0x00000000c5300000|  0%| F|  |TAMS 0x00000000c5200000| PB 0x00000000c5200000| Untracked 
|  83|0x00000000c5300000, 0x00000000c5300000, 0x00000000c5400000|  0%| F|  |TAMS 0x00000000c5300000| PB 0x00000000c5300000| Untracked 
|  84|0x00000000c5400000, 0x00000000c5400000, 0x00000000c5500000|  0%| F|  |TAMS 0x00000000c5400000| PB 0x00000000c5400000| Untracked 
|  85|0x00000000c5500000, 0x00000000c5500000, 0x00000000c5600000|  0%| F|  |TAMS 0x00000000c5500000| PB 0x00000000c5500000| Untracked 
|  86|0x00000000c5600000, 0x00000000c5600000, 0x00000000c5700000|  0%| F|  |TAMS 0x00000000c5600000| PB 0x00000000c5600000| Untracked 
|  87|0x00000000c5700000, 0x00000000c5700000, 0x00000000c5800000|  0%| F|  |TAMS 0x00000000c5700000| PB 0x00000000c5700000| Untracked 
|  88|0x00000000c5800000, 0x00000000c5800000, 0x00000000c5900000|  0%| F|  |TAMS 0x00000000c5800000| PB 0x00000000c5800000| Untracked 
|  89|0x00000000c5900000, 0x00000000c5900000, 0x00000000c5a00000|  0%| F|  |TAMS 0x00000000c5900000| PB 0x00000000c5900000| Untracked 
|  90|0x00000000c5a00000, 0x00000000c5a00000, 0x00000000c5b00000|  0%| F|  |TAMS 0x00000000c5a00000| PB 0x00000000c5a00000| Untracked 
|  91|0x00000000c5b00000, 0x00000000c5b00000, 0x00000000c5c00000|  0%| F|  |TAMS 0x00000000c5b00000| PB 0x00000000c5b00000| Untracked 
|  92|0x00000000c5c00000, 0x00000000c5c00000, 0x00000000c5d00000|  0%| F|  |TAMS 0x00000000c5c00000| PB 0x00000000c5c00000| Untracked 
|  93|0x00000000c5d00000, 0x00000000c5d00000, 0x00000000c5e00000|  0%| F|  |TAMS 0x00000000c5d00000| PB 0x00000000c5d00000| Untracked 
|  94|0x00000000c5e00000, 0x00000000c5e00000, 0x00000000c5f00000|  0%| F|  |TAMS 0x00000000c5e00000| PB 0x00000000c5e00000| Untracked 
|  95|0x00000000c5f00000, 0x00000000c5f00000, 0x00000000c6000000|  0%| F|  |TAMS 0x00000000c5f00000| PB 0x00000000c5f00000| Untracked 
|  96|0x00000000c6000000, 0x00000000c6000000, 0x00000000c6100000|  0%| F|  |TAMS 0x00000000c6000000| PB 0x00000000c6000000| Untracked 
|  97|0x00000000c6100000, 0x00000000c6100000, 0x00000000c6200000|  0%| F|  |TAMS 0x00000000c6100000| PB 0x00000000c6100000| Untracked 
|  98|0x00000000c6200000, 0x00000000c6200000, 0x00000000c6300000|  0%| F|  |TAMS 0x00000000c6200000| PB 0x00000000c6200000| Untracked 
|  99|0x00000000c6300000, 0x00000000c6300000, 0x00000000c6400000|  0%| F|  |TAMS 0x00000000c6300000| PB 0x00000000c6300000| Untracked 
| 100|0x00000000c6400000, 0x00000000c6400000, 0x00000000c6500000|  0%| F|  |TAMS 0x00000000c6400000| PB 0x00000000c6400000| Untracked 
| 101|0x00000000c6500000, 0x00000000c6500000, 0x00000000c6600000|  0%| F|  |TAMS 0x00000000c6500000| PB 0x00000000c6500000| Untracked 
| 102|0x00000000c6600000, 0x00000000c6600000, 0x00000000c6700000|  0%| F|  |TAMS 0x00000000c6600000| PB 0x00000000c6600000| Untracked 
| 103|0x00000000c6700000, 0x00000000c6700000, 0x00000000c6800000|  0%| F|  |TAMS 0x00000000c6700000| PB 0x00000000c6700000| Untracked 
| 104|0x00000000c6800000, 0x00000000c6800000, 0x00000000c6900000|  0%| F|  |TAMS 0x00000000c6800000| PB 0x00000000c6800000| Untracked 
| 105|0x00000000c6900000, 0x00000000c6900000, 0x00000000c6a00000|  0%| F|  |TAMS 0x00000000c6900000| PB 0x00000000c6900000| Untracked 
| 106|0x00000000c6a00000, 0x00000000c6a00000, 0x00000000c6b00000|  0%| F|  |TAMS 0x00000000c6a00000| PB 0x00000000c6a00000| Untracked 
| 107|0x00000000c6b00000, 0x00000000c6b00000, 0x00000000c6c00000|  0%| F|  |TAMS 0x00000000c6b00000| PB 0x00000000c6b00000| Untracked 
| 108|0x00000000c6c00000, 0x00000000c6c00000, 0x00000000c6d00000|  0%| F|  |TAMS 0x00000000c6c00000| PB 0x00000000c6c00000| Untracked 
| 109|0x00000000c6d00000, 0x00000000c6d00000, 0x00000000c6e00000|  0%| F|  |TAMS 0x00000000c6d00000| PB 0x00000000c6d00000| Untracked 
| 110|0x00000000c6e00000, 0x00000000c6e00000, 0x00000000c6f00000|  0%| F|  |TAMS 0x00000000c6e00000| PB 0x00000000c6e00000| Untracked 
| 111|0x00000000c6f00000, 0x00000000c6f00000, 0x00000000c7000000|  0%| F|  |TAMS 0x00000000c6f00000| PB 0x00000000c6f00000| Untracked 
| 112|0x00000000c7000000, 0x00000000c7000000, 0x00000000c7100000|  0%| F|  |TAMS 0x00000000c7000000| PB 0x00000000c7000000| Untracked 
| 113|0x00000000c7100000, 0x00000000c7100000, 0x00000000c7200000|  0%| F|  |TAMS 0x00000000c7100000| PB 0x00000000c7100000| Untracked 
| 114|0x00000000c7200000, 0x00000000c7200000, 0x00000000c7300000|  0%| F|  |TAMS 0x00000000c7200000| PB 0x00000000c7200000| Untracked 
| 115|0x00000000c7300000, 0x00000000c7300000, 0x00000000c7400000|  0%| F|  |TAMS 0x00000000c7300000| PB 0x00000000c7300000| Untracked 
| 116|0x00000000c7400000, 0x00000000c7400000, 0x00000000c7500000|  0%| F|  |TAMS 0x00000000c7400000| PB 0x00000000c7400000| Untracked 
| 117|0x00000000c7500000, 0x00000000c7500000, 0x00000000c7600000|  0%| F|  |TAMS 0x00000000c7500000| PB 0x00000000c7500000| Untracked 
| 118|0x00000000c7600000, 0x00000000c7600000, 0x00000000c7700000|  0%| F|  |TAMS 0x00000000c7600000| PB 0x00000000c7600000| Untracked 
| 119|0x00000000c7700000, 0x00000000c7700000, 0x00000000c7800000|  0%| F|  |TAMS 0x00000000c7700000| PB 0x00000000c7700000| Untracked 
| 120|0x00000000c7800000, 0x00000000c7800000, 0x00000000c7900000|  0%| F|  |TAMS 0x00000000c7800000| PB 0x00000000c7800000| Untracked 
| 121|0x00000000c7900000, 0x00000000c7900000, 0x00000000c7a00000|  0%| F|  |TAMS 0x00000000c7900000| PB 0x00000000c7900000| Untracked 
| 122|0x00000000c7a00000, 0x00000000c7a00000, 0x00000000c7b00000|  0%| F|  |TAMS 0x00000000c7a00000| PB 0x00000000c7a00000| Untracked 
| 123|0x00000000c7b00000, 0x00000000c7b00000, 0x00000000c7c00000|  0%| F|  |TAMS 0x00000000c7b00000| PB 0x00000000c7b00000| Untracked 
| 124|0x00000000c7c00000, 0x00000000c7c00000, 0x00000000c7d00000|  0%| F|  |TAMS 0x00000000c7c00000| PB 0x00000000c7c00000| Untracked 
| 125|0x00000000c7d00000, 0x00000000c7d00000, 0x00000000c7e00000|  0%| F|  |TAMS 0x00000000c7d00000| PB 0x00000000c7d00000| Untracked 
| 126|0x00000000c7e00000, 0x00000000c7e00000, 0x00000000c7f00000|  0%| F|  |TAMS 0x00000000c7e00000| PB 0x00000000c7e00000| Untracked 
| 127|0x00000000c7f00000, 0x00000000c7f00000, 0x00000000c8000000|  0%| F|  |TAMS 0x00000000c7f00000| PB 0x00000000c7f00000| Untracked 
| 128|0x00000000c8000000, 0x00000000c8000000, 0x00000000c8100000|  0%| F|  |TAMS 0x00000000c8000000| PB 0x00000000c8000000| Untracked 
| 129|0x00000000c8100000, 0x00000000c8100000, 0x00000000c8200000|  0%| F|  |TAMS 0x00000000c8100000| PB 0x00000000c8100000| Untracked 
| 130|0x00000000c8200000, 0x00000000c8200000, 0x00000000c8300000|  0%| F|  |TAMS 0x00000000c8200000| PB 0x00000000c8200000| Untracked 
| 131|0x00000000c8300000, 0x00000000c8300000, 0x00000000c8400000|  0%| F|  |TAMS 0x00000000c8300000| PB 0x00000000c8300000| Untracked 
| 132|0x00000000c8400000, 0x00000000c8400000, 0x00000000c8500000|  0%| F|  |TAMS 0x00000000c8400000| PB 0x00000000c8400000| Untracked 
| 133|0x00000000c8500000, 0x00000000c8500000, 0x00000000c8600000|  0%| F|  |TAMS 0x00000000c8500000| PB 0x00000000c8500000| Untracked 
| 134|0x00000000c8600000, 0x00000000c8600000, 0x00000000c8700000|  0%| F|  |TAMS 0x00000000c8600000| PB 0x00000000c8600000| Untracked 
| 135|0x00000000c8700000, 0x00000000c8700000, 0x00000000c8800000|  0%| F|  |TAMS 0x00000000c8700000| PB 0x00000000c8700000| Untracked 
| 136|0x00000000c8800000, 0x00000000c8800000, 0x00000000c8900000|  0%| F|  |TAMS 0x00000000c8800000| PB 0x00000000c8800000| Untracked 
| 137|0x00000000c8900000, 0x00000000c8900000, 0x00000000c8a00000|  0%| F|  |TAMS 0x00000000c8900000| PB 0x00000000c8900000| Untracked 
| 138|0x00000000c8a00000, 0x00000000c8a00000, 0x00000000c8b00000|  0%| F|  |TAMS 0x00000000c8a00000| PB 0x00000000c8a00000| Untracked 
| 139|0x00000000c8b00000, 0x00000000c8b00000, 0x00000000c8c00000|  0%| F|  |TAMS 0x00000000c8b00000| PB 0x00000000c8b00000| Untracked 
| 140|0x00000000c8c00000, 0x00000000c8c00000, 0x00000000c8d00000|  0%| F|  |TAMS 0x00000000c8c00000| PB 0x00000000c8c00000| Untracked 
| 141|0x00000000c8d00000, 0x00000000c8d00000, 0x00000000c8e00000|  0%| F|  |TAMS 0x00000000c8d00000| PB 0x00000000c8d00000| Untracked 
| 142|0x00000000c8e00000, 0x00000000c8e00000, 0x00000000c8f00000|  0%| F|  |TAMS 0x00000000c8e00000| PB 0x00000000c8e00000| Untracked 
| 143|0x00000000c8f00000, 0x00000000c8f00000, 0x00000000c9000000|  0%| F|  |TAMS 0x00000000c8f00000| PB 0x00000000c8f00000| Untracked 
| 144|0x00000000c9000000, 0x00000000c9000000, 0x00000000c9100000|  0%| F|  |TAMS 0x00000000c9000000| PB 0x00000000c9000000| Untracked 
| 145|0x00000000c9100000, 0x00000000c9100000, 0x00000000c9200000|  0%| F|  |TAMS 0x00000000c9100000| PB 0x00000000c9100000| Untracked 
| 146|0x00000000c9200000, 0x00000000c9200000, 0x00000000c9300000|  0%| F|  |TAMS 0x00000000c9200000| PB 0x00000000c9200000| Untracked 
| 147|0x00000000c9300000, 0x00000000c9300000, 0x00000000c9400000|  0%| F|  |TAMS 0x00000000c9300000| PB 0x00000000c9300000| Untracked 
| 148|0x00000000c9400000, 0x00000000c9400000, 0x00000000c9500000|  0%| F|  |TAMS 0x00000000c9400000| PB 0x00000000c9400000| Untracked 
| 149|0x00000000c9500000, 0x00000000c9500000, 0x00000000c9600000|  0%| F|  |TAMS 0x00000000c9500000| PB 0x00000000c9500000| Untracked 
| 150|0x00000000c9600000, 0x00000000c9600000, 0x00000000c9700000|  0%| F|  |TAMS 0x00000000c9600000| PB 0x00000000c9600000| Untracked 
| 151|0x00000000c9700000, 0x00000000c9700000, 0x00000000c9800000|  0%| F|  |TAMS 0x00000000c9700000| PB 0x00000000c9700000| Untracked 
| 152|0x00000000c9800000, 0x00000000c9800000, 0x00000000c9900000|  0%| F|  |TAMS 0x00000000c9800000| PB 0x00000000c9800000| Untracked 
| 153|0x00000000c9900000, 0x00000000c9900000, 0x00000000c9a00000|  0%| F|  |TAMS 0x00000000c9900000| PB 0x00000000c9900000| Untracked 
| 154|0x00000000c9a00000, 0x00000000c9a00000, 0x00000000c9b00000|  0%| F|  |TAMS 0x00000000c9a00000| PB 0x00000000c9a00000| Untracked 
| 155|0x00000000c9b00000, 0x00000000c9b00000, 0x00000000c9c00000|  0%| F|  |TAMS 0x00000000c9b00000| PB 0x00000000c9b00000| Untracked 
| 156|0x00000000c9c00000, 0x00000000c9c00000, 0x00000000c9d00000|  0%| F|  |TAMS 0x00000000c9c00000| PB 0x00000000c9c00000| Untracked 
| 157|0x00000000c9d00000, 0x00000000c9d00000, 0x00000000c9e00000|  0%| F|  |TAMS 0x00000000c9d00000| PB 0x00000000c9d00000| Untracked 
| 158|0x00000000c9e00000, 0x00000000c9e00000, 0x00000000c9f00000|  0%| F|  |TAMS 0x00000000c9e00000| PB 0x00000000c9e00000| Untracked 
| 159|0x00000000c9f00000, 0x00000000c9f00000, 0x00000000ca000000|  0%| F|  |TAMS 0x00000000c9f00000| PB 0x00000000c9f00000| Untracked 
| 160|0x00000000ca000000, 0x00000000ca000000, 0x00000000ca100000|  0%| F|  |TAMS 0x00000000ca000000| PB 0x00000000ca000000| Untracked 
| 161|0x00000000ca100000, 0x00000000ca100000, 0x00000000ca200000|  0%| F|  |TAMS 0x00000000ca100000| PB 0x00000000ca100000| Untracked 
| 162|0x00000000ca200000, 0x00000000ca200000, 0x00000000ca300000|  0%| F|  |TAMS 0x00000000ca200000| PB 0x00000000ca200000| Untracked 
| 163|0x00000000ca300000, 0x00000000ca300000, 0x00000000ca400000|  0%| F|  |TAMS 0x00000000ca300000| PB 0x00000000ca300000| Untracked 
| 164|0x00000000ca400000, 0x00000000ca400000, 0x00000000ca500000|  0%| F|  |TAMS 0x00000000ca400000| PB 0x00000000ca400000| Untracked 
| 165|0x00000000ca500000, 0x00000000ca500000, 0x00000000ca600000|  0%| F|  |TAMS 0x00000000ca500000| PB 0x00000000ca500000| Untracked 
| 166|0x00000000ca600000, 0x00000000ca600000, 0x00000000ca700000|  0%| F|  |TAMS 0x00000000ca600000| PB 0x00000000ca600000| Untracked 
| 167|0x00000000ca700000, 0x00000000ca700000, 0x00000000ca800000|  0%| F|  |TAMS 0x00000000ca700000| PB 0x00000000ca700000| Untracked 
| 168|0x00000000ca800000, 0x00000000ca800000, 0x00000000ca900000|  0%| F|  |TAMS 0x00000000ca800000| PB 0x00000000ca800000| Untracked 
| 169|0x00000000ca900000, 0x00000000ca900000, 0x00000000caa00000|  0%| F|  |TAMS 0x00000000ca900000| PB 0x00000000ca900000| Untracked 
| 170|0x00000000caa00000, 0x00000000caa00000, 0x00000000cab00000|  0%| F|  |TAMS 0x00000000caa00000| PB 0x00000000caa00000| Untracked 
| 171|0x00000000cab00000, 0x00000000cab00000, 0x00000000cac00000|  0%| F|  |TAMS 0x00000000cab00000| PB 0x00000000cab00000| Untracked 
| 172|0x00000000cac00000, 0x00000000cac00000, 0x00000000cad00000|  0%| F|  |TAMS 0x00000000cac00000| PB 0x00000000cac00000| Untracked 
| 173|0x00000000cad00000, 0x00000000cad00000, 0x00000000cae00000|  0%| F|  |TAMS 0x00000000cad00000| PB 0x00000000cad00000| Untracked 
| 174|0x00000000cae00000, 0x00000000cae00000, 0x00000000caf00000|  0%| F|  |TAMS 0x00000000cae00000| PB 0x00000000cae00000| Untracked 
| 175|0x00000000caf00000, 0x00000000caf00000, 0x00000000cb000000|  0%| F|  |TAMS 0x00000000caf00000| PB 0x00000000caf00000| Untracked 
| 176|0x00000000cb000000, 0x00000000cb000000, 0x00000000cb100000|  0%| F|  |TAMS 0x00000000cb000000| PB 0x00000000cb000000| Untracked 
| 177|0x00000000cb100000, 0x00000000cb100000, 0x00000000cb200000|  0%| F|  |TAMS 0x00000000cb100000| PB 0x00000000cb100000| Untracked 
| 178|0x00000000cb200000, 0x00000000cb200000, 0x00000000cb300000|  0%| F|  |TAMS 0x00000000cb200000| PB 0x00000000cb200000| Untracked 
| 179|0x00000000cb300000, 0x00000000cb300000, 0x00000000cb400000|  0%| F|  |TAMS 0x00000000cb300000| PB 0x00000000cb300000| Untracked 
| 180|0x00000000cb400000, 0x00000000cb400000, 0x00000000cb500000|  0%| F|  |TAMS 0x00000000cb400000| PB 0x00000000cb400000| Untracked 
| 181|0x00000000cb500000, 0x00000000cb500000, 0x00000000cb600000|  0%| F|  |TAMS 0x00000000cb500000| PB 0x00000000cb500000| Untracked 
| 182|0x00000000cb600000, 0x00000000cb600000, 0x00000000cb700000|  0%| F|  |TAMS 0x00000000cb600000| PB 0x00000000cb600000| Untracked 
| 183|0x00000000cb700000, 0x00000000cb700000, 0x00000000cb800000|  0%| F|  |TAMS 0x00000000cb700000| PB 0x00000000cb700000| Untracked 
| 184|0x00000000cb800000, 0x00000000cb880800, 0x00000000cb900000| 50%| E|  |TAMS 0x00000000cb800000| PB 0x00000000cb800000| Complete 
| 185|0x00000000cb900000, 0x00000000cba00000, 0x00000000cba00000|100%| E|CS|TAMS 0x00000000cb900000| PB 0x00000000cb900000| Complete 
| 186|0x00000000cba00000, 0x00000000cbb00000, 0x00000000cbb00000|100%| E|CS|TAMS 0x00000000cba00000| PB 0x00000000cba00000| Complete 
| 187|0x00000000cbb00000, 0x00000000cbc00000, 0x00000000cbc00000|100%| E|CS|TAMS 0x00000000cbb00000| PB 0x00000000cbb00000| Complete 
| 188|0x00000000cbc00000, 0x00000000cbd00000, 0x00000000cbd00000|100%| E|CS|TAMS 0x00000000cbc00000| PB 0x00000000cbc00000| Complete 
| 189|0x00000000cbd00000, 0x00000000cbe00000, 0x00000000cbe00000|100%| E|CS|TAMS 0x00000000cbd00000| PB 0x00000000cbd00000| Complete 
| 190|0x00000000cbe00000, 0x00000000cbf00000, 0x00000000cbf00000|100%| E|CS|TAMS 0x00000000cbe00000| PB 0x00000000cbe00000| Complete 
| 191|0x00000000cbf00000, 0x00000000cc000000, 0x00000000cc000000|100%| E|CS|TAMS 0x00000000cbf00000| PB 0x00000000cbf00000| Complete 
| 192|0x00000000cc000000, 0x00000000cc100000, 0x00000000cc100000|100%| E|CS|TAMS 0x00000000cc000000| PB 0x00000000cc000000| Complete 
| 193|0x00000000cc100000, 0x00000000cc200000, 0x00000000cc200000|100%| E|CS|TAMS 0x00000000cc100000| PB 0x00000000cc100000| Complete 
| 194|0x00000000cc200000, 0x00000000cc300000, 0x00000000cc300000|100%| E|CS|TAMS 0x00000000cc200000| PB 0x00000000cc200000| Complete 
| 195|0x00000000cc300000, 0x00000000cc400000, 0x00000000cc400000|100%| E|CS|TAMS 0x00000000cc300000| PB 0x00000000cc300000| Complete 
| 196|0x00000000cc400000, 0x00000000cc500000, 0x00000000cc500000|100%| E|CS|TAMS 0x00000000cc400000| PB 0x00000000cc400000| Complete 
| 197|0x00000000cc500000, 0x00000000cc600000, 0x00000000cc600000|100%| E|CS|TAMS 0x00000000cc500000| PB 0x00000000cc500000| Complete 
| 198|0x00000000cc600000, 0x00000000cc700000, 0x00000000cc700000|100%| E|CS|TAMS 0x00000000cc600000| PB 0x00000000cc600000| Complete 
| 199|0x00000000cc700000, 0x00000000cc800000, 0x00000000cc800000|100%| E|CS|TAMS 0x00000000cc700000| PB 0x00000000cc700000| Complete 
| 200|0x00000000cc800000, 0x00000000cc900000, 0x00000000cc900000|100%| E|CS|TAMS 0x00000000cc800000| PB 0x00000000cc800000| Complete 
| 201|0x00000000cc900000, 0x00000000cca00000, 0x00000000cca00000|100%| E|CS|TAMS 0x00000000cc900000| PB 0x00000000cc900000| Complete 
| 202|0x00000000cca00000, 0x00000000ccb00000, 0x00000000ccb00000|100%| E|CS|TAMS 0x00000000cca00000| PB 0x00000000cca00000| Complete 
| 203|0x00000000ccb00000, 0x00000000ccc00000, 0x00000000ccc00000|100%| E|CS|TAMS 0x00000000ccb00000| PB 0x00000000ccb00000| Complete 
| 204|0x00000000ccc00000, 0x00000000ccd00000, 0x00000000ccd00000|100%| E|CS|TAMS 0x00000000ccc00000| PB 0x00000000ccc00000| Complete 
| 205|0x00000000ccd00000, 0x00000000cce00000, 0x00000000cce00000|100%| E|CS|TAMS 0x00000000ccd00000| PB 0x00000000ccd00000| Complete 
| 206|0x00000000cce00000, 0x00000000ccf00000, 0x00000000ccf00000|100%| E|CS|TAMS 0x00000000cce00000| PB 0x00000000cce00000| Complete 
| 207|0x00000000ccf00000, 0x00000000cd000000, 0x00000000cd000000|100%| E|CS|TAMS 0x00000000ccf00000| PB 0x00000000ccf00000| Complete 
| 208|0x00000000cd000000, 0x00000000cd100000, 0x00000000cd100000|100%| E|CS|TAMS 0x00000000cd000000| PB 0x00000000cd000000| Complete 
| 209|0x00000000cd100000, 0x00000000cd200000, 0x00000000cd200000|100%| E|CS|TAMS 0x00000000cd100000| PB 0x00000000cd100000| Complete 
| 210|0x00000000cd200000, 0x00000000cd300000, 0x00000000cd300000|100%| E|CS|TAMS 0x00000000cd200000| PB 0x00000000cd200000| Complete 
| 211|0x00000000cd300000, 0x00000000cd400000, 0x00000000cd400000|100%| E|CS|TAMS 0x00000000cd300000| PB 0x00000000cd300000| Complete 
| 212|0x00000000cd400000, 0x00000000cd500000, 0x00000000cd500000|100%| E|CS|TAMS 0x00000000cd400000| PB 0x00000000cd400000| Complete 
| 213|0x00000000cd500000, 0x00000000cd600000, 0x00000000cd600000|100%| E|CS|TAMS 0x00000000cd500000| PB 0x00000000cd500000| Complete 
| 214|0x00000000cd600000, 0x00000000cd700000, 0x00000000cd700000|100%| E|CS|TAMS 0x00000000cd600000| PB 0x00000000cd600000| Complete 
| 215|0x00000000cd700000, 0x00000000cd800000, 0x00000000cd800000|100%| E|CS|TAMS 0x00000000cd700000| PB 0x00000000cd700000| Complete 
| 216|0x00000000cd800000, 0x00000000cd8e9100, 0x00000000cd900000| 91%| S|CS|TAMS 0x00000000cd800000| PB 0x00000000cd800000| Complete 
| 217|0x00000000cd900000, 0x00000000cda00000, 0x00000000cda00000|100%| S|CS|TAMS 0x00000000cd900000| PB 0x00000000cd900000| Complete 
| 218|0x00000000cda00000, 0x00000000cdb00000, 0x00000000cdb00000|100%| E|CS|TAMS 0x00000000cda00000| PB 0x00000000cda00000| Complete 
| 219|0x00000000cdb00000, 0x00000000cdc00000, 0x00000000cdc00000|100%| E|CS|TAMS 0x00000000cdb00000| PB 0x00000000cdb00000| Complete 
| 220|0x00000000cdc00000, 0x00000000cdd00000, 0x00000000cdd00000|100%| E|CS|TAMS 0x00000000cdc00000| PB 0x00000000cdc00000| Complete 
| 221|0x00000000cdd00000, 0x00000000cde00000, 0x00000000cde00000|100%| E|CS|TAMS 0x00000000cdd00000| PB 0x00000000cdd00000| Complete 
| 222|0x00000000cde00000, 0x00000000cdf00000, 0x00000000cdf00000|100%| E|CS|TAMS 0x00000000cde00000| PB 0x00000000cde00000| Complete 
| 223|0x00000000cdf00000, 0x00000000ce000000, 0x00000000ce000000|100%| E|CS|TAMS 0x00000000cdf00000| PB 0x00000000cdf00000| Complete 
| 224|0x00000000ce000000, 0x00000000ce100000, 0x00000000ce100000|100%| E|CS|TAMS 0x00000000ce000000| PB 0x00000000ce000000| Complete 
| 225|0x00000000ce100000, 0x00000000ce200000, 0x00000000ce200000|100%| E|CS|TAMS 0x00000000ce100000| PB 0x00000000ce100000| Complete 
| 226|0x00000000ce200000, 0x00000000ce300000, 0x00000000ce300000|100%| E|CS|TAMS 0x00000000ce200000| PB 0x00000000ce200000| Complete 
| 227|0x00000000ce300000, 0x00000000ce400000, 0x00000000ce400000|100%| E|CS|TAMS 0x00000000ce300000| PB 0x00000000ce300000| Complete 
| 228|0x00000000ce400000, 0x00000000ce500000, 0x00000000ce500000|100%| E|CS|TAMS 0x00000000ce400000| PB 0x00000000ce400000| Complete 
| 229|0x00000000ce500000, 0x00000000ce600000, 0x00000000ce600000|100%| E|CS|TAMS 0x00000000ce500000| PB 0x00000000ce500000| Complete 
| 230|0x00000000ce600000, 0x00000000ce700000, 0x00000000ce700000|100%| E|CS|TAMS 0x00000000ce600000| PB 0x00000000ce600000| Complete 
| 231|0x00000000ce700000, 0x00000000ce800000, 0x00000000ce800000|100%| E|CS|TAMS 0x00000000ce700000| PB 0x00000000ce700000| Complete 
| 232|0x00000000ce800000, 0x00000000ce900000, 0x00000000ce900000|100%| E|CS|TAMS 0x00000000ce800000| PB 0x00000000ce800000| Complete 
| 233|0x00000000ce900000, 0x00000000cea00000, 0x00000000cea00000|100%| E|CS|TAMS 0x00000000ce900000| PB 0x00000000ce900000| Complete 
| 234|0x00000000cea00000, 0x00000000ceb00000, 0x00000000ceb00000|100%| E|CS|TAMS 0x00000000cea00000| PB 0x00000000cea00000| Complete 
| 235|0x00000000ceb00000, 0x00000000cec00000, 0x00000000cec00000|100%| E|CS|TAMS 0x00000000ceb00000| PB 0x00000000ceb00000| Complete 
| 236|0x00000000cec00000, 0x00000000ced00000, 0x00000000ced00000|100%| E|CS|TAMS 0x00000000cec00000| PB 0x00000000cec00000| Complete 
| 237|0x00000000ced00000, 0x00000000cee00000, 0x00000000cee00000|100%| E|CS|TAMS 0x00000000ced00000| PB 0x00000000ced00000| Complete 
| 238|0x00000000cee00000, 0x00000000cef00000, 0x00000000cef00000|100%| E|CS|TAMS 0x00000000cee00000| PB 0x00000000cee00000| Complete 
| 239|0x00000000cef00000, 0x00000000cf000000, 0x00000000cf000000|100%| E|CS|TAMS 0x00000000cef00000| PB 0x00000000cef00000| Complete 
| 240|0x00000000cf000000, 0x00000000cf100000, 0x00000000cf100000|100%| E|CS|TAMS 0x00000000cf000000| PB 0x00000000cf000000| Complete 
| 241|0x00000000cf100000, 0x00000000cf200000, 0x00000000cf200000|100%| E|CS|TAMS 0x00000000cf100000| PB 0x00000000cf100000| Complete 
| 242|0x00000000cf200000, 0x00000000cf300000, 0x00000000cf300000|100%| E|CS|TAMS 0x00000000cf200000| PB 0x00000000cf200000| Complete 
| 243|0x00000000cf300000, 0x00000000cf400000, 0x00000000cf400000|100%| E|CS|TAMS 0x00000000cf300000| PB 0x00000000cf300000| Complete 
| 244|0x00000000cf400000, 0x00000000cf500000, 0x00000000cf500000|100%| E|CS|TAMS 0x00000000cf400000| PB 0x00000000cf400000| Complete 
| 245|0x00000000cf500000, 0x00000000cf600000, 0x00000000cf600000|100%| E|CS|TAMS 0x00000000cf500000| PB 0x00000000cf500000| Complete 
| 246|0x00000000cf600000, 0x00000000cf700000, 0x00000000cf700000|100%| E|CS|TAMS 0x00000000cf600000| PB 0x00000000cf600000| Complete 
| 247|0x00000000cf700000, 0x00000000cf800000, 0x00000000cf800000|100%| E|CS|TAMS 0x00000000cf700000| PB 0x00000000cf700000| Complete 
| 248|0x00000000cf800000, 0x00000000cf900000, 0x00000000cf900000|100%| E|CS|TAMS 0x00000000cf800000| PB 0x00000000cf800000| Complete 
| 249|0x00000000cf900000, 0x00000000cfa00000, 0x00000000cfa00000|100%| E|CS|TAMS 0x00000000cf900000| PB 0x00000000cf900000| Complete 
| 250|0x00000000cfa00000, 0x00000000cfb00000, 0x00000000cfb00000|100%| E|CS|TAMS 0x00000000cfa00000| PB 0x00000000cfa00000| Complete 
| 251|0x00000000cfb00000, 0x00000000cfc00000, 0x00000000cfc00000|100%| E|CS|TAMS 0x00000000cfb00000| PB 0x00000000cfb00000| Complete 

Card table byte_map: [0x000001b71d070000,0x000001b71d270000] _byte_map_base: 0x000001b71ca70000

Marking Bits: (CMBitMap*) 0x000001b7057191e0
 Bits: [0x000001b71d270000, 0x000001b71e270000)

Polling page: 0x000001b703610000

Metaspace:

Usage:
  Non-class:     13.55 MB used.
      Class:      1.80 MB used.
       Both:     15.35 MB used.

Virtual space:
  Non-class space:       64.00 MB reserved,      13.69 MB ( 21%) committed,  1 nodes.
      Class space:        1.00 GB reserved,       1.88 MB ( <1%) committed,  1 nodes.
             Both:        1.06 GB reserved,      15.56 MB (  1%) committed. 

Chunk freelists:
   Non-Class:  1.86 MB
       Class:  13.94 MB
        Both:  15.80 MB

MaxMetaspaceSize: unlimited
CompressedClassSpaceSize: 1.00 GB
Initial GC threshold: 21.00 MB
Current GC threshold: 21.00 MB
CDS: on
 - commit_granule_bytes: 65536.
 - commit_granule_words: 8192.
 - virtual_space_node_default_size: 8388608.
 - enlarge_chunks_in_place: 1.
 - use_allocation_guard: 0.


Internal statistics:

num_allocs_failed_limit: 0.
num_arena_births: 136.
num_arena_deaths: 0.
num_vsnodes_births: 2.
num_vsnodes_deaths: 0.
num_space_committed: 249.
num_space_uncommitted: 0.
num_chunks_returned_to_freelist: 0.
num_chunks_taken_from_freelist: 666.
num_chunk_merges: 0.
num_chunk_splits: 461.
num_chunks_enlarged: 376.
num_inconsistent_stats: 0.

CodeHeap 'non-profiled nmethods': size=120000Kb used=1880Kb max_used=1880Kb free=118119Kb
 bounds [0x000001b715610000, 0x000001b715880000, 0x000001b71cb40000]
CodeHeap 'profiled nmethods': size=120000Kb used=7770Kb max_used=7770Kb free=112229Kb
 bounds [0x000001b70db40000, 0x000001b70e2e0000, 0x000001b715070000]
CodeHeap 'non-nmethods': size=5760Kb used=1531Kb max_used=1576Kb free=4228Kb
 bounds [0x000001b715070000, 0x000001b7152e0000, 0x000001b715610000]
 total_blobs=4372 nmethods=3885 adapters=391
 compilation: enabled
              stopped_count=0, restarted_count=0
 full_count=0

Compilation events (20 events):
Event: 1.904 Thread 0x000001b76203e220 3873       1       org.apache.maven.model.Organization::getUrl (5 bytes)
Event: 1.904 Thread 0x000001b76203e220 nmethod 3873 0x000001b7157e2190 code [0x000001b7157e2320, 0x000001b7157e23e8]
Event: 1.904 Thread 0x000001b7626309b0 nmethod 3872 0x000001b7157e2490 code [0x000001b7157e2620, 0x000001b7157e2948]
Event: 1.904 Thread 0x000001b76203e220 3870       3       java.lang.invoke.Invokers$Holder::linkToTargetMethod (13 bytes)
Event: 1.904 Thread 0x000001b76203e220 nmethod 3870 0x000001b70e2d5210 code [0x000001b70e2d53e0, 0x000001b70e2d5810]
Event: 1.904 Thread 0x000001b76203e220 3874       1       org.apache.maven.model.Model::setDevelopers (6 bytes)
Event: 1.905 Thread 0x000001b76203e220 nmethod 3874 0x000001b7157e2a90 code [0x000001b7157e2c20, 0x000001b7157e2d38]
Event: 1.905 Thread 0x000001b76203e220 3875       1       org.apache.maven.model.PluginConfiguration::setPluginManagement (6 bytes)
Event: 1.905 Thread 0x000001b76203e220 nmethod 3875 0x000001b7157e2d90 code [0x000001b7157e2f20, 0x000001b7157e3030]
Event: 1.905 Thread 0x000001b76203e220 3877       1       org.eclipse.aether.resolution.ArtifactDescriptorRequest::getArtifact (5 bytes)
Event: 1.905 Thread 0x000001b76203e220 nmethod 3877 0x000001b7157e3090 code [0x000001b7157e3220, 0x000001b7157e32e8]
Event: 1.905 Thread 0x000001b76203e220 3876       1       org.eclipse.aether.repository.RepositoryPolicy::isEnabled (5 bytes)
Event: 1.905 Thread 0x000001b76203e220 nmethod 3876 0x000001b7157e3390 code [0x000001b7157e3520, 0x000001b7157e35f0]
Event: 1.905 Thread 0x000001b76203e220 3878       3       org.eclipse.aether.util.ConfigUtils::getString (12 bytes)
Event: 1.905 Thread 0x000001b76203e220 nmethod 3878 0x000001b70e2d5910 code [0x000001b70e2d5ac0, 0x000001b70e2d5c40]
Event: 1.905 Thread 0x000001b76203e220 3879       3       org.eclipse.aether.util.ConfigUtils::getString (54 bytes)
Event: 1.905 Thread 0x000001b76203e220 nmethod 3879 0x000001b70e2d5d90 code [0x000001b70e2d5f60, 0x000001b70e2d6450]
Event: 1.905 Thread 0x000001b76203e220 3880       3       java.lang.ThreadLocal::<init> (12 bytes)
Event: 1.905 Thread 0x000001b76203e220 nmethod 3880 0x000001b70e2d6610 code [0x000001b70e2d67c0, 0x000001b70e2d69e8]
Event: 1.906 Thread 0x000001b76203e220 3881       3       org.codehaus.plexus.util.xml.pull.MXParser::requireInput (105 bytes)

GC Heap History (4 events):
Event: 0.432 GC heap before
{Heap before GC invocations=0 (full 0):
 garbage-first heap   total 258048K, used 22528K [0x00000000c0000000, 0x0000000100000000)
  region size 1024K, 23 young (23552K), 0 survivors (0K)
 Metaspace       used 5647K, committed 5824K, reserved 1114112K
  class space    used 659K, committed 768K, reserved 1048576K
}
Event: 0.436 GC heap after
{Heap after GC invocations=1 (full 0):
 garbage-first heap   total 258048K, used 3931K [0x00000000c0000000, 0x0000000100000000)
  region size 1024K, 3 young (3072K), 3 survivors (3072K)
 Metaspace       used 5647K, committed 5824K, reserved 1114112K
  class space    used 659K, committed 768K, reserved 1048576K
}
Event: 0.903 GC heap before
{Heap before GC invocations=1 (full 0):
 garbage-first heap   total 258048K, used 35675K [0x00000000c0000000, 0x0000000100000000)
  region size 1024K, 34 young (34816K), 3 survivors (3072K)
 Metaspace       used 10105K, committed 10240K, reserved 1114112K
  class space    used 1206K, committed 1280K, reserved 1048576K
}
Event: 0.907 GC heap after
{Heap after GC invocations=2 (full 0):
 garbage-first heap   total 258048K, used 5772K [0x00000000c0000000, 0x0000000100000000)
  region size 1024K, 2 young (2048K), 2 survivors (2048K)
 Metaspace       used 10105K, committed 10240K, reserved 1114112K
  class space    used 1206K, committed 1280K, reserved 1048576K
}

Dll operation events (8 events):
Event: 0.005 Loaded shared library D:\Scoop\apps\openjdk21\current\bin\java.dll
Event: 0.036 Loaded shared library D:\Scoop\apps\openjdk21\current\bin\jsvml.dll
Event: 0.048 Loaded shared library D:\Scoop\apps\openjdk21\current\bin\net.dll
Event: 0.049 Loaded shared library D:\Scoop\apps\openjdk21\current\bin\nio.dll
Event: 0.052 Loaded shared library D:\Scoop\apps\openjdk21\current\bin\zip.dll
Event: 0.129 Loaded shared library D:\Scoop\apps\openjdk21\current\bin\jimage.dll
Event: 0.130 Loaded shared library D:\Scoop\apps\maven\current\lib\jansi-native\Windows\x86_64\jansi.dll
Event: 0.139 Loaded shared library D:\Scoop\apps\openjdk21\current\bin\verify.dll

Deoptimization events (20 events):
Event: 1.900 Thread 0x000001b703402100 Uncommon trap: trap_request=0xffffffde fr.pc=0x000001b715656ed8 relative=0x0000000000000e58
Event: 1.900 Thread 0x000001b703402100 Uncommon trap: reason=class_check action=maybe_recompile pc=0x000001b715656ed8 method=java.util.concurrent.ConcurrentHashMap.putVal(Ljava/lang/Object;Ljava/lang/Object;Z)Ljava/lang/Object; @ 242 c2
Event: 1.900 Thread 0x000001b703402100 DEOPT PACKING pc=0x000001b715656ed8 sp=0x0000006817efd180
Event: 1.900 Thread 0x000001b703402100 DEOPT UNPACKING pc=0x000001b7150c7da2 sp=0x0000006817efd0f0 mode 2
Event: 1.901 Thread 0x000001b703402100 Uncommon trap: trap_request=0xffffffbe fr.pc=0x000001b7157e1cb0 relative=0x0000000000000350
Event: 1.901 Thread 0x000001b703402100 Uncommon trap: reason=profile_predicate action=maybe_recompile pc=0x000001b7157e1cb0 method=java.util.regex.Pattern$Slice.match(Ljava/util/regex/Matcher;ILjava/lang/CharSequence;)Z @ 18 c2
Event: 1.901 Thread 0x000001b703402100 DEOPT PACKING pc=0x000001b7157e1cb0 sp=0x0000006817efcc00
Event: 1.901 Thread 0x000001b703402100 DEOPT UNPACKING pc=0x000001b7150c7da2 sp=0x0000006817efcb90 mode 2
Event: 1.901 Thread 0x000001b703402100 Uncommon trap: trap_request=0xffffffbe fr.pc=0x000001b7157e1cb0 relative=0x0000000000000350
Event: 1.901 Thread 0x000001b703402100 Uncommon trap: reason=profile_predicate action=maybe_recompile pc=0x000001b7157e1cb0 method=java.util.regex.Pattern$Slice.match(Ljava/util/regex/Matcher;ILjava/lang/CharSequence;)Z @ 18 c2
Event: 1.901 Thread 0x000001b703402100 DEOPT PACKING pc=0x000001b7157e1cb0 sp=0x0000006817efcc00
Event: 1.901 Thread 0x000001b703402100 DEOPT UNPACKING pc=0x000001b7150c7da2 sp=0x0000006817efcb90 mode 2
Event: 1.901 Thread 0x000001b703402100 Uncommon trap: trap_request=0xffffffbe fr.pc=0x000001b7157e1cb0 relative=0x0000000000000350
Event: 1.901 Thread 0x000001b703402100 Uncommon trap: reason=profile_predicate action=maybe_recompile pc=0x000001b7157e1cb0 method=java.util.regex.Pattern$Slice.match(Ljava/util/regex/Matcher;ILjava/lang/CharSequence;)Z @ 18 c2
Event: 1.901 Thread 0x000001b703402100 DEOPT PACKING pc=0x000001b7157e1cb0 sp=0x0000006817efcc00
Event: 1.901 Thread 0x000001b703402100 DEOPT UNPACKING pc=0x000001b7150c7da2 sp=0x0000006817efcb90 mode 2
Event: 1.901 Thread 0x000001b703402100 Uncommon trap: trap_request=0xffffffbe fr.pc=0x000001b7157e1cb0 relative=0x0000000000000350
Event: 1.901 Thread 0x000001b703402100 Uncommon trap: reason=profile_predicate action=maybe_recompile pc=0x000001b7157e1cb0 method=java.util.regex.Pattern$Slice.match(Ljava/util/regex/Matcher;ILjava/lang/CharSequence;)Z @ 18 c2
Event: 1.901 Thread 0x000001b703402100 DEOPT PACKING pc=0x000001b7157e1cb0 sp=0x0000006817efcc00
Event: 1.901 Thread 0x000001b703402100 DEOPT UNPACKING pc=0x000001b7150c7da2 sp=0x0000006817efcb90 mode 2

Classes loaded (20 events):
Event: 1.343 Loading class java/util/StringTokenizer
Event: 1.344 Loading class java/util/StringTokenizer done
Event: 1.353 Loading class sun/invoke/util/ValueConversions$1
Event: 1.353 Loading class sun/invoke/util/ValueConversions$1 done
Event: 1.353 Loading class java/lang/invoke/BoundMethodHandle$Species_LI
Event: 1.353 Loading class java/lang/invoke/BoundMethodHandle$Species_LI done
Event: 1.385 Loading class java/util/stream/Streams$RangeIntSpliterator
Event: 1.386 Loading class java/util/stream/Streams$RangeIntSpliterator done
Event: 1.638 Loading class java/util/stream/MatchOps$MatchKind
Event: 1.639 Loading class java/util/stream/MatchOps$MatchKind done
Event: 1.639 Loading class java/util/stream/MatchOps
Event: 1.639 Loading class java/util/stream/MatchOps done
Event: 1.639 Loading class java/util/stream/MatchOps$MatchOp
Event: 1.639 Loading class java/util/stream/MatchOps$MatchOp done
Event: 1.639 Loading class java/util/stream/MatchOps$BooleanTerminalSink
Event: 1.639 Loading class java/util/stream/MatchOps$BooleanTerminalSink done
Event: 1.640 Loading class java/util/stream/MatchOps$1MatchSink
Event: 1.640 Loading class java/util/stream/MatchOps$1MatchSink done
Event: 1.900 Loading class java/util/Collections$UnmodifiableList$1
Event: 1.900 Loading class java/util/Collections$UnmodifiableList$1 done

Classes unloaded (0 events):
No events

Classes redefined (0 events):
No events

Internal exceptions (20 events):
Event: 0.372 Thread 0x000001b703402100 Exception <a 'java/lang/NoSuchMethodError'{0x00000000cea75e70}: 'java.lang.Object java.lang.invoke.DirectMethodHandle$Holder.newInvokeSpecial(java.lang.Object, java.lang.Object, java.lang.Object, java.lang.Object, java.lang.Object)'> (0x00000000cea75e70) 
thrown [s\open\src\hotspot\share\interpreter\linkResolver.cpp, line 773]
Event: 0.389 Thread 0x000001b703402100 Exception <a 'java/lang/NoSuchMethodError'{0x00000000ce991aa8}: 'int java.lang.invoke.DirectMethodHandle$Holder.invokeStaticInit(java.lang.Object, java.lang.Object)'> (0x00000000ce991aa8) 
thrown [s\open\src\hotspot\share\interpreter\linkResolver.cpp, line 773]
Event: 0.393 Thread 0x000001b703402100 Exception <a 'java/lang/NoClassDefFoundError'{0x00000000ce9c9000}: javax/enterprise/inject/Typed> (0x00000000ce9c9000) 
thrown [s\open\src\hotspot\share\classfile\systemDictionary.cpp, line 301]
Event: 0.948 Thread 0x000001b703402100 Exception <a 'java/lang/NoSuchMethodError'{0x00000000cf8024a8}: 'void java.lang.invoke.DirectMethodHandle$Holder.invokeStaticInit(java.lang.Object, java.lang.Object, java.lang.Object)'> (0x00000000cf8024a8) 
thrown [s\open\src\hotspot\share\interpreter\linkResolver.cpp, line 773]
Event: 0.956 Thread 0x000001b703402100 Implicit null exception at 0x000001b7156a395a to 0x000001b7156a3b34
Event: 0.958 Thread 0x000001b703402100 Exception <a 'java/lang/NoSuchMethodError'{0x00000000cf8714a8}: 'java.lang.Object java.lang.invoke.Invokers$Holder.invokeExact_MT(java.lang.Object, int, java.lang.Object)'> (0x00000000cf8714a8) 
thrown [s\open\src\hotspot\share\interpreter\linkResolver.cpp, line 773]
Event: 1.099 Thread 0x000001b703402100 Exception <a 'java/lang/NoSuchMethodError'{0x00000000cf087aa0}: 'void java.lang.invoke.Invokers$Holder.invokeExact_MT(java.lang.Object, java.lang.Object, java.lang.Object, java.lang.Object)'> (0x00000000cf087aa0) 
thrown [s\open\src\hotspot\share\interpreter\linkResolver.cpp, line 773]
Event: 1.111 Thread 0x000001b703402100 Exception <a 'java/lang/NoClassDefFoundError'{0x00000000cef150b0}: com/google/inject/servlet/ServletModuleTargetVisitor> (0x00000000cef150b0) 
thrown [s\open\src\hotspot\share\classfile\systemDictionary.cpp, line 301]
Event: 1.191 Thread 0x000001b703402100 Exception <a 'java/lang/NoSuchMethodError'{0x00000000ced786c0}: 'java.lang.Object java.lang.invoke.DirectMethodHandle$Holder.invokeStaticInit(java.lang.Object, int, int, int, int)'> (0x00000000ced786c0) 
thrown [s\open\src\hotspot\share\interpreter\linkResolver.cpp, line 773]
Event: 1.220 Thread 0x000001b703402100 Exception <a 'java/lang/NoSuchMethodError'{0x00000000cecb1598}: 'void java.lang.invoke.DirectMethodHandle$Holder.invokeSpecial(java.lang.Object, java.lang.Object, java.lang.Object, java.lang.Object, java.lang.Object)'> (0x00000000cecb1598) 
thrown [s\open\src\hotspot\share\interpreter\linkResolver.cpp, line 773]
Event: 1.264 Thread 0x000001b703402100 Implicit null exception at 0x000001b71565b9a4 to 0x000001b71565c074
Event: 1.293 Thread 0x000001b703402100 Exception <a 'java/lang/NoSuchMethodError'{0x00000000ce8594e8}: 'void java.lang.invoke.DirectMethodHandle$Holder.invokeSpecial(java.lang.Object, java.lang.Object, java.lang.Object, java.lang.Object, java.lang.Object, java.lang.Object)'> (0x00000000ce8594e8) 
thrown [s\open\src\hotspot\share\interpreter\linkResolver.cpp, line 773]
Event: 1.304 Thread 0x000001b703402100 Exception <a 'java/lang/NoSuchMethodError'{0x00000000ce7692d8}: 'java.lang.Object java.lang.invoke.DirectMethodHandle$Holder.invokeVirtual(java.lang.Object, java.lang.Object, java.lang.Object)'> (0x00000000ce7692d8) 
thrown [s\open\src\hotspot\share\interpreter\linkResolver.cpp, line 773]
Event: 1.352 Thread 0x000001b703402100 Exception <a 'java/lang/NoSuchMethodError'{0x00000000ce54c7c0}: 'void java.lang.invoke.DirectMethodHandle$Holder.invokeVirtual(java.lang.Object, java.lang.Object, int)'> (0x00000000ce54c7c0) 
thrown [s\open\src\hotspot\share\interpreter\linkResolver.cpp, line 773]
Event: 1.353 Thread 0x000001b703402100 Exception <a 'java/lang/NoSuchMethodError'{0x00000000ce550908}: 'int java.lang.invoke.DirectMethodHandle$Holder.invokeSpecial(java.lang.Object, java.lang.Object, java.lang.Object, int)'> (0x00000000ce550908) 
thrown [s\open\src\hotspot\share\interpreter\linkResolver.cpp, line 773]
Event: 1.355 Thread 0x000001b703402100 Exception <a 'java/lang/NoSuchMethodError'{0x00000000ce562fb0}: 'java.lang.Object java.lang.invoke.DirectMethodHandle$Holder.invokeStatic(java.lang.Object, java.lang.Object, java.lang.Object, java.lang.Object, int)'> (0x00000000ce562fb0) 
thrown [s\open\src\hotspot\share\interpreter\linkResolver.cpp, line 773]
Event: 1.356 Thread 0x000001b703402100 Exception <a 'java/lang/NoSuchMethodError'{0x00000000ce56ad90}: 'void java.lang.invoke.DirectMethodHandle$Holder.invokeSpecial(java.lang.Object, java.lang.Object, java.lang.Object, int)'> (0x00000000ce56ad90) 
thrown [s\open\src\hotspot\share\interpreter\linkResolver.cpp, line 773]
Event: 1.356 Thread 0x000001b703402100 Exception <a 'java/lang/NoSuchMethodError'{0x00000000ce56e450}: 'void java.lang.invoke.DelegatingMethodHandle$Holder.reinvoke_L(java.lang.Object, java.lang.Object, int)'> (0x00000000ce56e450) 
thrown [s\open\src\hotspot\share\interpreter\linkResolver.cpp, line 773]
Event: 1.704 Thread 0x000001b703402100 Exception <a 'java/lang/NoSuchMethodError'{0x00000000cca34978}: 'void java.lang.invoke.DirectMethodHandle$Holder.invokeStatic(java.lang.Object, java.lang.Object, java.lang.Object, java.lang.Object)'> (0x00000000cca34978) 
thrown [s\open\src\hotspot\share\interpreter\linkResolver.cpp, line 773]
Event: 1.706 Thread 0x000001b703402100 Exception <a 'java/lang/NoSuchMethodError'{0x00000000cca4d070}: 'int java.lang.invoke.DirectMethodHandle$Holder.invokeSpecialIFC(java.lang.Object, java.lang.Object, java.lang.Object, java.lang.Object)'> (0x00000000cca4d070) 
thrown [s\open\src\hotspot\share\interpreter\linkResolver.cpp, line 773]

ZGC Phase Switch (0 events):
No events

VM Operations (20 events):
Event: 0.986 Executing VM operation: HandshakeAllThreads (Deoptimize)
Event: 0.986 Executing VM operation: HandshakeAllThreads (Deoptimize) done
Event: 1.025 Executing VM operation: HandshakeAllThreads (Deoptimize)
Event: 1.025 Executing VM operation: HandshakeAllThreads (Deoptimize) done
Event: 1.095 Executing VM operation: HandshakeAllThreads (Deoptimize)
Event: 1.095 Executing VM operation: HandshakeAllThreads (Deoptimize) done
Event: 1.114 Executing VM operation: ICBufferFull
Event: 1.115 Executing VM operation: ICBufferFull done
Event: 1.154 Executing VM operation: HandshakeAllThreads (Deoptimize)
Event: 1.154 Executing VM operation: HandshakeAllThreads (Deoptimize) done
Event: 1.170 Executing VM operation: HandshakeAllThreads (Deoptimize)
Event: 1.170 Executing VM operation: HandshakeAllThreads (Deoptimize) done
Event: 1.202 Executing VM operation: HandshakeAllThreads (Deoptimize)
Event: 1.202 Executing VM operation: HandshakeAllThreads (Deoptimize) done
Event: 1.367 Executing VM operation: ICBufferFull
Event: 1.367 Executing VM operation: ICBufferFull done
Event: 1.625 Executing VM operation: ICBufferFull
Event: 1.626 Executing VM operation: ICBufferFull done
Event: 1.879 Executing VM operation: ICBufferFull
Event: 1.879 Executing VM operation: ICBufferFull done

Events (16 events):
Event: 0.019 Thread 0x000001b703402100 Thread added: 0x000001b703402100
Event: 0.034 Thread 0x000001b762026160 Thread added: 0x000001b762026160
Event: 0.034 Thread 0x000001b762026f80 Thread added: 0x000001b762026f80
Event: 0.034 Thread 0x000001b762028e90 Thread added: 0x000001b762028e90
Event: 0.034 Thread 0x000001b76202b9f0 Thread added: 0x000001b76202b9f0
Event: 0.034 Thread 0x000001b76202c540 Thread added: 0x000001b76202c540
Event: 0.034 Thread 0x000001b76202dbf0 Thread added: 0x000001b76202dbf0
Event: 0.034 Thread 0x000001b76202e590 Thread added: 0x000001b76202e590
Event: 0.034 Thread 0x000001b76203e220 Thread added: 0x000001b76203e220
Event: 0.044 Thread 0x000001b7621f4970 Thread added: 0x000001b7621f4970
Event: 0.045 Thread 0x000001b7621f79d0 Thread added: 0x000001b7621f79d0
Event: 0.128 Thread 0x000001b7623fda50 Thread added: 0x000001b7623fda50
Event: 0.134 Thread 0x000001b7623fda50 Thread exited: 0x000001b7623fda50
Event: 0.254 Thread 0x000001b762631750 Thread added: 0x000001b762631750
Event: 0.407 Thread 0x000001b7626309b0 Thread added: 0x000001b7626309b0
Event: 1.217 Thread 0x000001b767a356e0 Thread added: 0x000001b767a356e0


Dynamic libraries:
0x00007ff73ad00000 - 0x00007ff73ad0e000 	D:\Scoop\apps\openjdk21\current\bin\java.exe
0x00007ff928cd0000 - 0x00007ff928ec8000 	C:\Windows\SYSTEM32\ntdll.dll
0x00007ff927ac0000 - 0x00007ff927b82000 	C:\Windows\System32\KERNEL32.DLL
0x00007ff926570000 - 0x00007ff92686e000 	C:\Windows\System32\KERNELBASE.dll
0x00007ff926470000 - 0x00007ff926570000 	C:\Windows\System32\ucrtbase.dll
0x00007ff919ac0000 - 0x00007ff919ad8000 	D:\Scoop\apps\openjdk21\current\bin\jli.dll
0x00007ff91ad80000 - 0x00007ff91ad9b000 	D:\Scoop\apps\openjdk21\current\bin\VCRUNTIME140.dll
0x00007ff926f00000 - 0x00007ff92709d000 	C:\Windows\System32\USER32.dll
0x00007ff926bc0000 - 0x00007ff926be2000 	C:\Windows\System32\win32u.dll
0x00007ff927dc0000 - 0x00007ff927deb000 	C:\Windows\System32\GDI32.dll
0x00007ff908e20000 - 0x00007ff9090ba000 	C:\Windows\WinSxS\amd64_microsoft.windows.common-controls_6595b64144ccf1df_6.0.19041.4355_none_60b8b9eb71f62e16\COMCTL32.dll
0x00007ff928060000 - 0x00007ff9280fe000 	C:\Windows\System32\msvcrt.dll
0x00007ff926940000 - 0x00007ff926a57000 	C:\Windows\System32\gdi32full.dll
0x00007ff9268a0000 - 0x00007ff92693d000 	C:\Windows\System32\msvcp_win.dll
0x00007ff928840000 - 0x00007ff92886f000 	C:\Windows\System32\IMM32.DLL
0x00007ff91af50000 - 0x00007ff91af5c000 	D:\Scoop\apps\openjdk21\current\bin\vcruntime140_1.dll
0x00007ff8f0580000 - 0x00007ff8f060e000 	D:\Scoop\apps\openjdk21\current\bin\msvcp140.dll
0x00007ff8bf1d0000 - 0x00007ff8bfee7000 	D:\Scoop\apps\openjdk21\current\bin\server\jvm.dll
0x00007ff928bd0000 - 0x00007ff928c81000 	C:\Windows\System32\ADVAPI32.dll
0x00007ff927f10000 - 0x00007ff927faf000 	C:\Windows\System32\sechost.dll
0x00007ff928630000 - 0x00007ff928753000 	C:\Windows\System32\RPCRT4.dll
0x00007ff926870000 - 0x00007ff926897000 	C:\Windows\System32\bcrypt.dll
0x00007ff9287d0000 - 0x00007ff92883b000 	C:\Windows\System32\WS2_32.dll
0x00007ff925870000 - 0x00007ff9258bb000 	C:\Windows\SYSTEM32\POWRPROF.dll
0x00007ff916710000 - 0x00007ff916737000 	C:\Windows\SYSTEM32\WINMM.dll
0x00007ff91b4f0000 - 0x00007ff91b4fa000 	C:\Windows\SYSTEM32\VERSION.dll
0x00007ff925730000 - 0x00007ff925742000 	C:\Windows\SYSTEM32\UMPDC.dll
0x00007ff924b50000 - 0x00007ff924b62000 	C:\Windows\SYSTEM32\kernel.appcore.dll
0x00007ff91acd0000 - 0x00007ff91acda000 	D:\Scoop\apps\openjdk21\current\bin\jimage.dll
0x00007ff923f30000 - 0x00007ff924114000 	C:\Windows\SYSTEM32\DBGHELP.DLL
0x00007ff900a00000 - 0x00007ff900a34000 	C:\Windows\SYSTEM32\dbgcore.DLL
0x00007ff9263e0000 - 0x00007ff926462000 	C:\Windows\System32\bcryptPrimitives.dll
0x00007ff919a30000 - 0x00007ff919a4f000 	D:\Scoop\apps\openjdk21\current\bin\java.dll
0x00007ff927270000 - 0x00007ff9279dd000 	C:\Windows\System32\SHELL32.dll
0x00007ff924390000 - 0x00007ff924b34000 	C:\Windows\SYSTEM32\windows.storage.dll
0x00007ff928870000 - 0x00007ff928bc3000 	C:\Windows\System32\combase.dll
0x00007ff925d60000 - 0x00007ff925d8e000 	C:\Windows\SYSTEM32\Wldp.dll
0x00007ff9270a0000 - 0x00007ff92716d000 	C:\Windows\System32\OLEAUT32.dll
0x00007ff928110000 - 0x00007ff9281bd000 	C:\Windows\System32\SHCORE.dll
0x00007ff927a40000 - 0x00007ff927a95000 	C:\Windows\System32\shlwapi.dll
0x00007ff926260000 - 0x00007ff926284000 	C:\Windows\SYSTEM32\profapi.dll
0x00007ff8efe30000 - 0x00007ff8eff07000 	D:\Scoop\apps\openjdk21\current\bin\jsvml.dll
0x00007ff919960000 - 0x00007ff919970000 	D:\Scoop\apps\openjdk21\current\bin\net.dll
0x00007ff91e930000 - 0x00007ff91ea3d000 	C:\Windows\SYSTEM32\WINHTTP.dll
0x00007ff925ac0000 - 0x00007ff925b2a000 	C:\Windows\system32\mswsock.dll
0x00007ff90d470000 - 0x00007ff90d486000 	D:\Scoop\apps\openjdk21\current\bin\nio.dll
0x00007ff90d430000 - 0x00007ff90d448000 	D:\Scoop\apps\openjdk21\current\bin\zip.dll
0x00007ff8f1890000 - 0x00007ff8f18b4000 	D:\Scoop\apps\maven\current\lib\jansi-native\Windows\x86_64\jansi.dll
0x00007ff90eed0000 - 0x00007ff90eee0000 	D:\Scoop\apps\openjdk21\current\bin\verify.dll

dbghelp: loaded successfully - version: 4.0.5 - missing functions: none
symbol engine: initialized successfully - sym options: 0x614 - pdb path: .;D:\Scoop\apps\openjdk21\current\bin;C:\Windows\SYSTEM32;C:\Windows\WinSxS\amd64_microsoft.windows.common-controls_6595b64144ccf1df_6.0.19041.4355_none_60b8b9eb71f62e16;D:\Scoop\apps\openjdk21\current\bin\server;D:\Scoop\apps\maven\current\lib\jansi-native\Windows\x86_64

VM Arguments:
jvm_args: --enable-native-access=ALL-UNNAMED -Xmx1024m -Dclassworlds.conf=D:\Scoop\apps\maven\current\bin\m2.conf -Dmaven.home=D:\Scoop\apps\maven\current -Dlibrary.jansi.path=D:\Scoop\apps\maven\current\lib\jansi-native -Dmaven.multiModuleProjectDirectory=D:\devlop\project\EBlog 
java_command: org.codehaus.plexus.classworlds.launcher.Launcher -f backend\pom.xml test
java_class_path (initial): D:\Scoop\apps\maven\current\boot\plexus-classworlds-2.9.0.jar
Launcher Type: SUN_STANDARD

[Global flags]
     intx CICompilerCount                          = 4                                         {product} {ergonomic}
     uint ConcGCThreads                            = 2                                         {product} {ergonomic}
     uint G1ConcRefinementThreads                  = 8                                         {product} {ergonomic}
   size_t G1HeapRegionSize                         = 1048576                                   {product} {ergonomic}
    uintx GCDrainStackTargetSize                   = 64                                        {product} {ergonomic}
   size_t InitialHeapSize                          = 264241152                                 {product} {ergonomic}
   size_t MarkStackSize                            = 4194304                                   {product} {ergonomic}
   size_t MaxHeapSize                              = 1073741824                                {product} {command line}
   size_t MaxNewSize                               = 643825664                                 {product} {ergonomic}
   size_t MinHeapDeltaBytes                        = 1048576                                   {product} {ergonomic}
   size_t MinHeapSize                              = 8388608                                   {product} {ergonomic}
    uintx NonNMethodCodeHeapSize                   = 5839372                                {pd product} {ergonomic}
    uintx NonProfiledCodeHeapSize                  = 122909434                              {pd product} {ergonomic}
    uintx ProfiledCodeHeapSize                     = 122909434                              {pd product} {ergonomic}
    uintx ReservedCodeCacheSize                    = 251658240                              {pd product} {ergonomic}
     bool SegmentedCodeCache                       = true                                      {product} {ergonomic}
   size_t SoftMaxHeapSize                          = 1073741824                             {manageable} {ergonomic}
     bool UseCompressedOops                        = true                           {product lp64_product} {ergonomic}
     bool UseG1GC                                  = true                                      {product} {ergonomic}
     bool UseLargePagesIndividualAllocation        = false                                  {pd product} {ergonomic}

Logging:
Log output configuration:
 #0: stdout all=warning uptime,level,tags foldmultilines=false
 #1: stderr all=off uptime,level,tags foldmultilines=false

Environment Variables:
JAVA_HOME=D:\Scoop\apps\openjdk21\current
PATH=D:\Scoop\apps\openjdk21\current\bin;E:\VMware\bin\;C:\Program Files\Common Files\Oracle\Java\javapath;c:\Users\Administrator\AppData\Local\Programs\cursor\resources\app\bin;E:\Python312\Scripts\;E:\Python312\;C:\Program Files (x86)\Westone\DLP-Client\x64\x64;C:\Program Files (x86)\Westone\DLP-Client\x64;D:\Scoop\apps\nodejs\20.5.1;C:\Windows;C:\Windows\System32\Wbem;C:\Windows\System32\WindowsPowerShell\v1.0\;C:\Windows\System32\OpenSSH\;C:\westone\bin\dll\;E:\java\bin;D:\Scoop\apps\nodejs\20.5.1\node_global;C:\Program Files\dotnet\;C:\Strawberry\c\bin;C:\Strawberry\perl\site\bin;C:\Strawberry\perl\bin;C:\Program Files\TortoiseHg\;C:\Program Files\Torto;D:\mysql\bin;E:\Microsoft VS Code\bin;D:\Scoop\apps\openjdk21\current\bin;D:\Scoop\apps\python\current\Scripts;D:\Scoop\apps\python\current;D:\Scoop\apps\nodejs\current\bin;D:\Scoop\apps\nodejs\current;D:\Scoop\apps\maven\current\bin;E:\Python312\Scripts\;E:\Python312\;C:\Program Files (x86)\Westone\DLP-Client\x64\x64;C:\Program Files (x86)\Westone\DLP-Client\x64;D:\Scoop\apps\nodejs\20.5.1;C:\Windows;C:\Windows\System32\Wbem;C:\Windows\System32\WindowsPowerShell\v1.0\;C:\Windows\System32\OpenSSH\;C:\westone\bin\dll\;D:\Scoop\apps\nodejs\20.5.1\node_global;C:\Program Files\dotnet\;C:\Strawberry\c\bin;C:\Strawberry\perl\site\bin;C:\Strawberry\perl\bin;C:\Program Files\TortoiseHg\;D:\Scoop\shims;C:\Users\Administrator\AppData\Local\Microsoft\WindowsApps;E:\qqgame\Hall.57938\;c:\windows\system32;D:\mysql\bin;C:\Users\Administrator\.dotnet\tools;C:\Users\Administrator\AppData\Local\Programs\Trae\bin;C:\Users\Administrator\.bun\bin
USERNAME=Administrator
OS=Windows_NT
PROCESSOR_IDENTIFIER=Intel64 Family 6 Model 140 Stepping 1, GenuineIntel
TMP=C:\Users\ADMINI~1\AppData\Local\Temp
TEMP=C:\Users\ADMINI~1\AppData\Local\Temp




Periodic native trim disabled

---------------  S Y S T E M  ---------------

OS:
 Windows 10 , 64 bit Build 19041 (10.0.19041.5072)
OS uptime: 10 days 18:41 hours

CPU: total 8 (initial active 8) (4 cores per cpu, 2 threads per core) family 6 model 140 stepping 1 microcode 0x86, cx8, cmov, fxsr, ht, mmx, 3dnowpref, sse, sse2, sse3, ssse3, sse4.1, sse4.2, popcnt, lzcnt, tsc, tscinvbit, avx, avx2, aes, erms, clmul, bmi1, bmi2, adx, avx512f, avx512dq, avx512cd, avx512bw, avx512vl, sha, fma, vzeroupper, avx512_vpopcntdq, avx512_vpclmulqdq, avx512_vaes, avx512_vnni, clflush, clflushopt, clwb, avx512_vbmi2, avx512_vbmi, rdtscp, rdpid, fsrm, gfni, avx512_bitalg, f16c, pku, cet_ibt, cet_ss, avx512_ifma
Processor Information for all 8 processors :
  Max Mhz: 2419, Current Mhz: 2419, Mhz Limit: 2419

Memory: 4k page, system-wide physical 16082M (2230M free)
TotalPageFile size 31386M (AvailPageFile size 83M)
current process WorkingSet (physical memory assigned to process): 160M, peak: 160M
current process commit charge ("private bytes"): 383M, peak: 386M

vm_info: OpenJDK 64-Bit Server VM (21.0.2+13-58) for windows-amd64 JRE (21.0.2+13-58), built on 2024-01-05T18:32:24Z by "mach5one" with MS VC++ 17.1 (VS2022)

END.
