#
# There is insufficient memory for the Java Runtime Environment to continue.
# Native memory allocation (mmap) failed to map 65536 bytes for Failed to commit metaspace.
# Possible reasons:
#   The system is out of physical RAM or swap space
#   The process is running with CompressedOops enabled, and the Java Heap may be blocking the growth of the native heap
# Possible solutions:
#   Reduce memory load on the system
#   Increase physical memory or swap space
#   Check if swap backing store is full
#   Decrease Java heap size (-Xmx/-Xms)
#   Decrease number of Java threads
#   Decrease Java thread stack sizes (-Xss)
#   Set larger code cache with -XX:ReservedCodeCacheSize=
#   JVM is running with Unscaled Compressed Oops mode in which the Java heap is
#     placed in the first 4GB address space. The Java Heap base address is the
#     maximum limit for the native heap growth. Please use -XX:HeapBaseMinAddress
#     to set the Java Heap base and to place the Java Heap above 4GB virtual address.
# This output file may be truncated or incomplete.
#
#  Out of Memory Error (virtualSpaceNode.cpp:112), pid=17732, tid=21600
#
# JRE version: OpenJDK Runtime Environment (21.0.2+13) (build 21.0.2+13-58)
# Java VM: OpenJDK 64-Bit Server VM (21.0.2+13-58, mixed mode, sharing, tiered, compressed oops, compressed class ptrs, serial gc, windows-amd64)
# No core dump will be written. Minidumps are not enabled by default on client versions of Windows
#

---------------  S U M M A R Y ------------

Command Line: -Xms32m -Xmx128m -XX:+UseSerialGC -Dclassworlds.conf=D:\Scoop\apps\maven\current\bin\m2.conf -Dmaven.home=D:\Scoop\apps\maven\current -Dlibrary.jansi.path=D:\Scoop\apps\maven\current\lib\jansi-native -Dmaven.multiModuleProjectDirectory=D:\devlop\project\EBlog org.codehaus.plexus.classworlds.launcher.Launcher -f backend\pom.xml -DforkCount=0 test

Host: 11th Gen Intel(R) Core(TM) i5-1135G7 @ 2.40GHz, 8 cores, 15G,  Windows 10 , 64 bit Build 19041 (10.0.19041.5072)
Time: Tue Jan 27 13:23:57 2026  Windows 10 , 64 bit Build 19041 (10.0.19041.5072) elapsed time: 0.756160 seconds (0d 0h 0m 0s)

---------------  T H R E A D  ---------------

Current thread (0x000001c89f0634b0):  JavaThread "main"             [_thread_in_vm, id=21600, stack(0x00000004c2100000,0x00000004c2200000) (1024K)]

Stack: [0x00000004c2100000,0x00000004c2200000]
Native frames: (J=compiled Java code, j=interpreted, Vv=VM code, C=native code)
V  [jvm.dll+0x6cade9]
V  [jvm.dll+0x8569c1]
V  [jvm.dll+0x858d2e]
V  [jvm.dll+0x859413]
V  [jvm.dll+0x280e56]
V  [jvm.dll+0x8526ee]
V  [jvm.dll+0x66e705]
V  [jvm.dll+0x1e68cc]
V  [jvm.dll+0x1e669e]
V  [jvm.dll+0x67104c]
V  [jvm.dll+0x670e62]
V  [jvm.dll+0x66f0de]
V  [jvm.dll+0x26c721]
V  [jvm.dll+0x218617]
V  [jvm.dll+0x20dd9e]
V  [jvm.dll+0x5ad3dc]
V  [jvm.dll+0x7cf5e6]
V  [jvm.dll+0x470270]
V  [jvm.dll+0x475ef8]
C  [java.dll+0x17ec]

Java frames: (J=compiled Java code, j=interpreted, Vv=VM code)
J 1103  java.lang.ClassLoader.defineClass1(Ljava/lang/ClassLoader;Ljava/lang/String;[BIILjava/security/ProtectionDomain;Ljava/lang/String;)Ljava/lang/Class; java.base@21.0.2 (0 bytes) @ 0x000001c8aefe0b11 [0x000001c8aefe0a40+0x00000000000000d1]
J 929 c1 java.lang.ClassLoader.defineClass(Ljava/lang/String;[BIILjava/security/ProtectionDomain;)Ljava/lang/Class; java.base@21.0.2 (43 bytes) @ 0x000001c8a767707c [0x000001c8a7676d20+0x000000000000035c]
J 858 c1 java.security.SecureClassLoader.defineClass(Ljava/lang/String;[BIILjava/security/CodeSource;)Ljava/lang/Class; java.base@21.0.2 (16 bytes) @ 0x000001c8a7654d9c [0x000001c8a7654cc0+0x00000000000000dc]
J 764 c1 java.net.URLClassLoader.defineClass(Ljava/lang/String;Ljdk/internal/loader/Resource;)Ljava/lang/Class; java.base@21.0.2 (224 bytes) @ 0x000001c8a7623564 [0x000001c8a7622240+0x0000000000001324]
J 856 c1 java.net.URLClassLoader$1.run()Ljava/lang/Class; java.base@21.0.2 (81 bytes) @ 0x000001c8a76571bc [0x000001c8a7656560+0x0000000000000c5c]
J 855 c1 java.net.URLClassLoader$1.run()Ljava/lang/Object; java.base@21.0.2 (5 bytes) @ 0x000001c8a7655fd4 [0x000001c8a7655f40+0x0000000000000094]
J 564 c1 java.security.AccessController.doPrivileged(Ljava/security/PrivilegedExceptionAction;Ljava/security/AccessControlContext;)Ljava/lang/Object; java.base@21.0.2 (26 bytes) @ 0x000001c8a75a9914 [0x000001c8a75a9720+0x00000000000001f4]
J 853 c1 java.net.URLClassLoader.findClass(Ljava/lang/String;)Ljava/lang/Class; java.base@21.0.2 (47 bytes) @ 0x000001c8a7655304 [0x000001c8a7655180+0x0000000000000184]
J 926 c1 org.codehaus.plexus.classworlds.realm.ClassRealm.loadClassFromSelf(Ljava/lang/String;)Ljava/lang/Class; (40 bytes) @ 0x000001c8a76747bc [0x000001c8a7674420+0x000000000000039c]
J 848 c1 org.codehaus.plexus.classworlds.strategy.SelfFirstStrategy.loadClass(Ljava/lang/String;)Ljava/lang/Class; (50 bytes) @ 0x000001c8a7652eac [0x000001c8a7652ac0+0x00000000000003ec]
J 825 c1 org.codehaus.plexus.classworlds.realm.ClassRealm.loadClass(Ljava/lang/String;Z)Ljava/lang/Class; (33 bytes) @ 0x000001c8a7643ed4 [0x000001c8a7643d60+0x0000000000000174]
J 561 c1 org.codehaus.plexus.classworlds.realm.ClassRealm.loadClass(Ljava/lang/String;)Ljava/lang/Class; (7 bytes) @ 0x000001c8a75a45c4 [0x000001c8a75a44c0+0x0000000000000104]
v  ~StubRoutines::call_stub 0x000001c8ae9f10e7
J 1854  java.lang.Class.getDeclaredMethods0(Z)[Ljava/lang/reflect/Method; java.base@21.0.2 (0 bytes) @ 0x000001c8af0506f3 [0x000001c8af0506a0+0x0000000000000053]
J 1227 c1 java.lang.Class.privateGetDeclaredMethods(Z)[Ljava/lang/reflect/Method; java.base@21.0.2 (64 bytes) @ 0x000001c8a76f0bcc [0x000001c8a76f0b00+0x00000000000000cc]
J 1255 c1 java.lang.Class.getDeclaredMethods()[Ljava/lang/reflect/Method; java.base@21.0.2 (27 bytes) @ 0x000001c8a76f932c [0x000001c8a76f92c0+0x000000000000006c]
J 1686 c1 com.google.inject.internal.DeclaredMembers.getDeclaredMethods(Ljava/lang/Class;)[Ljava/lang/reflect/Method; (76 bytes) @ 0x000001c8a77cce64 [0x000001c8a77cce00+0x0000000000000064]
J 1704 c1 com.google.inject.spi.InjectionPoint.getInjectionPoints(Lcom/google/inject/TypeLiteral;ZLcom/google/inject/internal/Errors;)Ljava/util/Set; (489 bytes) @ 0x000001c8a77d8a1c [0x000001c8a77d7da0+0x0000000000000c7c]
J 1745 c1 com.google.inject.spi.InjectionPoint.forInstanceMethodsAndFields(Lcom/google/inject/TypeLiteral;)Ljava/util/Set; (40 bytes) @ 0x000001c8a77efe54 [0x000001c8a77efcc0+0x0000000000000194]
j  org.eclipse.sisu.wire.DependencyAnalyzer.analyzeImplementation(Lcom/google/inject/TypeLiteral;Z)Ljava/lang/Boolean;+44
j  org.eclipse.sisu.wire.DependencyAnalyzer.visit(Lcom/google/inject/spi/UntargettedBinding;)Ljava/lang/Boolean;+11
j  org.eclipse.sisu.wire.DependencyAnalyzer.visit(Lcom/google/inject/spi/UntargettedBinding;)Ljava/lang/Object;+2
j  com.google.inject.internal.UntargettedBindingImpl.acceptTargetVisitor(Lcom/google/inject/spi/BindingTargetVisitor;)Ljava/lang/Object;+2
j  org.eclipse.sisu.wire.ElementAnalyzer.visit(Lcom/google/inject/Binding;)Ljava/lang/Void;+43
j  org.eclipse.sisu.wire.ElementAnalyzer.visit(Lcom/google/inject/Binding;)Ljava/lang/Object;+2
j  com.google.inject.internal.BindingImpl.acceptVisitor(Lcom/google/inject/spi/ElementVisitor;)Ljava/lang/Object;+2
j  org.eclipse.sisu.wire.WireModule.configure(Lcom/google/inject/Binder;)V+45
j  com.google.inject.spi.Elements$RecordingBinder.install(Lcom/google/inject/Module;)V+209
j  com.google.inject.spi.Elements.getElements(Lcom/google/inject/Stage;Ljava/lang/Iterable;)Ljava/util/List;+40
j  com.google.inject.internal.InjectorShell$Builder.build(Lcom/google/inject/internal/Initializer;Lcom/google/inject/internal/ProcessedBindingData;Lcom/google/inject/internal/util/ContinuousStopwatch;Lcom/google/inject/internal/Errors;)Ljava/util/List;+163
j  com.google.inject.internal.InternalInjectorCreator.build()Lcom/google/inject/Injector;+48
j  com.google.inject.Guice.createInjector(Lcom/google/inject/Stage;Ljava/lang/Iterable;)Lcom/google/inject/Injector;+15
j  com.google.inject.Guice.createInjector(Ljava/lang/Iterable;)Lcom/google/inject/Injector;+4
j  com.google.inject.Guice.createInjector([Lcom/google/inject/Module;)Lcom/google/inject/Injector;+4
j  org.codehaus.plexus.DefaultPlexusContainer.addPlexusInjector(Ljava/util/List;[Lcom/google/inject/Module;)Lcom/google/inject/Injector;+88
j  org.codehaus.plexus.DefaultPlexusContainer.<init>(Lorg/codehaus/plexus/ContainerConfiguration;[Lcom/google/inject/Module;)V+414
j  org.apache.maven.cli.MavenCli.container(Lorg/apache/maven/cli/CliRequest;)Lorg/codehaus/plexus/PlexusContainer;+279
j  org.apache.maven.cli.MavenCli.doMain(Lorg/apache/maven/cli/CliRequest;)I+38
j  org.apache.maven.cli.MavenCli.main([Ljava/lang/String;Lorg/codehaus/plexus/classworlds/ClassWorld;)I+24
j  java.lang.invoke.DirectMethodHandle$Holder.invokeStatic(Ljava/lang/Object;Ljava/lang/Object;Ljava/lang/Object;)I+11 java.base@21.0.2
j  java.lang.invoke.LambdaForm$MH+0x000001c8b8009400.invoke(Ljava/lang/Object;Ljava/lang/Object;Ljava/lang/Object;Ljava/lang/Object;)Ljava/lang/Object;+54 java.base@21.0.2
j  java.lang.invoke.LambdaForm$MH+0x000001c8b8009800.invokeExact_MT(Ljava/lang/Object;Ljava/lang/Object;Ljava/lang/Object;Ljava/lang/Object;Ljava/lang/Object;)Ljava/lang/Object;+22 java.base@21.0.2
j  jdk.internal.reflect.DirectMethodHandleAccessor.invokeImpl(Ljava/lang/Object;[Ljava/lang/Object;)Ljava/lang/Object;+72 java.base@21.0.2
j  jdk.internal.reflect.DirectMethodHandleAccessor.invoke(Ljava/lang/Object;[Ljava/lang/Object;)Ljava/lang/Object;+23 java.base@21.0.2
j  java.lang.reflect.Method.invoke(Ljava/lang/Object;[Ljava/lang/Object;)Ljava/lang/Object;+102 java.base@21.0.2
j  org.codehaus.plexus.classworlds.launcher.Launcher.launchEnhanced([Ljava/lang/String;)V+45
j  org.codehaus.plexus.classworlds.launcher.Launcher.launch([Ljava/lang/String;)V+2
j  org.codehaus.plexus.classworlds.launcher.Launcher.mainWithExitCode([Ljava/lang/String;)I+108
j  org.codehaus.plexus.classworlds.launcher.Launcher.main([Ljava/lang/String;)V+1
v  ~StubRoutines::call_stub 0x000001c8ae9f10e7

Compiled method (n/a)     763 1103     n 0       java.lang.ClassLoader::defineClass1 (native)
 total in heap  [0x000001c8aefe0890,0x000001c8aefe0d18] = 1160
 relocation     [0x000001c8aefe09f0,0x000001c8aefe0a28] = 56
 main code      [0x000001c8aefe0a40,0x000001c8aefe0d16] = 726
 stub code      [0x000001c8aefe0d16,0x000001c8aefe0d18] = 2

[Constant Pool (empty)]

[MachCode]
[Entry Point]
  # {method} {0x000001c8b743b8f0} 'defineClass1' '(Ljava/lang/ClassLoader;Ljava/lang/String;[BIILjava/security/ProtectionDomain;Ljava/lang/String;)Ljava/lang/Class;' in 'java/lang/ClassLoader'
  # parm0:    rdx:rdx   = 'java/lang/ClassLoader'
  # parm1:    r8:r8     = 'java/lang/String'
  # parm2:    r9:r9     = '[B'
  # parm3:    rdi       = int
  # parm4:    rsi       = int
  # parm5:    rcx:rcx   = 'java/security/ProtectionDomain'
  # parm6:    [sp+0xa0]   = 'java/lang/String'  (sp of caller)
  0x000001c8aefe0a40: 448b 5208 | 49bb 0000 | 00b7 c801 | 0000 4d03 | d349 3bc2 | 0f84 0600 

  0x000001c8aefe0a58: ;   {runtime_call ic_miss_stub}
  0x000001c8aefe0a58: 0000 e921 | dca5 ff90 
[Verified Entry Point]
  0x000001c8aefe0a60: 8984 2400 | 80ff ff55 | 488b ec48 | 81ec 9000 | 0000 6690 | 4181 7f20 | 0100 0000 

  0x000001c8aefe0a7c: ;   {runtime_call StubRoutines (final stubs)}
  0x000001c8aefe0a7c: 7405 e8bd | d2a4 ff48 | 837d 1000 | 488d 4510 | 480f 4445 | 1048 8944 | 2440 4889 | 4c24 7048 
  0x000001c8aefe0a9c: 83f9 0048 | 8d44 2470 | 480f 4444 | 2470 4889 | 4424 3848 | 8974 2430 | 4889 7c24 | 284c 894c 
  0x000001c8aefe0abc: 2458 4983 | f900 488d | 4424 5848 | 0f44 4424 | 5848 8944 | 2420 4c89 | 4424 5049 | 83f8 004c 
  0x000001c8aefe0adc: 8d4c 2450 | 4c0f 444c | 2450 4889 | 5424 4848 | 83fa 004c | 8d44 2448 | 4c0f 4444 

  0x000001c8aefe0af8: ;   {oop(a 'java/lang/Class'{0x00000000fac4f368} = 'java/lang/ClassLoader')}
  0x000001c8aefe0af8: 2448 49be | 68f3 c4fa | 0000 0000 | 4c89 7424 | 784c 8d74 | 2478 498b | d6c5 f877 

  0x000001c8aefe0b14: ;   {internal_word}
  0x000001c8aefe0b14: 49ba 110b | feae c801 | 0000 4d89 | 97a0 0300 | 0049 89a7 | 9803 0000 

  0x000001c8aefe0b2c: ;   {external_word}
  0x000001c8aefe0b2c: 49ba f945 | dfbf f87f | 0000 4180 | 3a00 0f84 | 4e00 0000 | 5241 5041 

  0x000001c8aefe0b44: ;   {metadata({method} {0x000001c8b743b8f0} 'defineClass1' '(Ljava/lang/ClassLoader;Ljava/lang/String;[BIILjava/security/ProtectionDomain;Ljava/lang/String;)Ljava/lang/Class;' in 'java/lang/ClassLoader')}
  0x000001c8aefe0b44: 5148 bae8 | b843 b7c8 | 0100 0049 | 8bcf 4883 | ec20 40f6 | c40f 0f84 | 1900 0000 | 4883 ec08 
  0x000001c8aefe0b64: ;   {runtime_call}
  0x000001c8aefe0b64: 48b8 4009 | 90bf f87f | 0000 ffd0 | 4883 c408 | e90c 0000 

  0x000001c8aefe0b78: ;   {runtime_call}
  0x000001c8aefe0b78: 0048 b840 | 0990 bff8 | 7f00 00ff | d048 83c4 | 2041 5941 | 585a 498d | 8fb8 0300 | 0041 c787 
  0x000001c8aefe0b98: 4c04 0000 | 0400 0000 

  0x000001c8aefe0ba0: ;   {runtime_call}
  0x000001c8aefe0ba0: 48b8 ac16 | a319 f97f | 0000 ffd0 | c5f8 7741 | c787 4c04 | 0000 0500 | 0000 f083 | 4424 c000 
  0x000001c8aefe0bc0: 493b af50 | 0400 000f | 870e 0000 | 0041 83bf | 4804 0000 | 000f 842b | 0000 00c5 | f877 4889 
  0x000001c8aefe0be0: 45f8 498b | cf4c 8be4 | 4883 ec20 | 4883 e4f0 

  0x000001c8aefe0bf0: ;   {runtime_call}
  0x000001c8aefe0bf0: 48b8 d0c3 | 5bbf f87f | 0000 ffd0 | 498b e44d | 33e4 488b | 45f8 41c7 | 874c 0400 | 0008 0000 
  0x000001c8aefe0c10: 0041 83bf | c804 0000 | 020f 84ca 

  0x000001c8aefe0c1c: ;   {external_word}
  0x000001c8aefe0c1c: 0000 0049 | baf9 45df | bff8 7f00 | 0041 803a | 000f 844c | 0000 0048 

  0x000001c8aefe0c34: ;   {metadata({method} {0x000001c8b743b8f0} 'defineClass1' '(Ljava/lang/ClassLoader;Ljava/lang/String;[BIILjava/security/ProtectionDomain;Ljava/lang/String;)Ljava/lang/Class;' in 'java/lang/ClassLoader')}
  0x000001c8aefe0c34: 8945 f848 | bae8 b843 | b7c8 0100 | 0049 8bcf | 4883 ec20 | 40f6 c40f | 0f84 1900 | 0000 4883 
  0x000001c8aefe0c54: ;   {runtime_call}
  0x000001c8aefe0c54: ec08 48b8 | 4009 90bf | f87f 0000 | ffd0 4883 | c408 e90c 

  0x000001c8aefe0c68: ;   {runtime_call}
  0x000001c8aefe0c68: 0000 0048 | b840 0990 | bff8 7f00 | 00ff d048 | 83c4 2048 | 8b45 f849 | c787 9803 | 0000 0000 
  0x000001c8aefe0c88: 0000 49c7 | 87a0 0300 | 0000 0000 | 00c5 f877 | 4885 c00f | 8425 0000 | 00a8 030f | 8508 0000 
  0x000001c8aefe0ca8: 0048 8b00 | e915 0000 | 00a8 010f | 8509 0000 | 0048 8b40 | fee9 0400 | 0000 488b | 40ff 498b 
  0x000001c8aefe0cc8: 8f28 0400 | 00c7 8100 | 0100 0000 | 0000 00c9 | 4983 7f08 | 000f 8501 | 0000 00c3 

  0x000001c8aefe0ce4: ;   {runtime_call StubRoutines (initial stubs)}
  0x000001c8aefe0ce4: e917 02a1 | ffc5 f877 | 4889 45f8 | 4c8b e448 | 83ec 2048 

  0x000001c8aefe0cf8: ;   {runtime_call}
  0x000001c8aefe0cf8: 83e4 f048 | b870 4190 | bff8 7f00 | 00ff d049 | 8be4 4d33 | e448 8b45 | f8e9 09ff | ffff f4f4 
[/MachCode]


Compiled method (c1)     766  929       3       java.lang.ClassLoader::defineClass (43 bytes)
 total in heap  [0x000001c8a7676b10,0x000001c8a7677468] = 2392
 relocation     [0x000001c8a7676c70,0x000001c8a7676d10] = 160
 main code      [0x000001c8a7676d20,0x000001c8a76771c0] = 1184
 stub code      [0x000001c8a76771c0,0x000001c8a7677238] = 120
 metadata       [0x000001c8a7677238,0x000001c8a7677268] = 48
 scopes data    [0x000001c8a7677268,0x000001c8a7677358] = 240
 scopes pcs     [0x000001c8a7677358,0x000001c8a7677438] = 224
 dependencies   [0x000001c8a7677438,0x000001c8a7677440] = 8
 nul chk table  [0x000001c8a7677440,0x000001c8a7677468] = 40

[Constant Pool (empty)]

[MachCode]
[Entry Point]
  # {method} {0x000001c8b743bc70} 'defineClass' '(Ljava/lang/String;[BIILjava/security/ProtectionDomain;)Ljava/lang/Class;' in 'java/lang/ClassLoader'
  # this:     rdx:rdx   = 'java/lang/ClassLoader'
  # parm0:    r8:r8     = 'java/lang/String'
  # parm1:    r9:r9     = '[B'
  # parm2:    rdi       = int
  # parm3:    rsi       = int
  # parm4:    rcx:rcx   = 'java/security/ProtectionDomain'
  #           [sp+0xc0]  (sp of caller)
  0x000001c8a7676d20: 448b 5208 | 49bb 0000 | 00b7 c801 | 0000 4d03 | d34c 3bd0 

  0x000001c8a7676d34: ;   {runtime_call ic_miss_stub}
  0x000001c8a7676d34: 0f85 4679 | 3c07 660f | 1f44 0000 
[Verified Entry Point]
  0x000001c8a7676d40: 8984 2400 | 80ff ff55 | 4881 ecb0 | 0000 0090 | 4181 7f20 | 0100 0000 

  0x000001c8a7676d58: ;   {runtime_call StubRoutines (final stubs)}
  0x000001c8a7676d58: 7405 e8e1 | 6f3b 0748 | 8954 2478 

  0x000001c8a7676d64: ;   {metadata(method data for {method} {0x000001c8b743bc70} 'defineClass' '(Ljava/lang/String;[BIILjava/security/ProtectionDomain;)Ljava/lang/Class;' in 'java/lang/ClassLoader')}
  0x000001c8a7676d64: 48bb b84e | 19f8 c801 | 0000 8b83 | cc00 0000 | 83c0 0289 | 83cc 0000 | 0025 fe07 | 0000 85c0 
  0x000001c8a7676d84: 0f84 5803 | 0000 89b4 | 2494 0000 | 0089 bc24 | 9000 0000 | 4c89 8c24 | 8800 0000 

  0x000001c8a7676da0: ;   {metadata(method data for {method} {0x000001c8b743bc70} 'defineClass' '(Ljava/lang/String;[BIILjava/security/ProtectionDomain;)Ljava/lang/Class;' in 'java/lang/ClassLoader')}
  0x000001c8a7676da0: 488b da48 | b8b8 4e19 | f8c8 0100 | 0048 8380 | 1001 0000 | 0149 8bd8 | 4c8b c34c | 8bc9 488b 
  0x000001c8a7676dc0: ca48 8bd1 | 4889 9c24 | 8000 0000 

  0x000001c8a7676dcc: ;   {optimized virtual_call}
  0x000001c8a7676dcc: 6666 90e8 

  0x000001c8a7676dd0: ; ImmutableOopMap {[120]=Oop [128]=Oop [136]=Oop }
                      ;*invokevirtual preDefineClass {reexecute=0 rethrow=0 return_oop=0}
                      ; - java.lang.ClassLoader::defineClass@4 (line 1025)
  0x000001c8a7676dd0: cc6d ffff 

  0x000001c8a7676dd4: ;   {other}
  0x000001c8a7676dd4: 0f1f 8400 | c402 0000 | 4889 8424 | 9800 0000 | 488b 5424 

  0x000001c8a7676de8: ;   {metadata(method data for {method} {0x000001c8b743bc70} 'defineClass' '(Ljava/lang/String;[BIILjava/security/ProtectionDomain;)Ljava/lang/Class;' in 'java/lang/ClassLoader')}
  0x000001c8a7676de8: 7849 b8b8 | 4e19 f8c8 | 0100 0049 | 8380 4801 

  0x000001c8a7676df8: ;   {metadata(method data for {method} {0x000001c8b743b958} 'defineClassSourceLocation' '(Ljava/security/ProtectionDomain;)Ljava/lang/String;' in 'java/lang/ClassLoader')}
  0x000001c8a7676df8: 0000 0149 | b840 181c | f8c8 0100 | 0041 8b90 | cc00 0000 | 83c2 0241 | 8990 cc00 | 0000 81e2 
  0x000001c8a7676e18: feff 1f00 | 85d2 0f84 | df02 0000 

  0x000001c8a7676e24: ; implicit exception: dispatches to 0x000001c8a7677124
  0x000001c8a7676e24: 483b 004c 

  0x000001c8a7676e28: ;   {metadata(method data for {method} {0x000001c8b743b958} 'defineClassSourceLocation' '(Ljava/security/ProtectionDomain;)Ljava/lang/String;' in 'java/lang/ClassLoader')}
  0x000001c8a7676e28: 8bc0 48ba | 4018 1cf8 | c801 0000 | 4883 8210 | 0100 0001 | 448b 4010 

  0x000001c8a7676e40: ;   {metadata(method data for {method} {0x000001c8b743b958} 'defineClassSourceLocation' '(Ljava/security/ProtectionDomain;)Ljava/lang/String;' in 'java/lang/ClassLoader')}
  0x000001c8a7676e40: 4d85 c048 | ba40 181c | f8c8 0100 | 0048 be58 | 0100 0000 | 0000 0075 | 0a48 be48 | 0100 0000 
  0x000001c8a7676e60: 0000 0048 | 8b3c 3248 | 8d7f 0148 | 893c 320f | 850f 0000 

  0x000001c8a7676e74: ;   {oop(nullptr)}
  0x000001c8a7676e74: 0048 bb00 | 0000 0000 | 0000 00e9 | a301 0000 

  0x000001c8a7676e84: ; implicit exception: dispatches to 0x000001c8a7677129
  0x000001c8a7676e84: 493b 0049 

  0x000001c8a7676e88: ;   {metadata(method data for {method} {0x000001c8b743b958} 'defineClassSourceLocation' '(Ljava/security/ProtectionDomain;)Ljava/lang/String;' in 'java/lang/ClassLoader')}
  0x000001c8a7676e88: 8bd0 48be | 4018 1cf8 | c801 0000 | 4883 8668 | 0100 0001 | 418b 500c 

  0x000001c8a7676ea0: ;   {metadata(method data for {method} {0x000001c8b743b958} 'defineClassSourceLocation' '(Ljava/security/ProtectionDomain;)Ljava/lang/String;' in 'java/lang/ClassLoader')}
  0x000001c8a7676ea0: 4885 d248 | be40 181c | f8c8 0100 | 0048 bfb0 | 0100 0000 | 0000 0075 | 0a48 bfa0 | 0100 0000 
  0x000001c8a7676ec0: 0000 0048 | 8b1c 3e48 | 8d5b 0148 | 891c 3e0f | 850f 0000 

  0x000001c8a7676ed4: ;   {oop(nullptr)}
  0x000001c8a7676ed4: 0048 bb00 | 0000 0000 | 0000 00e9 | 4301 0000 

  0x000001c8a7676ee4: ;   {metadata(method data for {method} {0x000001c8b743b958} 'defineClassSourceLocation' '(Ljava/security/ProtectionDomain;)Ljava/lang/String;' in 'java/lang/ClassLoader')}
  0x000001c8a7676ee4: 48be 4018 | 1cf8 c801 | 0000 4883 | 86c0 0100 | 0001 483b | 024c 8bc2 

  0x000001c8a7676efc: ;   {metadata(method data for {method} {0x000001c8b743b958} 'defineClassSourceLocation' '(Ljava/security/ProtectionDomain;)Ljava/lang/String;' in 'java/lang/ClassLoader')}
  0x000001c8a7676efc: 48be 4018 | 1cf8 c801 | 0000 4883 | 86f8 0100 

  0x000001c8a7676f0c: ;   {metadata(method data for {method} {0x000001c8b701aa98} 'toString' '()Ljava/lang/String;' in 'java/net/URL')}
  0x000001c8a7676f0c: 0001 49b8 | f087 17f8 | c801 0000 | 418b b0cc | 0000 0083 | c602 4189 | b0cc 0000 | 0081 e6fe 
  0x000001c8a7676f2c: ff1f 0085 | f60f 84fc | 0100 004c 

  0x000001c8a7676f38: ;   {metadata(method data for {method} {0x000001c8b701aa98} 'toString' '()Ljava/lang/String;' in 'java/net/URL')}
  0x000001c8a7676f38: 8bc2 48be | f087 17f8 | c801 0000 | 4883 8610 | 0100 0001 

  0x000001c8a7676f4c: ;   {metadata(method data for {method} {0x000001c8b742f570} 'toExternalForm' '()Ljava/lang/String;' in 'java/net/URL')}
  0x000001c8a7676f4c: 49b8 d819 | 13f8 c801 | 0000 418b | b0cc 0000 | 0083 c602 | 4189 b0cc | 0000 0081 | e6fe ff1f 
  0x000001c8a7676f6c: 0085 f60f | 84df 0100 | 008b 7238 

  0x000001c8a7676f78: ; implicit exception: dispatches to 0x000001c8a7677175
  0x000001c8a7676f78: 483b 064c 

  0x000001c8a7676f7c: ;   {metadata(method data for {method} {0x000001c8b742f570} 'toExternalForm' '()Ljava/lang/String;' in 'java/net/URL')}
  0x000001c8a7676f7c: 8bc6 48bf | d819 13f8 | c801 0000 | 458b 4008 | 49ba 0000 | 00b7 c801 | 0000 4d03 | c24c 3b87 
  0x000001c8a7676f9c: 2001 0000 | 750d 4883 | 8728 0100 | 0001 e960 | 0000 004c | 3b87 3001 | 0000 750d | 4883 8738 
  0x000001c8a7676fbc: 0100 0001 | e94a 0000 | 0048 83bf | 2001 0000 | 0075 174c | 8987 2001 | 0000 48c7 | 8728 0100 
  0x000001c8a7676fdc: 0001 0000 | 00e9 2900 | 0000 4883 | bf30 0100 | 0000 7517 | 4c89 8730 | 0100 0048 | c787 3801 
  0x000001c8a7676ffc: 0000 0100 | 0000 e908 | 0000 0048 | 8387 1001 | 0000 014c | 8bc2 488b 

  0x000001c8a7677014: ;   {optimized virtual_call}
  0x000001c8a7677014: d666 90e8 

  0x000001c8a7677018: ; ImmutableOopMap {[120]=Oop [128]=Oop [136]=Oop [152]=Oop }
                      ;*invokevirtual toExternalForm {reexecute=0 rethrow=0 return_oop=0}
                      ; - java.net.URL::toExternalForm@5 (line 1203)
                      ; - java.net.URL::toString@1 (line 1189)
                      ; - java.lang.ClassLoader::defineClassSourceLocation@22 (line 927)
                      ; - java.lang.ClassLoader::defineClass@12 (line 1026)
  0x000001c8a7677018: 8407 f3ff 

  0x000001c8a767701c: ;   {other}
  0x000001c8a767701c: 0f1f 8400 | 0c05 0001 | 488b d848 | 8b84 2498 | 0000 008b | b424 9400 | 0000 8bbc | 2490 0000 
  0x000001c8a767703c: 004c 8b8c | 2488 0000 | 004c 8b84 | 2480 0000 | 0048 8b54 

  0x000001c8a7677050: ;   {metadata(method data for {method} {0x000001c8b743bc70} 'defineClass' '(Ljava/lang/String;[BIILjava/security/ProtectionDomain;)Ljava/lang/Class;' in 'java/lang/ClassLoader')}
  0x000001c8a7677050: 2478 48b9 | b84e 19f8 | c801 0000 | 4883 8180 | 0100 0001 | 4c8b da49 | 8bd3 488b | c848 891c 
  0x000001c8a7677070: 2466 0f1f 

  0x000001c8a7677074: ;   {static_call}
  0x000001c8a7677074: 4400 00e8 

  0x000001c8a7677078: ; ImmutableOopMap {[120]=Oop [152]=Oop }
                      ;*invokestatic defineClass1 {reexecute=0 rethrow=0 return_oop=0}
                      ; - java.lang.ClassLoader::defineClass@27 (line 1027)
  0x000001c8a7677078: e499 9607 

  0x000001c8a767707c: ;   {other}
  0x000001c8a767707c: 0f1f 8400 | 6c05 0002 | 488b 5424 

  0x000001c8a7677088: ;   {metadata(method data for {method} {0x000001c8b743bc70} 'defineClass' '(Ljava/lang/String;[BIILjava/security/ProtectionDomain;)Ljava/lang/Class;' in 'java/lang/ClassLoader')}
  0x000001c8a7677088: 7849 b8b8 | 4e19 f8c8 | 0100 0049 | 8380 9001 | 0000 014c | 8bc0 4c8b | 8c24 9800 | 0000 488b 
  0x000001c8a76770a8: 5424 7848 | 8984 24a0 | 0000 000f 

  0x000001c8a76770b4: ;   {optimized virtual_call}
  0x000001c8a76770b4: 1f40 00e8 

  0x000001c8a76770b8: ; ImmutableOopMap {[160]=Oop }
                      ;*invokevirtual postDefineClass {reexecute=0 rethrow=0 return_oop=0}
                      ; - java.lang.ClassLoader::defineClass@37 (line 1028)
  0x000001c8a76770b8: e4ad ffff 

  0x000001c8a76770bc: ;   {other}
  0x000001c8a76770bc: 0f1f 8400 | ac05 0003 | 488b 8424 | a000 0000 | 4881 c4b0 | 0000 005d 

  0x000001c8a76770d4: ;   {poll_return}
  0x000001c8a76770d4: 493b a750 | 0400 000f | 8799 0000 

  0x000001c8a76770e0: ;   {metadata({method} {0x000001c8b743bc70} 'defineClass' '(Ljava/lang/String;[BIILjava/security/ProtectionDomain;)Ljava/lang/Class;' in 'java/lang/ClassLoader')}
  0x000001c8a76770e0: 00c3 49ba | 68bc 43b7 | c801 0000 | 4c89 5424 | 0848 c704 | 24ff ffff 

  0x000001c8a76770f8: ;   {runtime_call counter_overflow Runtime1 stub}
  0x000001c8a76770f8: ffe8 820f 

  0x000001c8a76770fc: ; ImmutableOopMap {rdx=Oop r8=Oop r9=Oop rcx=Oop [120]=Oop }
                      ;*synchronization entry
                      ; - java.lang.ClassLoader::defineClass@-1 (line 1025)
  0x000001c8a76770fc: 4807 e987 

  0x000001c8a7677100: ;   {metadata({method} {0x000001c8b743b958} 'defineClassSourceLocation' '(Ljava/security/ProtectionDomain;)Ljava/lang/String;' in 'java/lang/ClassLoader')}
  0x000001c8a7677100: fcff ff49 | ba50 b943 | b7c8 0100 | 004c 8954 | 2408 48c7 | 0424 ffff 

  0x000001c8a7677118: ;   {runtime_call counter_overflow Runtime1 stub}
  0x000001c8a7677118: ffff e861 

  0x000001c8a767711c: ; ImmutableOopMap {rax=Oop [120]=Oop [128]=Oop [136]=Oop [152]=Oop }
                      ;*synchronization entry
                      ; - java.lang.ClassLoader::defineClassSourceLocation@-1 (line 924)
                      ; - java.lang.ClassLoader::defineClass@12 (line 1026)
  0x000001c8a767711c: 0f48 07e9 | 00fd ffff 

  0x000001c8a7677124: ;   {runtime_call throw_null_pointer_exception Runtime1 stub}
  0x000001c8a7677124: e8f7 a247 

  0x000001c8a7677128: ; ImmutableOopMap {rax=Oop [120]=Oop [128]=Oop [136]=Oop [152]=Oop }
                      ;*invokevirtual getCodeSource {reexecute=0 rethrow=0 return_oop=0}
                      ; - java.lang.ClassLoader::defineClassSourceLocation@1 (line 924)
                      ; - java.lang.ClassLoader::defineClass@12 (line 1026)
                      ;   {runtime_call throw_null_pointer_exception Runtime1 stub}
  0x000001c8a7677128: 07e8 f2a2 

  0x000001c8a767712c: ; ImmutableOopMap {rax=Oop r8=Oop [120]=Oop [128]=Oop [136]=Oop [152]=Oop }
                      ;*invokevirtual getLocation {reexecute=0 rethrow=0 return_oop=0}
                      ; - java.lang.ClassLoader::defineClassSourceLocation@12 (line 926)
                      ; - java.lang.ClassLoader::defineClass@12 (line 1026)
                      ;   {runtime_call throw_null_pointer_exception Runtime1 stub}
  0x000001c8a767712c: 4707 e8ed 

  0x000001c8a7677130: ; ImmutableOopMap {rdx=Oop [120]=Oop [128]=Oop [136]=Oop [152]=Oop }
                      ;*invokevirtual toString {reexecute=0 rethrow=0 return_oop=0}
                      ; - java.lang.ClassLoader::defineClassSourceLocation@22 (line 927)
                      ; - java.lang.ClassLoader::defineClass@12 (line 1026)
                      ;   {metadata({method} {0x000001c8b701aa98} 'toString' '()Ljava/lang/String;' in 'java/net/URL')}
  0x000001c8a7677130: a247 0749 | ba90 aa01 | b7c8 0100 | 004c 8954 | 2408 48c7 | 0424 ffff 

  0x000001c8a7677148: ;   {runtime_call counter_overflow Runtime1 stub}
  0x000001c8a7677148: ffff e831 

  0x000001c8a767714c: ; ImmutableOopMap {rdx=Oop [120]=Oop [128]=Oop [136]=Oop [152]=Oop }
                      ;*synchronization entry
                      ; - java.net.URL::toString@-1 (line 1189)
                      ; - java.lang.ClassLoader::defineClassSourceLocation@22 (line 927)
                      ; - java.lang.ClassLoader::defineClass@12 (line 1026)
  0x000001c8a767714c: 0f48 07e9 | e3fd ffff 

  0x000001c8a7677154: ;   {metadata({method} {0x000001c8b742f570} 'toExternalForm' '()Ljava/lang/String;' in 'java/net/URL')}
  0x000001c8a7677154: 49ba 68f5 | 42b7 c801 | 0000 4c89 | 5424 0848 | c704 24ff 

  0x000001c8a7677168: ;   {runtime_call counter_overflow Runtime1 stub}
  0x000001c8a7677168: ffff ffe8 

  0x000001c8a767716c: ; ImmutableOopMap {rdx=Oop [120]=Oop [128]=Oop [136]=Oop [152]=Oop }
                      ;*synchronization entry
                      ; - java.net.URL::toExternalForm@-1 (line 1203)
                      ; - java.net.URL::toString@1 (line 1189)
                      ; - java.lang.ClassLoader::defineClassSourceLocation@22 (line 927)
                      ; - java.lang.ClassLoader::defineClass@12 (line 1026)
  0x000001c8a767716c: 100f 4807 | e900 feff 

  0x000001c8a7677174: ;   {runtime_call throw_null_pointer_exception Runtime1 stub}
  0x000001c8a7677174: ffe8 a6a2 

  0x000001c8a7677178: ; ImmutableOopMap {rdx=Oop rsi=Oop [120]=Oop [128]=Oop [136]=Oop [152]=Oop }
                      ;*invokevirtual toExternalForm {reexecute=0 rethrow=0 return_oop=0}
                      ; - java.net.URL::toExternalForm@5 (line 1203)
                      ; - java.net.URL::toString@1 (line 1189)
                      ; - java.lang.ClassLoader::defineClassSourceLocation@22 (line 927)
                      ; - java.lang.ClassLoader::defineClass@12 (line 1026)
                      ;   {internal_word}
  0x000001c8a7677178: 4707 49ba | d470 67a7 | c801 0000 | 4d89 9768 

  0x000001c8a7677188: ;   {runtime_call SafepointBlob}
  0x000001c8a7677188: 0400 00e9 | f0e9 3c07 | 498b 8700 | 0500 0049 | c787 0005 | 0000 0000 | 0000 49c7 | 8708 0500 
  0x000001c8a76771a8: 0000 0000 | 0048 81c4 | b000 0000 

  0x000001c8a76771b4: ;   {runtime_call unwind_exception Runtime1 stub}
  0x000001c8a76771b4: 5de9 c6ba | 4607 f4f4 | f4f4 f4f4 
[Stub Code]
  0x000001c8a76771c0: ;   {no_reloc}
  0x000001c8a76771c0: 0f1f 4400 

  0x000001c8a76771c4: ;   {static_stub}
  0x000001c8a76771c4: 0048 bb00 | 0000 0000 

  0x000001c8a76771cc: ;   {runtime_call}
  0x000001c8a76771cc: 0000 00e9 | fbff ffff 

  0x000001c8a76771d4: ;   {static_stub}
  0x000001c8a76771d4: 48bb 0000 | 0000 0000 

  0x000001c8a76771dc: ;   {runtime_call}
  0x000001c8a76771dc: 0000 e9fb 

  0x000001c8a76771e0: ;   {static_stub}
  0x000001c8a76771e0: ffff ff48 | bbe8 b843 | b7c8 0100 

  0x000001c8a76771ec: ;   {runtime_call I2C/C2I adapters}
  0x000001c8a76771ec: 00e9 10fc 

  0x000001c8a76771f0: ;   {static_stub}
  0x000001c8a76771f0: 3b07 48bb | 0000 0000 | 0000 0000 

  0x000001c8a76771fc: ;   {runtime_call}
  0x000001c8a76771fc: e9fb ffff 

  0x000001c8a7677200: ;   {runtime_call handle_exception_from_callee Runtime1 stub}
  0x000001c8a7677200: ffe8 7ace 

  0x000001c8a7677204: ;   {external_word}
  0x000001c8a7677204: 4707 48b9 | e047 b7bf | f87f 0000 | 4883 e4f0 

  0x000001c8a7677214: ;   {runtime_call}
  0x000001c8a7677214: 48b8 4024 | 7fbf f87f | 0000 ffd0 

  0x000001c8a7677220: ;   {section_word}
  0x000001c8a7677220: f449 ba21 | 7267 a7c8 | 0100 0041 

  0x000001c8a767722c: ;   {runtime_call DeoptimizationBlob}
  0x000001c8a767722c: 52e9 eefd | 3c07 f4f4 | f4f4 f4f4 
[/MachCode]


Compiled method (c1)     772  858       3       java.security.SecureClassLoader::defineClass (16 bytes)
 total in heap  [0x000001c8a7654b10,0x000001c8a7654f10] = 1024
 relocation     [0x000001c8a7654c70,0x000001c8a7654cc0] = 80
 main code      [0x000001c8a7654cc0,0x000001c8a7654e18] = 344
 stub code      [0x000001c8a7654e18,0x000001c8a7654e68] = 80
 metadata       [0x000001c8a7654e68,0x000001c8a7654e70] = 8
 scopes data    [0x000001c8a7654e70,0x000001c8a7654eb8] = 72
 scopes pcs     [0x000001c8a7654eb8,0x000001c8a7654f08] = 80
 dependencies   [0x000001c8a7654f08,0x000001c8a7654f10] = 8

[Constant Pool (empty)]

[MachCode]
[Entry Point]
  # {method} {0x000001c8b704d810} 'defineClass' '(Ljava/lang/String;[BIILjava/security/CodeSource;)Ljava/lang/Class;' in 'java/security/SecureClassLoader'
  # this:     rdx:rdx   = 'java/security/SecureClassLoader'
  # parm0:    r8:r8     = 'java/lang/String'
  # parm1:    r9:r9     = '[B'
  # parm2:    rdi       = int
  # parm3:    rsi       = int
  # parm4:    rcx:rcx   = 'java/security/CodeSource'
  #           [sp+0x80]  (sp of caller)
  0x000001c8a7654cc0: 448b 5208 | 49bb 0000 | 00b7 c801 | 0000 4d03 | d34c 3bd0 

  0x000001c8a7654cd4: ;   {runtime_call ic_miss_stub}
  0x000001c8a7654cd4: 0f85 a699 | 3e07 660f | 1f44 0000 
[Verified Entry Point]
  0x000001c8a7654ce0: 8984 2400 | 80ff ff55 | 4883 ec70 | 4181 7f20 | 0100 0000 

  0x000001c8a7654cf4: ;   {runtime_call StubRoutines (final stubs)}
  0x000001c8a7654cf4: 7405 e845 

  0x000001c8a7654cf8: ;   {metadata(method data for {method} {0x000001c8b704d810} 'defineClass' '(Ljava/lang/String;[BIILjava/security/CodeSource;)Ljava/lang/Class;' in 'java/security/SecureClassLoader')}
  0x000001c8a7654cf8: 903d 0748 | bb28 ef17 | f8c8 0100 | 008b 83cc | 0000 0083 | c002 8983 | cc00 0000 | 25fe 0700 
  0x000001c8a7654d18: 0085 c00f | 8496 0000 | 0089 7424 | 5c89 7c24 | 584c 894c | 2450 4c89 | 4424 4848 

  0x000001c8a7654d34: ;   {metadata(method data for {method} {0x000001c8b704d810} 'defineClass' '(Ljava/lang/String;[BIILjava/security/CodeSource;)Ljava/lang/Class;' in 'java/security/SecureClassLoader')}
  0x000001c8a7654d34: 8bda 48b8 | 28ef 17f8 | c801 0000 | 4883 8010 | 0100 0001 | 4c8b c148 | 8bc2 488b | d048 8944 
  0x000001c8a7654d54: ;   {optimized virtual_call}
  0x000001c8a7654d54: 2440 90e8 

  0x000001c8a7654d58: ; ImmutableOopMap {[64]=Oop [72]=Oop [80]=Oop }
                      ;*invokevirtual getProtectionDomain {reexecute=0 rethrow=0 return_oop=0}
                      ; - java.security.SecureClassLoader::defineClass@9 (line 150)
  0x000001c8a7654d58: 447e ffff 

  0x000001c8a7654d5c: ;   {other}
  0x000001c8a7654d5c: 0f1f 8400 | 4c02 0000 | 488b 5424 

  0x000001c8a7654d68: ;   {metadata(method data for {method} {0x000001c8b704d810} 'defineClass' '(Ljava/lang/String;[BIILjava/security/CodeSource;)Ljava/lang/Class;' in 'java/security/SecureClassLoader')}
  0x000001c8a7654d68: 4049 b828 | ef17 f8c8 | 0100 0049 | 8380 4801 | 0000 014c | 8b44 2448 | 4c8b 4c24 | 508b 7c24 
  0x000001c8a7654d88: 588b 7424 | 5c48 8bc8 | 488b 5424 

  0x000001c8a7654d94: ;   {optimized virtual_call}
  0x000001c8a7654d94: 4066 90e8 

  0x000001c8a7654d98: ; ImmutableOopMap {}
                      ;*invokevirtual defineClass {reexecute=0 rethrow=0 return_oop=0}
                      ; - java.security.SecureClassLoader::defineClass@12 (line 150)
  0x000001c8a7654d98: a41f 0200 

  0x000001c8a7654d9c: ;   {other}
  0x000001c8a7654d9c: 0f1f 8400 | 8c02 0001 | 4883 c470 

  0x000001c8a7654da8: ;   {poll_return}
  0x000001c8a7654da8: 5d49 3ba7 | 5004 0000 | 0f87 2200 

  0x000001c8a7654db4: ;   {metadata({method} {0x000001c8b704d810} 'defineClass' '(Ljava/lang/String;[BIILjava/security/CodeSource;)Ljava/lang/Class;' in 'java/security/SecureClassLoader')}
  0x000001c8a7654db4: 0000 c349 | ba08 d804 | b7c8 0100 | 004c 8954 | 2408 48c7 | 0424 ffff 

  0x000001c8a7654dcc: ;   {runtime_call counter_overflow Runtime1 stub}
  0x000001c8a7654dcc: ffff e8ad 

  0x000001c8a7654dd0: ; ImmutableOopMap {rdx=Oop r8=Oop r9=Oop rcx=Oop }
                      ;*synchronization entry
                      ; - java.security.SecureClassLoader::defineClass@-1 (line 150)
  0x000001c8a7654dd0: 324a 07e9 | 49ff ffff 

  0x000001c8a7654dd8: ;   {internal_word}
  0x000001c8a7654dd8: 49ba a94d | 65a7 c801 | 0000 4d89 | 9768 0400 

  0x000001c8a7654de8: ;   {runtime_call SafepointBlob}
  0x000001c8a7654de8: 00e9 920d | 3f07 498b | 8700 0500 | 0049 c787 | 0005 0000 | 0000 0000 | 49c7 8708 | 0500 0000 
  0x000001c8a7654e08: 0000 0048 | 83c4 705d 

  0x000001c8a7654e10: ;   {runtime_call unwind_exception Runtime1 stub}
  0x000001c8a7654e10: e96b de48 | 07f4 f4f4 
[Stub Code]
  0x000001c8a7654e18: ;   {no_reloc}
  0x000001c8a7654e18: 48bb 0000 | 0000 0000 

  0x000001c8a7654e20: ;   {runtime_call}
  0x000001c8a7654e20: 0000 e9fb 

  0x000001c8a7654e24: ;   {static_stub}
  0x000001c8a7654e24: ffff ff48 | bb68 bc43 | b7c8 0100 

  0x000001c8a7654e30: ;   {runtime_call I2C/C2I adapters}
  0x000001c8a7654e30: 00e9 bf07 

  0x000001c8a7654e34: ;   {runtime_call handle_exception_from_callee Runtime1 stub}
  0x000001c8a7654e34: 3e07 e845 

  0x000001c8a7654e38: ;   {external_word}
  0x000001c8a7654e38: f249 0748 | b9e0 47b7 | bff8 7f00 | 0048 83e4 

  0x000001c8a7654e48: ;   {runtime_call}
  0x000001c8a7654e48: f048 b840 | 247f bff8 | 7f00 00ff 

  0x000001c8a7654e54: ;   {section_word}
  0x000001c8a7654e54: d0f4 49ba | 564e 65a7 | c801 0000 

  0x000001c8a7654e60: ;   {runtime_call DeoptimizationBlob}
  0x000001c8a7654e60: 4152 e9b9 | 213f 07f4 
[/MachCode]


---------------  P R O C E S S  ---------------

Threads class SMR info:
_java_thread_list=0x000001c8fc6e54a0, length=13, elements={
0x000001c89f0634b0, 0x000001c89eab6d70, 0x000001c89eab7c90, 0x000001c89eaba6d0,
0x000001c89eabb5f0, 0x000001c89eabc510, 0x000001c89eac1ef0, 0x000001c89eac3f00,
0x000001c89eacb240, 0x000001c8b652b740, 0x000001c8b6531350, 0x000001c8fc0f7530,
0x000001c8fc6c4930
}

Java Threads: ( => current thread )
=>0x000001c89f0634b0 JavaThread "main"                              [_thread_in_vm, id=21600, stack(0x00000004c2100000,0x00000004c2200000) (1024K)]
  0x000001c89eab6d70 JavaThread "Reference Handler"          daemon [_thread_blocked, id=39808, stack(0x00000004c2400000,0x00000004c2500000) (1024K)]
  0x000001c89eab7c90 JavaThread "Finalizer"                  daemon [_thread_blocked, id=28584, stack(0x00000004c2500000,0x00000004c2600000) (1024K)]
  0x000001c89eaba6d0 JavaThread "Signal Dispatcher"          daemon [_thread_blocked, id=31568, stack(0x00000004c2600000,0x00000004c2700000) (1024K)]
  0x000001c89eabb5f0 JavaThread "Attach Listener"            daemon [_thread_blocked, id=37920, stack(0x00000004c2700000,0x00000004c2800000) (1024K)]
  0x000001c89eabc510 JavaThread "Service Thread"             daemon [_thread_blocked, id=25724, stack(0x00000004c2800000,0x00000004c2900000) (1024K)]
  0x000001c89eac1ef0 JavaThread "Monitor Deflation Thread"   daemon [_thread_blocked, id=29488, stack(0x00000004c2900000,0x00000004c2a00000) (1024K)]
  0x000001c89eac3f00 JavaThread "C2 CompilerThread0"         daemon [_thread_blocked, id=31192, stack(0x00000004c2a00000,0x00000004c2b00000) (1024K)]
  0x000001c89eacb240 JavaThread "C1 CompilerThread0"         daemon [_thread_blocked, id=26836, stack(0x00000004c2b00000,0x00000004c2c00000) (1024K)]
  0x000001c8b652b740 JavaThread "Notification Thread"        daemon [_thread_blocked, id=10144, stack(0x00000004c2c00000,0x00000004c2d00000) (1024K)]
  0x000001c8b6531350 JavaThread "Common-Cleaner"             daemon [_thread_blocked, id=30120, stack(0x00000004c2d00000,0x00000004c2e00000) (1024K)]
  0x000001c8fc0f7530 JavaThread "C2 CompilerThread1"         daemon [_thread_blocked, id=28444, stack(0x00000004c2e00000,0x00000004c2f00000) (1024K)]
  0x000001c8fc6c4930 JavaThread "C2 CompilerThread2"         daemon [_thread_blocked, id=17104, stack(0x00000004c2f00000,0x00000004c3000000) (1024K)]
Total: 13

Other Threads:
  0x000001c89ea96420 VMThread "VM Thread"                           [id=26352, stack(0x00000004c2300000,0x00000004c2400000) (1024K)]
  0x000001c89f11bc10 WatcherThread "VM Periodic Task Thread"        [id=14332, stack(0x00000004c2200000,0x00000004c2300000) (1024K)]
Total: 2

Threads with active compile tasks:
Total: 0

VM state: not at safepoint (normal execution)

VM Mutex/Monitor currently owned by a thread:  ([mutex/lock_event])
[0x00007ff8bfe0ace8] Metaspace_lock - owner thread: 0x000001c89f0634b0

Heap address: 0x00000000f8000000, size: 128 MB, Compressed Oops mode: 32-bit

CDS archive(s) mapped at: [0x000001c8b7000000-0x000001c8b7c90000-0x000001c8b7c90000), size 13172736, SharedBaseAddress: 0x000001c8b7000000, ArchiveRelocationMode: 1.
Compressed class space mapped at: 0x000001c8b8000000-0x000001c8f8000000, reserved size: 1073741824
Narrow klass base: 0x000001c8b7000000, Narrow klass shift: 0, Narrow klass range: 0x100000000

GC Precious Log:
 CardTable entry size: 512
 CPUs: 8 total, 8 available
 Memory: 16082M
 Large Page Support: Disabled
 NUMA Support: Disabled
 Compressed Oops: Enabled (32-bit)
 Heap Min Capacity: 32M
 Heap Initial Capacity: 32M
 Heap Max Capacity: 128M
 Pre-touch: Disabled

Heap:
 def new generation   total 9792K, used 3824K [0x00000000f8000000, 0x00000000f8aa0000, 0x00000000faaa0000)
  eden space 8704K,  32% used [0x00000000f8000000, 0x00000000f82c7290, 0x00000000f8880000)
  from space 1088K,  90% used [0x00000000f8880000, 0x00000000f8974e90, 0x00000000f8990000)
  to   space 1088K,   0% used [0x00000000f8990000, 0x00000000f8990000, 0x00000000f8aa0000)
 tenured generation   total 21888K, used 4094K [0x00000000faaa0000, 0x00000000fc000000, 0x0000000100000000)
   the space 21888K,  18% used [0x00000000faaa0000, 0x00000000fae9fa40, 0x00000000fae9fc00, 0x00000000fc000000)
 Metaspace       used 10099K, committed 10240K, reserved 1114112K
  class space    used 1205K, committed 1280K, reserved 1048576K

Card table byte_map: [0x000001c89cfc0000,0x000001c89d010000] _byte_map_base: 0x000001c89c800000

Polling page: 0x000001c89cf90000

Metaspace:

Usage:
  Non-class:      8.69 MB used.
      Class:      1.18 MB used.
       Both:      9.86 MB used.

Virtual space:
  Non-class space:       64.00 MB reserved,       8.75 MB ( 14%) committed,  1 nodes.
      Class space:        1.00 GB reserved,       1.25 MB ( <1%) committed,  1 nodes.
             Both:        1.06 GB reserved,      10.00 MB ( <1%) committed. 

Chunk freelists:
   Non-Class:  5.73 MB
       Class:  14.75 MB
        Both:  20.48 MB

MaxMetaspaceSize: unlimited
CompressedClassSpaceSize: 1.00 GB
Initial GC threshold: 21.00 MB
Current GC threshold: 21.00 MB
CDS: on
 - commit_granule_bytes: 65536.
 - commit_granule_words: 8192.
 - virtual_space_node_default_size: 8388608.
 - enlarge_chunks_in_place: 1.
 - use_allocation_guard: 0.


Internal statistics:

num_allocs_failed_limit: 0.
num_arena_births: 66.
num_arena_deaths: 0.
num_vsnodes_births: 2.
num_vsnodes_deaths: 0.
num_space_committed: 160.
num_space_uncommitted: 0.
num_chunks_returned_to_freelist: 0.
num_chunks_taken_from_freelist: 383.
num_chunk_merges: 0.
num_chunk_splits: 273.
num_chunks_enlarged: 235.
num_inconsistent_stats: 0.

CodeHeap 'non-profiled nmethods': size=120000Kb used=774Kb max_used=774Kb free=119225Kb
 bounds [0x000001c8aef90000, 0x000001c8af200000, 0x000001c8b64c0000]
CodeHeap 'profiled nmethods': size=120000Kb used=3477Kb max_used=3477Kb free=116523Kb
 bounds [0x000001c8a74c0000, 0x000001c8a7830000, 0x000001c8ae9f0000]
CodeHeap 'non-nmethods': size=5760Kb used=1210Kb max_used=1246Kb free=4549Kb
 bounds [0x000001c8ae9f0000, 0x000001c8aec60000, 0x000001c8aef90000]
 total_blobs=2330 nmethods=1865 adapters=372
 compilation: enabled
              stopped_count=0, restarted_count=0
 full_count=0

Compilation events (20 events):
Event: 0.745 Thread 0x000001c89eacb240 nmethod 1855 0x000001c8a781f190 code [0x000001c8a781f340, 0x000001c8a781f518]
Event: 0.746 Thread 0x000001c89eacb240 1856       3       java.lang.reflect.AccessibleObject::isAnnotationPresent (6 bytes)
Event: 0.746 Thread 0x000001c89eacb240 nmethod 1856 0x000001c8a781f610 code [0x000001c8a781f7c0, 0x000001c8a781fa40]
Event: 0.746 Thread 0x000001c89eacb240 1857       3       com.google.inject.spi.InjectionPoint$InjectableField::toInjectionPoint (20 bytes)
Event: 0.746 Thread 0x000001c89eacb240 nmethod 1857 0x000001c8a781fb10 code [0x000001c8a781fcc0, 0x000001c8a781fe80]
Event: 0.746 Thread 0x000001c89eacb240 1860       3       java.lang.reflect.Constructor::getAnnotation (6 bytes)
Event: 0.747 Thread 0x000001c89eacb240 nmethod 1860 0x000001c8a781ff90 code [0x000001c8a78201c0, 0x000001c8a78208b8]
Event: 0.747 Thread 0x000001c89eacb240 1858   !   3       com.google.inject.spi.InjectionPoint::<init> (153 bytes)
Event: 0.747 Thread 0x000001c8fc6c4930 1861       4       java.lang.invoke.Invokers$Holder::linkToTargetMethod (8 bytes)
Event: 0.747 Thread 0x000001c8fc6c4930 nmethod 1861 0x000001c8af050910 code [0x000001c8af050aa0, 0x000001c8af050b78]
Event: 0.748 Thread 0x000001c89eacb240 nmethod 1858 0x000001c8a7820b10 code [0x000001c8a7820f60, 0x000001c8a7822e18]
Event: 0.748 Thread 0x000001c89eacb240 1859       3       com.google.inject.spi.InjectionPoint::getAnnotations (33 bytes)
Event: 0.748 Thread 0x000001c89eacb240 nmethod 1859 0x000001c8a7823b10 code [0x000001c8a7823d20, 0x000001c8a7824360]
Event: 0.749 Thread 0x000001c89eacb240 1862       3       java.util.HashMap::entrySet (27 bytes)
Event: 0.749 Thread 0x000001c89eacb240 nmethod 1862 0x000001c8a7824590 code [0x000001c8a7824760, 0x000001c8a7824ae0]
Event: 0.749 Thread 0x000001c89eacb240 1863       3       java.util.HashMap$EntrySet::iterator (12 bytes)
Event: 0.749 Thread 0x000001c89eacb240 nmethod 1863 0x000001c8a7824c10 code [0x000001c8a7824dc0, 0x000001c8a7824fc8]
Event: 0.749 Thread 0x000001c89eacb240 1864       3       java.util.HashMap$EntryIterator::<init> (6 bytes)
Event: 0.749 Thread 0x000001c89eacb240 nmethod 1864 0x000001c8a7825090 code [0x000001c8a7825240, 0x000001c8a7825378]
Event: 0.751 Thread 0x000001c89eac3f00 1865       4       java.lang.StringBuilder::append (8 bytes)

GC Heap History (12 events):
Event: 0.204 GC heap before
{Heap before GC invocations=0 (full 0):
 def new generation   total 9792K, used 8704K [0x00000000f8000000, 0x00000000f8aa0000, 0x00000000faaa0000)
  eden space 8704K, 100% used [0x00000000f8000000, 0x00000000f8880000, 0x00000000f8880000)
  from space 1088K,   0% used [0x00000000f8880000, 0x00000000f8880000, 0x00000000f8990000)
  to   space 1088K,   0% used [0x00000000f8990000, 0x00000000f8990000, 0x00000000f8aa0000)
 tenured generation   total 21888K, used 0K [0x00000000faaa0000, 0x00000000fc000000, 0x0000000100000000)
   the space 21888K,   0% used [0x00000000faaa0000, 0x00000000faaa0000, 0x00000000faaa0200, 0x00000000fc000000)
 Metaspace       used 2638K, committed 2816K, reserved 1114112K
  class space    used 260K, committed 320K, reserved 1048576K
}
Event: 0.207 GC heap after
{Heap after GC invocations=1 (full 0):
 def new generation   total 9792K, used 1087K [0x00000000f8000000, 0x00000000f8aa0000, 0x00000000faaa0000)
  eden space 8704K,   0% used [0x00000000f8000000, 0x00000000f8000000, 0x00000000f8880000)
  from space 1088K,  99% used [0x00000000f8990000, 0x00000000f8a9fff8, 0x00000000f8aa0000)
  to   space 1088K,   0% used [0x00000000f8880000, 0x00000000f8880000, 0x00000000f8990000)
 tenured generation   total 21888K, used 1491K [0x00000000faaa0000, 0x00000000fc000000, 0x0000000100000000)
   the space 21888K,   6% used [0x00000000faaa0000, 0x00000000fac14d70, 0x00000000fac14e00, 0x00000000fc000000)
 Metaspace       used 2638K, committed 2816K, reserved 1114112K
  class space    used 260K, committed 320K, reserved 1048576K
}
Event: 0.334 GC heap before
{Heap before GC invocations=1 (full 0):
 def new generation   total 9792K, used 9791K [0x00000000f8000000, 0x00000000f8aa0000, 0x00000000faaa0000)
  eden space 8704K, 100% used [0x00000000f8000000, 0x00000000f8880000, 0x00000000f8880000)
  from space 1088K,  99% used [0x00000000f8990000, 0x00000000f8a9fff8, 0x00000000f8aa0000)
  to   space 1088K,   0% used [0x00000000f8880000, 0x00000000f8880000, 0x00000000f8990000)
 tenured generation   total 21888K, used 1491K [0x00000000faaa0000, 0x00000000fc000000, 0x0000000100000000)
   the space 21888K,   6% used [0x00000000faaa0000, 0x00000000fac14d70, 0x00000000fac14e00, 0x00000000fc000000)
 Metaspace       used 5136K, committed 5376K, reserved 1114112K
  class space    used 589K, committed 704K, reserved 1048576K
}
Event: 0.338 GC heap after
{Heap after GC invocations=2 (full 0):
 def new generation   total 9792K, used 959K [0x00000000f8000000, 0x00000000f8aa0000, 0x00000000faaa0000)
  eden space 8704K,   0% used [0x00000000f8000000, 0x00000000f8000000, 0x00000000f8880000)
  from space 1088K,  88% used [0x00000000f8880000, 0x00000000f896fd80, 0x00000000f8990000)
  to   space 1088K,   0% used [0x00000000f8990000, 0x00000000f8990000, 0x00000000f8aa0000)
 tenured generation   total 21888K, used 2563K [0x00000000faaa0000, 0x00000000fc000000, 0x0000000100000000)
   the space 21888K,  11% used [0x00000000faaa0000, 0x00000000fad20df0, 0x00000000fad20e00, 0x00000000fc000000)
 Metaspace       used 5136K, committed 5376K, reserved 1114112K
  class space    used 589K, committed 704K, reserved 1048576K
}
Event: 0.410 GC heap before
{Heap before GC invocations=2 (full 0):
 def new generation   total 9792K, used 9663K [0x00000000f8000000, 0x00000000f8aa0000, 0x00000000faaa0000)
  eden space 8704K, 100% used [0x00000000f8000000, 0x00000000f8880000, 0x00000000f8880000)
  from space 1088K,  88% used [0x00000000f8880000, 0x00000000f896fd80, 0x00000000f8990000)
  to   space 1088K,   0% used [0x00000000f8990000, 0x00000000f8990000, 0x00000000f8aa0000)
 tenured generation   total 21888K, used 2563K [0x00000000faaa0000, 0x00000000fc000000, 0x0000000100000000)
   the space 21888K,  11% used [0x00000000faaa0000, 0x00000000fad20df0, 0x00000000fad20e00, 0x00000000fc000000)
 Metaspace       used 5800K, committed 6016K, reserved 1114112K
  class space    used 682K, committed 768K, reserved 1048576K
}
Event: 0.413 GC heap after
{Heap after GC invocations=3 (full 0):
 def new generation   total 9792K, used 388K [0x00000000f8000000, 0x00000000f8aa0000, 0x00000000faaa0000)
  eden space 8704K,   0% used [0x00000000f8000000, 0x00000000f8000000, 0x00000000f8880000)
  from space 1088K,  35% used [0x00000000f8990000, 0x00000000f89f1300, 0x00000000f8aa0000)
  to   space 1088K,   0% used [0x00000000f8880000, 0x00000000f8880000, 0x00000000f8990000)
 tenured generation   total 21888K, used 3500K [0x00000000faaa0000, 0x00000000fc000000, 0x0000000100000000)
   the space 21888K,  15% used [0x00000000faaa0000, 0x00000000fae0b2b0, 0x00000000fae0b400, 0x00000000fc000000)
 Metaspace       used 5800K, committed 6016K, reserved 1114112K
  class space    used 682K, committed 768K, reserved 1048576K
}
Event: 0.522 GC heap before
{Heap before GC invocations=3 (full 0):
 def new generation   total 9792K, used 9092K [0x00000000f8000000, 0x00000000f8aa0000, 0x00000000faaa0000)
  eden space 8704K, 100% used [0x00000000f8000000, 0x00000000f8880000, 0x00000000f8880000)
  from space 1088K,  35% used [0x00000000f8990000, 0x00000000f89f1300, 0x00000000f8aa0000)
  to   space 1088K,   0% used [0x00000000f8880000, 0x00000000f8880000, 0x00000000f8990000)
 tenured generation   total 21888K, used 3500K [0x00000000faaa0000, 0x00000000fc000000, 0x0000000100000000)
   the space 21888K,  15% used [0x00000000faaa0000, 0x00000000fae0b2b0, 0x00000000fae0b400, 0x00000000fc000000)
 Metaspace       used 6760K, committed 6976K, reserved 1114112K
  class space    used 787K, committed 896K, reserved 1048576K
}
Event: 0.523 GC heap after
{Heap after GC invocations=4 (full 0):
 def new generation   total 9792K, used 665K [0x00000000f8000000, 0x00000000f8aa0000, 0x00000000faaa0000)
  eden space 8704K,   0% used [0x00000000f8000000, 0x00000000f8000000, 0x00000000f8880000)
  from space 1088K,  61% used [0x00000000f8880000, 0x00000000f8926648, 0x00000000f8990000)
  to   space 1088K,   0% used [0x00000000f8990000, 0x00000000f8990000, 0x00000000f8aa0000)
 tenured generation   total 21888K, used 3500K [0x00000000faaa0000, 0x00000000fc000000, 0x0000000100000000)
   the space 21888K,  15% used [0x00000000faaa0000, 0x00000000fae0b2b0, 0x00000000fae0b400, 0x00000000fc000000)
 Metaspace       used 6760K, committed 6976K, reserved 1114112K
  class space    used 787K, committed 896K, reserved 1048576K
}
Event: 0.608 GC heap before
{Heap before GC invocations=4 (full 0):
 def new generation   total 9792K, used 9369K [0x00000000f8000000, 0x00000000f8aa0000, 0x00000000faaa0000)
  eden space 8704K, 100% used [0x00000000f8000000, 0x00000000f8880000, 0x00000000f8880000)
  from space 1088K,  61% used [0x00000000f8880000, 0x00000000f8926648, 0x00000000f8990000)
  to   space 1088K,   0% used [0x00000000f8990000, 0x00000000f8990000, 0x00000000f8aa0000)
 tenured generation   total 21888K, used 3500K [0x00000000faaa0000, 0x00000000fc000000, 0x0000000100000000)
   the space 21888K,  15% used [0x00000000faaa0000, 0x00000000fae0b2b0, 0x00000000fae0b400, 0x00000000fc000000)
 Metaspace       used 7656K, committed 7872K, reserved 1114112K
  class space    used 890K, committed 960K, reserved 1048576K
}
Event: 0.610 GC heap after
{Heap after GC invocations=5 (full 0):
 def new generation   total 9792K, used 695K [0x00000000f8000000, 0x00000000f8aa0000, 0x00000000faaa0000)
  eden space 8704K,   0% used [0x00000000f8000000, 0x00000000f8000000, 0x00000000f8880000)
  from space 1088K,  63% used [0x00000000f8990000, 0x00000000f8a3dc60, 0x00000000f8aa0000)
  to   space 1088K,   0% used [0x00000000f8880000, 0x00000000f8880000, 0x00000000f8990000)
 tenured generation   total 21888K, used 3752K [0x00000000faaa0000, 0x00000000fc000000, 0x0000000100000000)
   the space 21888K,  17% used [0x00000000faaa0000, 0x00000000fae4a120, 0x00000000fae4a200, 0x00000000fc000000)
 Metaspace       used 7656K, committed 7872K, reserved 1114112K
  class space    used 890K, committed 960K, reserved 1048576K
}
Event: 0.711 GC heap before
{Heap before GC invocations=5 (full 0):
 def new generation   total 9792K, used 9399K [0x00000000f8000000, 0x00000000f8aa0000, 0x00000000faaa0000)
  eden space 8704K, 100% used [0x00000000f8000000, 0x00000000f8880000, 0x00000000f8880000)
  from space 1088K,  63% used [0x00000000f8990000, 0x00000000f8a3dc60, 0x00000000f8aa0000)
  to   space 1088K,   0% used [0x00000000f8880000, 0x00000000f8880000, 0x00000000f8990000)
 tenured generation   total 21888K, used 3752K [0x00000000faaa0000, 0x00000000fc000000, 0x0000000100000000)
   the space 21888K,  17% used [0x00000000faaa0000, 0x00000000fae4a120, 0x00000000fae4a200, 0x00000000fc000000)
 Metaspace       used 9544K, committed 9728K, reserved 1114112K
  class space    used 1134K, committed 1216K, reserved 1048576K
}
Event: 0.714 GC heap after
{Heap after GC invocations=6 (full 0):
 def new generation   total 9792K, used 979K [0x00000000f8000000, 0x00000000f8aa0000, 0x00000000faaa0000)
  eden space 8704K,   0% used [0x00000000f8000000, 0x00000000f8000000, 0x00000000f8880000)
  from space 1088K,  90% used [0x00000000f8880000, 0x00000000f8974e90, 0x00000000f8990000)
  to   space 1088K,   0% used [0x00000000f8990000, 0x00000000f8990000, 0x00000000f8aa0000)
 tenured generation   total 21888K, used 4094K [0x00000000faaa0000, 0x00000000fc000000, 0x0000000100000000)
   the space 21888K,  18% used [0x00000000faaa0000, 0x00000000fae9fa40, 0x00000000fae9fc00, 0x00000000fc000000)
 Metaspace       used 9544K, committed 9728K, reserved 1114112K
  class space    used 1134K, committed 1216K, reserved 1048576K
}

Dll operation events (8 events):
Event: 0.005 Loaded shared library D:\Scoop\apps\openjdk21\current\bin\java.dll
Event: 0.029 Loaded shared library D:\Scoop\apps\openjdk21\current\bin\jsvml.dll
Event: 0.040 Loaded shared library D:\Scoop\apps\openjdk21\current\bin\net.dll
Event: 0.042 Loaded shared library D:\Scoop\apps\openjdk21\current\bin\nio.dll
Event: 0.043 Loaded shared library D:\Scoop\apps\openjdk21\current\bin\zip.dll
Event: 0.119 Loaded shared library D:\Scoop\apps\openjdk21\current\bin\jimage.dll
Event: 0.119 Loaded shared library D:\Scoop\apps\maven\current\lib\jansi-native\Windows\x86_64\jansi.dll
Event: 0.126 Loaded shared library D:\Scoop\apps\openjdk21\current\bin\verify.dll

Deoptimization events (20 events):
Event: 0.720 Thread 0x000001c89f0634b0 Uncommon trap: trap_request=0xffffffd6 fr.pc=0x000001c8af04b6e8 relative=0x00000000000000c8
Event: 0.720 Thread 0x000001c89f0634b0 Uncommon trap: reason=array_check action=maybe_recompile pc=0x000001c8af04b6e8 method=java.util.stream.Nodes$FixedNodeBuilder.accept(Ljava/lang/Object;)V @ 28 c2
Event: 0.720 Thread 0x000001c89f0634b0 DEOPT PACKING pc=0x000001c8af04b6e8 sp=0x00000004c21fe2d0
Event: 0.720 Thread 0x000001c89f0634b0 DEOPT UNPACKING pc=0x000001c8aea46da2 sp=0x00000004c21fe250 mode 2
Event: 0.725 Thread 0x000001c89f0634b0 Uncommon trap: trap_request=0xffffffc6 fr.pc=0x000001c8af020d7c relative=0x00000000000002fc
Event: 0.725 Thread 0x000001c89f0634b0 Uncommon trap: reason=bimorphic_or_optimized_type_check action=maybe_recompile pc=0x000001c8af020d7c method=java.util.HashMap.getNode(Ljava/lang/Object;)Ljava/util/HashMap$Node; @ 63 c2
Event: 0.725 Thread 0x000001c89f0634b0 DEOPT PACKING pc=0x000001c8af020d7c sp=0x00000004c21fe8e0
Event: 0.725 Thread 0x000001c89f0634b0 DEOPT UNPACKING pc=0x000001c8aea46da2 sp=0x00000004c21fe848 mode 2
Event: 0.726 Thread 0x000001c89f0634b0 Uncommon trap: trap_request=0xffffffc6 fr.pc=0x000001c8af020d7c relative=0x00000000000002fc
Event: 0.726 Thread 0x000001c89f0634b0 Uncommon trap: reason=bimorphic_or_optimized_type_check action=maybe_recompile pc=0x000001c8af020d7c method=java.util.HashMap.getNode(Ljava/lang/Object;)Ljava/util/HashMap$Node; @ 63 c2
Event: 0.726 Thread 0x000001c89f0634b0 DEOPT PACKING pc=0x000001c8af020d7c sp=0x00000004c21fe780
Event: 0.726 Thread 0x000001c89f0634b0 DEOPT UNPACKING pc=0x000001c8aea46da2 sp=0x00000004c21fe6e8 mode 2
Event: 0.726 Thread 0x000001c89f0634b0 Uncommon trap: trap_request=0xffffffc6 fr.pc=0x000001c8af020da0 relative=0x0000000000000320
Event: 0.726 Thread 0x000001c89f0634b0 Uncommon trap: reason=bimorphic_or_optimized_type_check action=maybe_recompile pc=0x000001c8af020da0 method=java.util.HashMap.getNode(Ljava/lang/Object;)Ljava/util/HashMap$Node; @ 128 c2
Event: 0.726 Thread 0x000001c89f0634b0 DEOPT PACKING pc=0x000001c8af020da0 sp=0x00000004c21fe780
Event: 0.726 Thread 0x000001c89f0634b0 DEOPT UNPACKING pc=0x000001c8aea46da2 sp=0x00000004c21fe6e8 mode 2
Event: 0.727 Thread 0x000001c89f0634b0 Uncommon trap: trap_request=0xffffffc6 fr.pc=0x000001c8af020d7c relative=0x00000000000002fc
Event: 0.727 Thread 0x000001c89f0634b0 Uncommon trap: reason=bimorphic_or_optimized_type_check action=maybe_recompile pc=0x000001c8af020d7c method=java.util.HashMap.getNode(Ljava/lang/Object;)Ljava/util/HashMap$Node; @ 63 c2
Event: 0.727 Thread 0x000001c89f0634b0 DEOPT PACKING pc=0x000001c8af020d7c sp=0x00000004c21fe630
Event: 0.727 Thread 0x000001c89f0634b0 DEOPT UNPACKING pc=0x000001c8aea46da2 sp=0x00000004c21fe598 mode 2

Classes loaded (20 events):
Event: 0.642 Loading class java/security/NoSuchAlgorithmException
Event: 0.642 Loading class java/security/GeneralSecurityException
Event: 0.642 Loading class java/security/GeneralSecurityException done
Event: 0.642 Loading class java/security/NoSuchAlgorithmException done
Event: 0.662 Loading class java/util/EventObject
Event: 0.662 Loading class java/util/EventObject done
Event: 0.682 Loading class java/lang/reflect/Executable$ParameterData
Event: 0.682 Loading class java/lang/reflect/Executable$ParameterData done
Event: 0.682 Loading class sun/reflect/generics/scope/ConstructorScope
Event: 0.683 Loading class sun/reflect/generics/scope/ConstructorScope done
Event: 0.683 Loading class sun/reflect/generics/repository/ConstructorRepository
Event: 0.683 Loading class sun/reflect/generics/repository/ConstructorRepository done
Event: 0.683 Loading class sun/reflect/generics/tree/VoidDescriptor
Event: 0.683 Loading class sun/reflect/generics/tree/VoidDescriptor done
Event: 0.683 Loading class sun/reflect/generics/tree/MethodTypeSignature
Event: 0.683 Loading class sun/reflect/generics/tree/MethodTypeSignature done
Event: 0.707 Loading class java/util/concurrent/CompletionService
Event: 0.707 Loading class java/util/concurrent/CompletionService done
Event: 0.746 Loading class sun/reflect/generics/repository/FieldRepository
Event: 0.746 Loading class sun/reflect/generics/repository/FieldRepository done

Classes unloaded (0 events):
No events

Classes redefined (0 events):
No events

Internal exceptions (20 events):
Event: 0.121 Thread 0x000001c89f0634b0 Exception <a 'java/lang/NullPointerException'{0x00000000f84e2f90}> (0x00000000f84e2f90) 
thrown [s\open\src\hotspot\share\interpreter\linkResolver.cpp, line 1372]
Event: 0.125 Thread 0x000001c89f0634b0 Exception <a 'sun/nio/fs/WindowsException'{0x00000000f853a9b0}> (0x00000000f853a9b0) 
thrown [s\open\src\hotspot\share\prims\jni.cpp, line 520]
Event: 0.125 Thread 0x000001c89f0634b0 Exception <a 'sun/nio/fs/WindowsException'{0x00000000f853b030}> (0x00000000f853b030) 
thrown [s\open\src\hotspot\share\prims\jni.cpp, line 520]
Event: 0.125 Thread 0x000001c89f0634b0 Exception <a 'sun/nio/fs/WindowsException'{0x00000000f853b598}> (0x00000000f853b598) 
thrown [s\open\src\hotspot\share\prims\jni.cpp, line 520]
Event: 0.125 Thread 0x000001c89f0634b0 Exception <a 'sun/nio/fs/WindowsException'{0x00000000f853baa8}> (0x00000000f853baa8) 
thrown [s\open\src\hotspot\share\prims\jni.cpp, line 520]
Event: 0.125 Thread 0x000001c89f0634b0 Exception <a 'sun/nio/fs/WindowsException'{0x00000000f853bf68}> (0x00000000f853bf68) 
thrown [s\open\src\hotspot\share\prims\jni.cpp, line 520]
Event: 0.130 Thread 0x000001c89f0634b0 Exception <a 'java/lang/NoSuchMethodError'{0x00000000f857e400}: 'void java.lang.invoke.DirectMethodHandle$Holder.invokeVirtual(java.lang.Object, java.lang.Object)'> (0x00000000f857e400) 
thrown [s\open\src\hotspot\share\interpreter\linkResolver.cpp, line 773]
Event: 0.132 Thread 0x000001c89f0634b0 Exception <a 'java/lang/NoSuchMethodError'{0x00000000f859a8f0}: 'void java.lang.invoke.DirectMethodHandle$Holder.invokeStatic(java.lang.Object, java.lang.Object)'> (0x00000000f859a8f0) 
thrown [s\open\src\hotspot\share\interpreter\linkResolver.cpp, line 773]
Event: 0.132 Thread 0x000001c89f0634b0 Exception <a 'java/lang/NoSuchMethodError'{0x00000000f859d9a8}: 'void java.lang.invoke.DirectMethodHandle$Holder.invokeStaticInit(java.lang.Object, java.lang.Object)'> (0x00000000f859d9a8) 
thrown [s\open\src\hotspot\share\interpreter\linkResolver.cpp, line 773]
Event: 0.139 Thread 0x000001c89f0634b0 Exception <a 'java/lang/NoSuchMethodError'{0x00000000f85c0300}: 'void java.lang.invoke.DirectMethodHandle$Holder.invokeSpecial(java.lang.Object, java.lang.Object, java.lang.Object, java.lang.Object, java.lang.Object)'> (0x00000000f85c0300) 
thrown [s\open\src\hotspot\share\interpreter\linkResolver.cpp, line 773]
Event: 0.145 Thread 0x000001c89f0634b0 Exception <a 'java/lang/NoSuchMethodError'{0x00000000f85fe8d0}: 'void java.lang.invoke.DirectMethodHandle$Holder.invokeStatic(java.lang.Object, java.lang.Object, java.lang.Object)'> (0x00000000f85fe8d0) 
thrown [s\open\src\hotspot\share\interpreter\linkResolver.cpp, line 773]
Event: 0.179 Thread 0x000001c89f0634b0 Exception <a 'java/lang/NoSuchMethodError'{0x00000000f8775fd0}: 'java.lang.Object java.lang.invoke.DirectMethodHandle$Holder.invokeSpecialIFC(java.lang.Object, java.lang.Object, java.lang.Object, java.lang.Object)'> (0x00000000f8775fd0) 
thrown [s\open\src\hotspot\share\interpreter\linkResolver.cpp, line 773]
Event: 0.278 Thread 0x000001c89f0634b0 Exception <a 'java/lang/NoSuchMethodError'{0x00000000f84e06a8}: 'void java.lang.invoke.DirectMethodHandle$Holder.invokeSpecial(java.lang.Object, java.lang.Object, java.lang.Object)'> (0x00000000f84e06a8) 
thrown [s\open\src\hotspot\share\interpreter\linkResolver.cpp, line 773]
Event: 0.299 Thread 0x000001c89f0634b0 Exception <a 'java/lang/NoSuchMethodError'{0x00000000f86382f8}: 'java.lang.Object java.lang.invoke.DirectMethodHandle$Holder.invokeInterface(java.lang.Object, java.lang.Object)'> (0x00000000f86382f8) 
thrown [s\open\src\hotspot\share\interpreter\linkResolver.cpp, line 773]
Event: 0.308 Thread 0x000001c89f0634b0 Exception <a 'java/lang/NoSuchMethodError'{0x00000000f86d87e8}: 'int java.lang.invoke.DirectMethodHandle$Holder.invokeStatic(java.lang.Object, java.lang.Object, java.lang.Object, java.lang.Object)'> (0x00000000f86d87e8) 
thrown [s\open\src\hotspot\share\interpreter\linkResolver.cpp, line 773]
Event: 0.308 Thread 0x000001c89f0634b0 Exception <a 'java/lang/NoSuchMethodError'{0x00000000f86dc120}: 'java.lang.Object java.lang.invoke.Invokers$Holder.invokeExact_MT(java.lang.Object, java.lang.Object, java.lang.Object, java.lang.Object, java.lang.Object, java.lang.Object)'> (0x00000000f86dc120) 
thrown [s\open\src\hotspot\share\interpreter\linkResolver.cpp, line 773]
Event: 0.309 Thread 0x000001c89f0634b0 Exception <a 'java/lang/NoSuchMethodError'{0x00000000f86ea760}: 'int java.lang.invoke.DirectMethodHandle$Holder.invokeSpecialIFC(java.lang.Object, java.lang.Object, java.lang.Object, java.lang.Object, java.lang.Object)'> (0x00000000f86ea760) 
thrown [s\open\src\hotspot\share\interpreter\linkResolver.cpp, line 773]
Event: 0.339 Thread 0x000001c89f0634b0 Exception <a 'java/lang/NoSuchMethodError'{0x00000000f8005d90}: 'java.lang.Object java.lang.invoke.DirectMethodHandle$Holder.newInvokeSpecial(java.lang.Object, java.lang.Object, java.lang.Object, java.lang.Object, java.lang.Object)'> (0x00000000f8005d90) 
thrown [s\open\src\hotspot\share\interpreter\linkResolver.cpp, line 773]
Event: 0.355 Thread 0x000001c89f0634b0 Exception <a 'java/lang/NoSuchMethodError'{0x00000000f813e540}: 'int java.lang.invoke.DirectMethodHandle$Holder.invokeStaticInit(java.lang.Object, java.lang.Object)'> (0x00000000f813e540) 
thrown [s\open\src\hotspot\share\interpreter\linkResolver.cpp, line 773]
Event: 0.359 Thread 0x000001c89f0634b0 Exception <a 'java/lang/NoClassDefFoundError'{0x00000000f8176278}: javax/enterprise/inject/Typed> (0x00000000f8176278) 
thrown [s\open\src\hotspot\share\classfile\systemDictionary.cpp, line 301]

ZGC Phase Switch (0 events):
No events

VM Operations (20 events):
Event: 0.115 Executing VM operation: HandshakeAllThreads (Deoptimize)
Event: 0.115 Executing VM operation: HandshakeAllThreads (Deoptimize) done
Event: 0.120 Executing VM operation: HandshakeAllThreads (Deoptimize)
Event: 0.120 Executing VM operation: HandshakeAllThreads (Deoptimize) done
Event: 0.204 Executing VM operation: GenCollectForAllocation (Allocation Failure)
Event: 0.207 Executing VM operation: GenCollectForAllocation (Allocation Failure) done
Event: 0.334 Executing VM operation: GenCollectForAllocation (Allocation Failure)
Event: 0.338 Executing VM operation: GenCollectForAllocation (Allocation Failure) done
Event: 0.410 Executing VM operation: GenCollectForAllocation (Allocation Failure)
Event: 0.413 Executing VM operation: GenCollectForAllocation (Allocation Failure) done
Event: 0.522 Executing VM operation: GenCollectForAllocation (Allocation Failure)
Event: 0.523 Executing VM operation: GenCollectForAllocation (Allocation Failure) done
Event: 0.608 Executing VM operation: GenCollectForAllocation (Allocation Failure)
Event: 0.610 Executing VM operation: GenCollectForAllocation (Allocation Failure) done
Event: 0.610 Executing VM operation: HandshakeAllThreads (Deoptimize)
Event: 0.610 Executing VM operation: HandshakeAllThreads (Deoptimize) done
Event: 0.705 Executing VM operation: HandshakeAllThreads (Deoptimize)
Event: 0.706 Executing VM operation: HandshakeAllThreads (Deoptimize) done
Event: 0.711 Executing VM operation: GenCollectForAllocation (Allocation Failure)
Event: 0.714 Executing VM operation: GenCollectForAllocation (Allocation Failure) done

Events (15 events):
Event: 0.013 Thread 0x000001c89f0634b0 Thread added: 0x000001c89f0634b0
Event: 0.027 Thread 0x000001c89eab6d70 Thread added: 0x000001c89eab6d70
Event: 0.027 Thread 0x000001c89eab7c90 Thread added: 0x000001c89eab7c90
Event: 0.027 Thread 0x000001c89eaba6d0 Thread added: 0x000001c89eaba6d0
Event: 0.027 Thread 0x000001c89eabb5f0 Thread added: 0x000001c89eabb5f0
Event: 0.027 Thread 0x000001c89eabc510 Thread added: 0x000001c89eabc510
Event: 0.027 Thread 0x000001c89eac1ef0 Thread added: 0x000001c89eac1ef0
Event: 0.027 Thread 0x000001c89eac3f00 Thread added: 0x000001c89eac3f00
Event: 0.027 Thread 0x000001c89eacb240 Thread added: 0x000001c89eacb240
Event: 0.037 Thread 0x000001c8b652b740 Thread added: 0x000001c8b652b740
Event: 0.039 Thread 0x000001c8b6531350 Thread added: 0x000001c8b6531350
Event: 0.117 Thread 0x000001c8fc00d100 Thread added: 0x000001c8fc00d100
Event: 0.122 Thread 0x000001c8fc00d100 Thread exited: 0x000001c8fc00d100
Event: 0.243 Thread 0x000001c8fc0f7530 Thread added: 0x000001c8fc0f7530
Event: 0.375 Thread 0x000001c8fc6c4930 Thread added: 0x000001c8fc6c4930


Dynamic libraries:
0x00007ff73ad00000 - 0x00007ff73ad0e000 	D:\Scoop\apps\openjdk21\current\bin\java.exe
0x00007ff928cd0000 - 0x00007ff928ec8000 	C:\Windows\SYSTEM32\ntdll.dll
0x00007ff927ac0000 - 0x00007ff927b82000 	C:\Windows\System32\KERNEL32.DLL
0x00007ff926570000 - 0x00007ff92686e000 	C:\Windows\System32\KERNELBASE.dll
0x00007ff926470000 - 0x00007ff926570000 	C:\Windows\System32\ucrtbase.dll
0x00007ff919ac0000 - 0x00007ff919ad8000 	D:\Scoop\apps\openjdk21\current\bin\jli.dll
0x00007ff91ad80000 - 0x00007ff91ad9b000 	D:\Scoop\apps\openjdk21\current\bin\VCRUNTIME140.dll
0x00007ff926f00000 - 0x00007ff92709d000 	C:\Windows\System32\USER32.dll
0x00007ff926bc0000 - 0x00007ff926be2000 	C:\Windows\System32\win32u.dll
0x00007ff927dc0000 - 0x00007ff927deb000 	C:\Windows\System32\GDI32.dll
0x00007ff908e20000 - 0x00007ff9090ba000 	C:\Windows\WinSxS\amd64_microsoft.windows.common-controls_6595b64144ccf1df_6.0.19041.4355_none_60b8b9eb71f62e16\COMCTL32.dll
0x00007ff926940000 - 0x00007ff926a57000 	C:\Windows\System32\gdi32full.dll
0x00007ff9268a0000 - 0x00007ff92693d000 	C:\Windows\System32\msvcp_win.dll
0x00007ff928060000 - 0x00007ff9280fe000 	C:\Windows\System32\msvcrt.dll
0x00007ff928840000 - 0x00007ff92886f000 	C:\Windows\System32\IMM32.DLL
0x00007ff91af50000 - 0x00007ff91af5c000 	D:\Scoop\apps\openjdk21\current\bin\vcruntime140_1.dll
0x00007ff8f0580000 - 0x00007ff8f060e000 	D:\Scoop\apps\openjdk21\current\bin\msvcp140.dll
0x00007ff8bf1d0000 - 0x00007ff8bfee7000 	D:\Scoop\apps\openjdk21\current\bin\server\jvm.dll
0x00007ff928bd0000 - 0x00007ff928c81000 	C:\Windows\System32\ADVAPI32.dll
0x00007ff927f10000 - 0x00007ff927faf000 	C:\Windows\System32\sechost.dll
0x00007ff928630000 - 0x00007ff928753000 	C:\Windows\System32\RPCRT4.dll
0x00007ff926870000 - 0x00007ff926897000 	C:\Windows\System32\bcrypt.dll
0x00007ff9287d0000 - 0x00007ff92883b000 	C:\Windows\System32\WS2_32.dll
0x00007ff925870000 - 0x00007ff9258bb000 	C:\Windows\SYSTEM32\POWRPROF.dll
0x00007ff916710000 - 0x00007ff916737000 	C:\Windows\SYSTEM32\WINMM.dll
0x00007ff91b4f0000 - 0x00007ff91b4fa000 	C:\Windows\SYSTEM32\VERSION.dll
0x00007ff925730000 - 0x00007ff925742000 	C:\Windows\SYSTEM32\UMPDC.dll
0x00007ff924b50000 - 0x00007ff924b62000 	C:\Windows\SYSTEM32\kernel.appcore.dll
0x00007ff91acd0000 - 0x00007ff91acda000 	D:\Scoop\apps\openjdk21\current\bin\jimage.dll
0x00007ff923f30000 - 0x00007ff924114000 	C:\Windows\SYSTEM32\DBGHELP.DLL
0x00007ff900a00000 - 0x00007ff900a34000 	C:\Windows\SYSTEM32\dbgcore.DLL
0x00007ff9263e0000 - 0x00007ff926462000 	C:\Windows\System32\bcryptPrimitives.dll
0x00007ff919a30000 - 0x00007ff919a4f000 	D:\Scoop\apps\openjdk21\current\bin\java.dll
0x00007ff927270000 - 0x00007ff9279dd000 	C:\Windows\System32\SHELL32.dll
0x00007ff924390000 - 0x00007ff924b34000 	C:\Windows\SYSTEM32\windows.storage.dll
0x00007ff928870000 - 0x00007ff928bc3000 	C:\Windows\System32\combase.dll
0x00007ff925d60000 - 0x00007ff925d8e000 	C:\Windows\SYSTEM32\Wldp.dll
0x00007ff9270a0000 - 0x00007ff92716d000 	C:\Windows\System32\OLEAUT32.dll
0x00007ff928110000 - 0x00007ff9281bd000 	C:\Windows\System32\SHCORE.dll
0x00007ff927a40000 - 0x00007ff927a95000 	C:\Windows\System32\shlwapi.dll
0x00007ff926260000 - 0x00007ff926284000 	C:\Windows\SYSTEM32\profapi.dll
0x00007ff8efe30000 - 0x00007ff8eff07000 	D:\Scoop\apps\openjdk21\current\bin\jsvml.dll
0x00007ff919960000 - 0x00007ff919970000 	D:\Scoop\apps\openjdk21\current\bin\net.dll
0x00007ff91e930000 - 0x00007ff91ea3d000 	C:\Windows\SYSTEM32\WINHTTP.dll
0x00007ff925ac0000 - 0x00007ff925b2a000 	C:\Windows\system32\mswsock.dll
0x00007ff90d470000 - 0x00007ff90d486000 	D:\Scoop\apps\openjdk21\current\bin\nio.dll
0x00007ff90d430000 - 0x00007ff90d448000 	D:\Scoop\apps\openjdk21\current\bin\zip.dll
0x00007ff8f18e0000 - 0x00007ff8f1904000 	D:\Scoop\apps\maven\current\lib\jansi-native\Windows\x86_64\jansi.dll
0x00007ff90eed0000 - 0x00007ff90eee0000 	D:\Scoop\apps\openjdk21\current\bin\verify.dll

dbghelp: loaded successfully - version: 4.0.5 - missing functions: none
symbol engine: initialized successfully - sym options: 0x614 - pdb path: .;D:\Scoop\apps\openjdk21\current\bin;C:\Windows\SYSTEM32;C:\Windows\WinSxS\amd64_microsoft.windows.common-controls_6595b64144ccf1df_6.0.19041.4355_none_60b8b9eb71f62e16;D:\Scoop\apps\openjdk21\current\bin\server;D:\Scoop\apps\maven\current\lib\jansi-native\Windows\x86_64

VM Arguments:
jvm_args: -Xms32m -Xmx128m -XX:+UseSerialGC -Dclassworlds.conf=D:\Scoop\apps\maven\current\bin\m2.conf -Dmaven.home=D:\Scoop\apps\maven\current -Dlibrary.jansi.path=D:\Scoop\apps\maven\current\lib\jansi-native -Dmaven.multiModuleProjectDirectory=D:\devlop\project\EBlog 
java_command: org.codehaus.plexus.classworlds.launcher.Launcher -f backend\pom.xml -DforkCount=0 test
java_class_path (initial): D:\Scoop\apps\maven\current\boot\plexus-classworlds-2.9.0.jar
Launcher Type: SUN_STANDARD

[Global flags]
     intx CICompilerCount                          = 4                                         {product} {ergonomic}
   size_t InitialHeapSize                          = 33554432                                  {product} {command line}
   size_t MaxHeapSize                              = 134217728                                 {product} {command line}
   size_t MaxNewSize                               = 44695552                                  {product} {ergonomic}
   size_t MinHeapDeltaBytes                        = 196608                                    {product} {ergonomic}
   size_t MinHeapSize                              = 33554432                                  {product} {command line}
   size_t NewSize                                  = 11141120                                  {product} {ergonomic}
    uintx NonNMethodCodeHeapSize                   = 5839372                                {pd product} {ergonomic}
    uintx NonProfiledCodeHeapSize                  = 122909434                              {pd product} {ergonomic}
   size_t OldSize                                  = 22413312                                  {product} {ergonomic}
    uintx ProfiledCodeHeapSize                     = 122909434                              {pd product} {ergonomic}
    uintx ReservedCodeCacheSize                    = 251658240                              {pd product} {ergonomic}
     bool SegmentedCodeCache                       = true                                      {product} {ergonomic}
   size_t SoftMaxHeapSize                          = 134217728                              {manageable} {ergonomic}
     bool UseCompressedOops                        = true                           {product lp64_product} {ergonomic}
     bool UseLargePagesIndividualAllocation        = false                                  {pd product} {ergonomic}
     bool UseSerialGC                              = true                                      {product} {command line}

Logging:
Log output configuration:
 #0: stdout all=warning uptime,level,tags foldmultilines=false
 #1: stderr all=off uptime,level,tags foldmultilines=false

Environment Variables:
JAVA_HOME=D:\Scoop\apps\openjdk21\current
PATH=D:\Scoop\apps\openjdk21\current\bin;E:\VMware\bin\;C:\Program Files\Common Files\Oracle\Java\javapath;c:\Users\Administrator\AppData\Local\Programs\cursor\resources\app\bin;E:\Python312\Scripts\;E:\Python312\;C:\Program Files (x86)\Westone\DLP-Client\x64\x64;C:\Program Files (x86)\Westone\DLP-Client\x64;D:\Scoop\apps\nodejs\20.5.1;C:\Windows;C:\Windows\System32\Wbem;C:\Windows\System32\WindowsPowerShell\v1.0\;C:\Windows\System32\OpenSSH\;C:\westone\bin\dll\;E:\java\bin;D:\Scoop\apps\nodejs\20.5.1\node_global;C:\Program Files\dotnet\;C:\Strawberry\c\bin;C:\Strawberry\perl\site\bin;C:\Strawberry\perl\bin;C:\Program Files\TortoiseHg\;C:\Program Files\Torto;D:\mysql\bin;E:\Microsoft VS Code\bin;D:\Scoop\apps\openjdk21\current\bin;D:\Scoop\apps\python\current\Scripts;D:\Scoop\apps\python\current;D:\Scoop\apps\nodejs\current\bin;D:\Scoop\apps\nodejs\current;D:\Scoop\apps\maven\current\bin;E:\Python312\Scripts\;E:\Python312\;C:\Program Files (x86)\Westone\DLP-Client\x64\x64;C:\Program Files (x86)\Westone\DLP-Client\x64;D:\Scoop\apps\nodejs\20.5.1;C:\Windows;C:\Windows\System32\Wbem;C:\Windows\System32\WindowsPowerShell\v1.0\;C:\Windows\System32\OpenSSH\;C:\westone\bin\dll\;D:\Scoop\apps\nodejs\20.5.1\node_global;C:\Program Files\dotnet\;C:\Strawberry\c\bin;C:\Strawberry\perl\site\bin;C:\Strawberry\perl\bin;C:\Program Files\TortoiseHg\;D:\Scoop\shims;C:\Users\Administrator\AppData\Local\Microsoft\WindowsApps;E:\qqgame\Hall.57938\;c:\windows\system32;D:\mysql\bin;C:\Users\Administrator\.dotnet\tools;C:\Users\Administrator\AppData\Local\Programs\Trae\bin;C:\Users\Administrator\.bun\bin
USERNAME=Administrator
OS=Windows_NT
PROCESSOR_IDENTIFIER=Intel64 Family 6 Model 140 Stepping 1, GenuineIntel
TMP=C:\Users\ADMINI~1\AppData\Local\Temp
TEMP=C:\Users\ADMINI~1\AppData\Local\Temp




Periodic native trim disabled

---------------  S Y S T E M  ---------------

OS:
 Windows 10 , 64 bit Build 19041 (10.0.19041.5072)
OS uptime: 10 days 18:43 hours

CPU: total 8 (initial active 8) (4 cores per cpu, 2 threads per core) family 6 model 140 stepping 1 microcode 0x86, cx8, cmov, fxsr, ht, mmx, 3dnowpref, sse, sse2, sse3, ssse3, sse4.1, sse4.2, popcnt, lzcnt, tsc, tscinvbit, avx, avx2, aes, erms, clmul, bmi1, bmi2, adx, avx512f, avx512dq, avx512cd, avx512bw, avx512vl, sha, fma, vzeroupper, avx512_vpopcntdq, avx512_vpclmulqdq, avx512_vaes, avx512_vnni, clflush, clflushopt, clwb, avx512_vbmi2, avx512_vbmi, rdtscp, rdpid, fsrm, gfni, avx512_bitalg, f16c, pku, cet_ibt, cet_ss, avx512_ifma
Processor Information for all 8 processors :
  Max Mhz: 2419, Current Mhz: 2419, Mhz Limit: 2419

Memory: 4k page, system-wide physical 16082M (1865M free)
TotalPageFile size 31386M (AvailPageFile size 5M)
current process WorkingSet (physical memory assigned to process): 85M, peak: 85M
current process commit charge ("private bytes"): 92M, peak: 92M

vm_info: OpenJDK 64-Bit Server VM (21.0.2+13-58) for windows-amd64 JRE (21.0.2+13-58), built on 2024-01-05T18:32:24Z by "mach5one" with MS VC++ 17.1 (VS2022)

END.
