#
# There is insufficient memory for the Java Runtime Environment to continue.
# Native memory allocation (mmap) failed to map 264241152 bytes for G1 virtual space
# Possible reasons:
#   The system is out of physical RAM or swap space
#   The process is running with CompressedOops enabled, and the Java Heap may be blocking the growth of the native heap
# Possible solutions:
#   Reduce memory load on the system
#   Increase physical memory or swap space
#   Check if swap backing store is full
#   Decrease Java heap size (-Xmx/-Xms)
#   Decrease number of Java threads
#   Decrease Java thread stack sizes (-Xss)
#   Set larger code cache with -XX:ReservedCodeCacheSize=
#   JVM is running with Zero Based Compressed Oops mode in which the Java heap is
#     placed in the first 32GB address space. The Java Heap base address is the
#     maximum limit for the native heap growth. Please use -XX:HeapBaseMinAddress
#     to set the Java Heap base and to place the Java Heap above 32GB virtual address.
# This output file may be truncated or incomplete.
#
#  Out of Memory Error (os_windows.cpp:3600), pid=29528, tid=32420
#
# JRE version:  (21.0.2+13) (build )
# Java VM: OpenJDK 64-Bit Server VM (21.0.2+13-58, mixed mode, sharing, tiered, compressed oops, compressed class ptrs, g1 gc, windows-amd64)
# No core dump will be written. Minidumps are not enabled by default on client versions of Windows
#

---------------  S U M M A R Y ------------

Command Line: C:\Users\Administrator\AppData\Local\Temp\surefire13013947054034460481\surefirebooter-20260127132239441_3.jar C:\Users\Administrator\AppData\Local\Temp\surefire13013947054034460481 2026-01-27T13-22-39_357-jvmRun1 surefire-20260127132239441_1tmp surefire_0-20260127132239441_2tmp

Host: 11th Gen Intel(R) Core(TM) i5-1135G7 @ 2.40GHz, 8 cores, 15G,  Windows 10 , 64 bit Build 19041 (10.0.19041.5072)
Time: Tue Jan 27 13:22:39 2026  Windows 10 , 64 bit Build 19041 (10.0.19041.5072) elapsed time: 0.009389 seconds (0d 0h 0m 0s)

---------------  T H R E A D  ---------------

Current thread (0x000001e0be39eac0):  JavaThread "Unknown thread" [_thread_in_vm, id=32420, stack(0x0000009132600000,0x0000009132700000) (1024K)]

Stack: [0x0000009132600000,0x0000009132700000]
Native frames: (J=compiled Java code, j=interpreted, Vv=VM code, C=native code)
V  [jvm.dll+0x6cade9]
V  [jvm.dll+0x8569c1]
V  [jvm.dll+0x858d2e]
V  [jvm.dll+0x859413]
V  [jvm.dll+0x280e56]
V  [jvm.dll+0x6c74d5]
V  [jvm.dll+0x6bbeca]
V  [jvm.dll+0x355bca]
V  [jvm.dll+0x35d816]
V  [jvm.dll+0x3ae67e]
V  [jvm.dll+0x3ae928]
V  [jvm.dll+0x3295dc]
V  [jvm.dll+0x32a16b]
V  [jvm.dll+0x81efa9]
V  [jvm.dll+0x3bba01]
V  [jvm.dll+0x807928]
V  [jvm.dll+0x44f50e]
V  [jvm.dll+0x450e11]
C  [jli.dll+0x52a3]
C  [ucrtbase.dll+0x21bb2]
C  [KERNEL32.DLL+0x17374]
C  [ntdll.dll+0x4cc91]


---------------  P R O C E S S  ---------------

Threads class SMR info:
_java_thread_list=0x00007ff8bfd9bb88, length=0, elements={
}

Java Threads: ( => current thread )
Total: 0

Other Threads:
  0x000001e0c0503800 WorkerThread "GC Thread#0"                     [id=35100, stack(0x0000009132700000,0x0000009132800000) (1024K)]
  0x000001e0c0514330 ConcurrentGCThread "G1 Main Marker"            [id=40176, stack(0x0000009132800000,0x0000009132900000) (1024K)]
  0x000001e0c0515ff0 WorkerThread "G1 Conc#0"                       [id=2416, stack(0x0000009132900000,0x0000009132a00000) (1024K)]

[error occurred during error reporting (printing all threads), id 0xc0000005, EXCEPTION_ACCESS_VIOLATION (0xc0000005) at pc=0x00007ff8bf50c6a7]
VM state: not at safepoint (not fully initialized)

VM Mutex/Monitor currently owned by a thread:  ([mutex/lock_event])
[0x00007ff8bfe0ce68] Heap_lock - owner thread: 0x000001e0be39eac0

Heap address: 0x0000000704a00000, size: 4022 MB, Compressed Oops mode: Zero based, Oop shift amount: 3

CDS archive(s) mapped at: [0x0000000000000000-0x0000000000000000-0x0000000000000000), size 0, SharedBaseAddress: 0x0000000800000000, ArchiveRelocationMode: 1.
Narrow klass base: 0x0000000000000000, Narrow klass shift: 0, Narrow klass range: 0x0

GC Precious Log:
 CardTable entry size: 512
 Card Set container configuration: InlinePtr #cards 4 size 8 Array Of Cards #cards 16 size 48 Howl #buckets 8 coarsen threshold 3686 Howl Bitmap #cards 512 size 80 coarsen threshold 460 Card regions per heap region 1 cards per card region 4096

Heap:
 garbage-first heap   total 0K, used 0K [0x0000000704a00000, 0x0000000800000000)
  region size 2048K, 0 young (0K), 0 survivors (0K)

[error occurred during error reporting (printing heap information), id 0xc0000005, EXCEPTION_ACCESS_VIOLATION (0xc0000005) at pc=0x00007ff8bf8f39f9]
GC Heap History (0 events):
No events

Dll operation events (1 events):
Event: 0.005 Loaded shared library D:\Scoop\apps\openjdk21\current\bin\java.dll

Deoptimization events (0 events):
No events

Classes loaded (0 events):
No events

Classes unloaded (0 events):
No events

Classes redefined (0 events):
No events

Internal exceptions (0 events):
No events

ZGC Phase Switch (0 events):
No events

VM Operations (0 events):
No events

Events (0 events):
No events


Dynamic libraries:
0x00007ff73ad00000 - 0x00007ff73ad0e000 	D:\Scoop\apps\openjdk21\current\bin\java.exe
0x00007ff928cd0000 - 0x00007ff928ec8000 	C:\Windows\SYSTEM32\ntdll.dll
0x00007ff927ac0000 - 0x00007ff927b82000 	C:\Windows\System32\KERNEL32.DLL
0x00007ff926570000 - 0x00007ff92686e000 	C:\Windows\System32\KERNELBASE.dll
0x00007ff926470000 - 0x00007ff926570000 	C:\Windows\System32\ucrtbase.dll
0x00007ff919ac0000 - 0x00007ff919ad8000 	D:\Scoop\apps\openjdk21\current\bin\jli.dll
0x00007ff91ad80000 - 0x00007ff91ad9b000 	D:\Scoop\apps\openjdk21\current\bin\VCRUNTIME140.dll
0x00007ff926f00000 - 0x00007ff92709d000 	C:\Windows\System32\USER32.dll
0x00007ff926bc0000 - 0x00007ff926be2000 	C:\Windows\System32\win32u.dll
0x00007ff927dc0000 - 0x00007ff927deb000 	C:\Windows\System32\GDI32.dll
0x00007ff908e20000 - 0x00007ff9090ba000 	C:\Windows\WinSxS\amd64_microsoft.windows.common-controls_6595b64144ccf1df_6.0.19041.4355_none_60b8b9eb71f62e16\COMCTL32.dll
0x00007ff926940000 - 0x00007ff926a57000 	C:\Windows\System32\gdi32full.dll
0x00007ff928060000 - 0x00007ff9280fe000 	C:\Windows\System32\msvcrt.dll
0x00007ff9268a0000 - 0x00007ff92693d000 	C:\Windows\System32\msvcp_win.dll
0x00007ff928840000 - 0x00007ff92886f000 	C:\Windows\System32\IMM32.DLL
0x00007ff91af50000 - 0x00007ff91af5c000 	D:\Scoop\apps\openjdk21\current\bin\vcruntime140_1.dll
0x00007ff8f0580000 - 0x00007ff8f060e000 	D:\Scoop\apps\openjdk21\current\bin\msvcp140.dll
0x00007ff8bf1d0000 - 0x00007ff8bfee7000 	D:\Scoop\apps\openjdk21\current\bin\server\jvm.dll
0x00007ff928bd0000 - 0x00007ff928c81000 	C:\Windows\System32\ADVAPI32.dll
0x00007ff927f10000 - 0x00007ff927faf000 	C:\Windows\System32\sechost.dll
0x00007ff928630000 - 0x00007ff928753000 	C:\Windows\System32\RPCRT4.dll
0x00007ff926870000 - 0x00007ff926897000 	C:\Windows\System32\bcrypt.dll
0x00007ff9287d0000 - 0x00007ff92883b000 	C:\Windows\System32\WS2_32.dll
0x00007ff925870000 - 0x00007ff9258bb000 	C:\Windows\SYSTEM32\POWRPROF.dll
0x00007ff916710000 - 0x00007ff916737000 	C:\Windows\SYSTEM32\WINMM.dll
0x00007ff91b4f0000 - 0x00007ff91b4fa000 	C:\Windows\SYSTEM32\VERSION.dll
0x00007ff925730000 - 0x00007ff925742000 	C:\Windows\SYSTEM32\UMPDC.dll
0x00007ff924b50000 - 0x00007ff924b62000 	C:\Windows\SYSTEM32\kernel.appcore.dll
0x00007ff91acd0000 - 0x00007ff91acda000 	D:\Scoop\apps\openjdk21\current\bin\jimage.dll
0x00007ff923f30000 - 0x00007ff924114000 	C:\Windows\SYSTEM32\DBGHELP.DLL
0x00007ff900a00000 - 0x00007ff900a34000 	C:\Windows\SYSTEM32\dbgcore.DLL
0x00007ff9263e0000 - 0x00007ff926462000 	C:\Windows\System32\bcryptPrimitives.dll
0x00007ff919a30000 - 0x00007ff919a4f000 	D:\Scoop\apps\openjdk21\current\bin\java.dll

dbghelp: loaded successfully - version: 4.0.5 - missing functions: none
symbol engine: initialized successfully - sym options: 0x614 - pdb path: .;D:\Scoop\apps\openjdk21\current\bin;C:\Windows\SYSTEM32;C:\Windows\WinSxS\amd64_microsoft.windows.common-controls_6595b64144ccf1df_6.0.19041.4355_none_60b8b9eb71f62e16;D:\Scoop\apps\openjdk21\current\bin\server

VM Arguments:
java_command: C:\Users\Administrator\AppData\Local\Temp\surefire13013947054034460481\surefirebooter-20260127132239441_3.jar C:\Users\Administrator\AppData\Local\Temp\surefire13013947054034460481 2026-01-27T13-22-39_357-jvmRun1 surefire-20260127132239441_1tmp surefire_0-20260127132239441_2tmp
java_class_path (initial): C:\Users\Administrator\AppData\Local\Temp\surefire13013947054034460481\surefirebooter-20260127132239441_3.jar
Launcher Type: SUN_STANDARD

[Global flags]
     intx CICompilerCount                          = 4                                         {product} {ergonomic}
     uint ConcGCThreads                            = 2                                         {product} {ergonomic}
     uint G1ConcRefinementThreads                  = 8                                         {product} {ergonomic}
   size_t G1HeapRegionSize                         = 2097152                                   {product} {ergonomic}
    uintx GCDrainStackTargetSize                   = 64                                        {product} {ergonomic}
   size_t InitialHeapSize                          = 264241152                                 {product} {ergonomic}
   size_t MarkStackSize                            = 4194304                                   {product} {ergonomic}
   size_t MaxHeapSize                              = 4217372672                                {product} {ergonomic}
   size_t MinHeapDeltaBytes                        = 2097152                                   {product} {ergonomic}
   size_t MinHeapSize                              = 8388608                                   {product} {ergonomic}
    uintx NonNMethodCodeHeapSize                   = 5839372                                {pd product} {ergonomic}
    uintx NonProfiledCodeHeapSize                  = 122909434                              {pd product} {ergonomic}
    uintx ProfiledCodeHeapSize                     = 122909434                              {pd product} {ergonomic}
    uintx ReservedCodeCacheSize                    = 251658240                              {pd product} {ergonomic}
     bool SegmentedCodeCache                       = true                                      {product} {ergonomic}
   size_t SoftMaxHeapSize                          = 4217372672                             {manageable} {ergonomic}
     bool UseCompressedOops                        = true                           {product lp64_product} {ergonomic}
     bool UseG1GC                                  = true                                      {product} {ergonomic}
     bool UseLargePagesIndividualAllocation        = false                                  {pd product} {ergonomic}

Logging:
Log output configuration:
 #0: stdout all=warning uptime,level,tags foldmultilines=false
 #1: stderr all=off uptime,level,tags foldmultilines=false

Environment Variables:
JAVA_HOME=D:\Scoop\apps\openjdk21\current
PATH=D:\Scoop\apps\openjdk21\current\bin;E:\VMware\bin\;C:\Program Files\Common Files\Oracle\Java\javapath;c:\Users\Administrator\AppData\Local\Programs\cursor\resources\app\bin;E:\Python312\Scripts\;E:\Python312\;C:\Program Files (x86)\Westone\DLP-Client\x64\x64;C:\Program Files (x86)\Westone\DLP-Client\x64;D:\Scoop\apps\nodejs\20.5.1;C:\Windows;C:\Windows\System32\Wbem;C:\Windows\System32\WindowsPowerShell\v1.0\;C:\Windows\System32\OpenSSH\;C:\westone\bin\dll\;E:\java\bin;D:\Scoop\apps\nodejs\20.5.1\node_global;C:\Program Files\dotnet\;C:\Strawberry\c\bin;C:\Strawberry\perl\site\bin;C:\Strawberry\perl\bin;C:\Program Files\TortoiseHg\;C:\Program Files\Torto;D:\mysql\bin;E:\Microsoft VS Code\bin;D:\Scoop\apps\openjdk21\current\bin;D:\Scoop\apps\python\current\Scripts;D:\Scoop\apps\python\current;D:\Scoop\apps\nodejs\current\bin;D:\Scoop\apps\nodejs\current;D:\Scoop\apps\maven\current\bin;E:\Python312\Scripts\;E:\Python312\;C:\Program Files (x86)\Westone\DLP-Client\x64\x64;C:\Program Files (x86)\Westone\DLP-Client\x64;D:\Scoop\apps\nodejs\20.5.1;C:\Windows;C:\Windows\System32\Wbem;C:\Windows\System32\WindowsPowerShell\v1.0\;C:\Windows\System32\OpenSSH\;C:\westone\bin\dll\;D:\Scoop\apps\nodejs\20.5.1\node_global;C:\Program Files\dotnet\;C:\Strawberry\c\bin;C:\Strawberry\perl\site\bin;C:\Strawberry\perl\bin;C:\Program Files\TortoiseHg\;D:\Scoop\shims;C:\Users\Administrator\AppData\Local\Microsoft\WindowsApps;E:\qqgame\Hall.57938\;c:\windows\system32;D:\mysql\bin;C:\Users\Administrator\.dotnet\tools;C:\Users\Administrator\AppData\Local\Programs\Trae\bin;C:\Users\Administrator\.bun\bin
USERNAME=Administrator
OS=Windows_NT
PROCESSOR_IDENTIFIER=Intel64 Family 6 Model 140 Stepping 1, GenuineIntel
TMP=C:\Users\ADMINI~1\AppData\Local\Temp
TEMP=C:\Users\ADMINI~1\AppData\Local\Temp




Periodic native trim disabled

---------------  S Y S T E M  ---------------

OS:
 Windows 10 , 64 bit Build 19041 (10.0.19041.5072)
OS uptime: 10 days 18:41 hours

CPU: total 8 (initial active 8) (4 cores per cpu, 2 threads per core) family 6 model 140 stepping 1 microcode 0x86, cx8, cmov, fxsr, ht, mmx, 3dnowpref, sse, sse2, sse3, ssse3, sse4.1, sse4.2, popcnt, lzcnt, tsc, tscinvbit, avx, avx2, aes, erms, clmul, bmi1, bmi2, adx, avx512f, avx512dq, avx512cd, avx512bw, avx512vl, sha, fma, vzeroupper, avx512_vpopcntdq, avx512_vpclmulqdq, avx512_vaes, avx512_vnni, clflush, clflushopt, clwb, avx512_vbmi2, avx512_vbmi, rdtscp, rdpid, fsrm, gfni, avx512_bitalg, f16c, pku, cet_ibt, cet_ss, avx512_ifma
Processor Information for all 8 processors :
  Max Mhz: 2419, Current Mhz: 2419, Mhz Limit: 2419

Memory: 4k page, system-wide physical 16082M (2208M free)
TotalPageFile size 31386M (AvailPageFile size 234M)
current process WorkingSet (physical memory assigned to process): 11M, peak: 11M
current process commit charge ("private bytes"): 60M, peak: 312M

vm_info: OpenJDK 64-Bit Server VM (21.0.2+13-58) for windows-amd64 JRE (21.0.2+13-58), built on 2024-01-05T18:32:24Z by "mach5one" with MS VC++ 17.1 (VS2022)

END.
