#
# There is insufficient memory for the Java Runtime Environment to continue.
# Native memory allocation (mmap) failed to map 56623104 bytes for G1 virtual space
# Possible reasons:
#   The system is out of physical RAM or swap space
#   The process is running with CompressedOops enabled, and the Java Heap may be blocking the growth of the native heap
# Possible solutions:
#   Reduce memory load on the system
#   Increase physical memory or swap space
#   Check if swap backing store is full
#   Decrease Java heap size (-Xmx/-Xms)
#   Decrease number of Java threads
#   Decrease Java thread stack sizes (-Xss)
#   Set larger code cache with -XX:ReservedCodeCacheSize=
#   JVM is running with Zero Based Compressed Oops mode in which the Java heap is
#     placed in the first 32GB address space. The Java Heap base address is the
#     maximum limit for the native heap growth. Please use -XX:HeapBaseMinAddress
#     to set the Java Heap base and to place the Java Heap above 32GB virtual address.
# This output file may be truncated or incomplete.
#
#  Out of Memory Error (os_windows.cpp:3600), pid=24912, tid=38352
#
# JRE version: OpenJDK Runtime Environment (21.0.2+13) (build 21.0.2+13-58)
# Java VM: OpenJDK 64-Bit Server VM (21.0.2+13-58, mixed mode, sharing, tiered, compressed oops, compressed class ptrs, g1 gc, windows-amd64)
# No core dump will be written. Minidumps are not enabled by default on client versions of Windows
#

---------------  S U M M A R Y ------------

Command Line: --enable-native-access=ALL-UNNAMED -Dclassworlds.conf=D:\Scoop\apps\maven\current\bin\m2.conf -Dmaven.home=D:\Scoop\apps\maven\current -Dlibrary.jansi.path=D:\Scoop\apps\maven\current\lib\jansi-native -Dmaven.multiModuleProjectDirectory=D:\devlop\project\EBlog\backend org.codehaus.plexus.classworlds.launcher.Launcher -q spring-boot:run

Host: 11th Gen Intel(R) Core(TM) i5-1135G7 @ 2.40GHz, 8 cores, 15G,  Windows 10 , 64 bit Build 19041 (10.0.19041.5072)
Time: Wed Jan 28 11:16:25 2026  Windows 10 , 64 bit Build 19041 (10.0.19041.5072) elapsed time: 5.209443 seconds (0d 0h 0m 5s)

---------------  T H R E A D  ---------------

Current thread (0x000001387f24a9c0):  VMThread "VM Thread"          [id=38352, stack(0x00000015fcb00000,0x00000015fcc00000) (1024K)]

Stack: [0x00000015fcb00000,0x00000015fcc00000]
Native frames: (J=compiled Java code, j=interpreted, Vv=VM code, C=native code)
V  [jvm.dll+0x6cade9]
V  [jvm.dll+0x8569c1]
V  [jvm.dll+0x858d2e]
V  [jvm.dll+0x859413]
V  [jvm.dll+0x280e56]
V  [jvm.dll+0x6c74d5]
V  [jvm.dll+0x6bbeca]
V  [jvm.dll+0x355bca]
V  [jvm.dll+0x35d816]
V  [jvm.dll+0x3ae67e]
V  [jvm.dll+0x3ae928]
V  [jvm.dll+0x3295dc]
V  [jvm.dll+0x329667]
V  [jvm.dll+0x36df1c]
V  [jvm.dll+0x36c71d]
V  [jvm.dll+0x328d51]
V  [jvm.dll+0x36be2a]
V  [jvm.dll+0x85ef18]
V  [jvm.dll+0x860014]
V  [jvm.dll+0x860550]
V  [jvm.dll+0x8607f3]
V  [jvm.dll+0x7ff568]
V  [jvm.dll+0x6c953d]
C  [ucrtbase.dll+0x21bb2]
C  [KERNEL32.DLL+0x17374]
C  [ntdll.dll+0x4cc91]

VM_Operation (0x00000015fc4f8870): G1CollectForAllocation, mode: safepoint, requested by thread 0x00000138640d24a0


---------------  P R O C E S S  ---------------

Threads class SMR info:
_java_thread_list=0x000001384b5deae0, length=12, elements={
0x00000138640d24a0, 0x000001387f26d700, 0x000001387f26e710, 0x000001387f2705d0,
0x000001387f271730, 0x000001387f275eb0, 0x000001387f276610, 0x000001387f2783d0,
0x000001387f278e90, 0x000001384b16fcf0, 0x000001384b170520, 0x000001384b5de2c0
}

Java Threads: ( => current thread )
  0x00000138640d24a0 JavaThread "main"                              [_thread_blocked, id=30760, stack(0x00000015fc400000,0x00000015fc500000) (1024K)]
  0x000001387f26d700 JavaThread "Reference Handler"          daemon [_thread_blocked, id=25784, stack(0x00000015fcc00000,0x00000015fcd00000) (1024K)]
  0x000001387f26e710 JavaThread "Finalizer"                  daemon [_thread_blocked, id=20952, stack(0x00000015fcd00000,0x00000015fce00000) (1024K)]
  0x000001387f2705d0 JavaThread "Signal Dispatcher"          daemon [_thread_blocked, id=29120, stack(0x00000015fce00000,0x00000015fcf00000) (1024K)]
  0x000001387f271730 JavaThread "Attach Listener"            daemon [_thread_blocked, id=30892, stack(0x00000015fcf00000,0x00000015fd000000) (1024K)]
  0x000001387f275eb0 JavaThread "Service Thread"             daemon [_thread_blocked, id=32900, stack(0x00000015fd000000,0x00000015fd100000) (1024K)]
  0x000001387f276610 JavaThread "Monitor Deflation Thread"   daemon [_thread_blocked, id=28560, stack(0x00000015fd100000,0x00000015fd200000) (1024K)]
  0x000001387f2783d0 JavaThread "C2 CompilerThread0"         daemon [_thread_blocked, id=27092, stack(0x00000015fd200000,0x00000015fd300000) (1024K)]
  0x000001387f278e90 JavaThread "C1 CompilerThread0"         daemon [_thread_blocked, id=29628, stack(0x00000015fd300000,0x00000015fd400000) (1024K)]
  0x000001384b16fcf0 JavaThread "Notification Thread"        daemon [_thread_blocked, id=23176, stack(0x00000015fd400000,0x00000015fd500000) (1024K)]
  0x000001384b170520 JavaThread "Common-Cleaner"             daemon [_thread_blocked, id=10488, stack(0x00000015fd500000,0x00000015fd600000) (1024K)]
  0x000001384b5de2c0 JavaThread "C2 CompilerThread1"         daemon [_thread_in_native, id=2248, stack(0x00000015fd600000,0x00000015fd700000) (1024K)]
Total: 12

Other Threads:
=>0x000001387f24a9c0 VMThread "VM Thread"                           [id=38352, stack(0x00000015fcb00000,0x00000015fcc00000) (1024K)]
  0x000001387f232220 WatcherThread "VM Periodic Task Thread"        [id=20524, stack(0x00000015fca00000,0x00000015fcb00000) (1024K)]
  0x0000013864376790 WorkerThread "GC Thread#0"                     [id=23852, stack(0x00000015fc500000,0x00000015fc600000) (1024K)]
  0x000001384c0d78b0 WorkerThread "GC Thread#1"                     [id=20268, stack(0x00000015fd700000,0x00000015fd800000) (1024K)]
  0x000001384b9d8ba0 WorkerThread "GC Thread#2"                     [id=38384, stack(0x00000015fd800000,0x00000015fd900000) (1024K)]
  0x000001384b9d8f40 WorkerThread "GC Thread#3"                     [id=28872, stack(0x00000015fd900000,0x00000015fda00000) (1024K)]
  0x000001384b9d96e0 WorkerThread "GC Thread#4"                     [id=28204, stack(0x00000015fda00000,0x00000015fdb00000) (1024K)]
  0x000001384b9d9a80 WorkerThread "GC Thread#5"                     [id=4248, stack(0x00000015fdb00000,0x00000015fdc00000) (1024K)]
  0x000001384c0721a0 WorkerThread "GC Thread#6"                     [id=13956, stack(0x00000015fdc00000,0x00000015fdd00000) (1024K)]
  0x000001384c072540 WorkerThread "GC Thread#7"                     [id=15100, stack(0x00000015fdd00000,0x00000015fde00000) (1024K)]
  0x00000138643872c0 ConcurrentGCThread "G1 Main Marker"            [id=30104, stack(0x00000015fc600000,0x00000015fc700000) (1024K)]
  0x0000013864388dd0 WorkerThread "G1 Conc#0"                       [id=23872, stack(0x00000015fc700000,0x00000015fc800000) (1024K)]
  0x000001384bf1ec60 WorkerThread "G1 Conc#1"                       [id=1288, stack(0x00000015fde00000,0x00000015fdf00000) (1024K)]
  0x000001387f106380 ConcurrentGCThread "G1 Refine#0"               [id=2592, stack(0x00000015fc800000,0x00000015fc900000) (1024K)]
  0x00000138643dc8d0 ConcurrentGCThread "G1 Service"                [id=21324, stack(0x00000015fc900000,0x00000015fca00000) (1024K)]
Total: 15

Threads with active compile tasks:
C2 CompilerThread0     5219 9155       4       com.sun.tools.javac.comp.Resolve::notOverriddenIn (124 bytes)
C1 CompilerThread0     5219 9236       3       com.sun.tools.javac.comp.Infer$CheckBounds::apply (200 bytes)
C2 CompilerThread1     5219 9082       4       com.sun.tools.javac.comp.Resolve$AbstractMethodCheck::argumentsAcceptable (288 bytes)
Total: 3

VM state: at safepoint (normal execution)

VM Mutex/Monitor currently owned by a thread:  ([mutex/lock_event])
[0x00007ffc675dcd68] Threads_lock - owner thread: 0x000001387f24a9c0
[0x00007ffc675dce68] Heap_lock - owner thread: 0x00000138640d24a0

Heap address: 0x0000000704a00000, size: 4022 MB, Compressed Oops mode: Zero based, Oop shift amount: 3

CDS archive(s) mapped at: [0x0000013806000000-0x0000013806c90000-0x0000013806c90000), size 13172736, SharedBaseAddress: 0x0000013806000000, ArchiveRelocationMode: 1.
Compressed class space mapped at: 0x0000013807000000-0x0000013847000000, reserved size: 1073741824
Narrow klass base: 0x0000013806000000, Narrow klass shift: 0, Narrow klass range: 0x100000000

GC Precious Log:
 CardTable entry size: 512
 Card Set container configuration: InlinePtr #cards 4 size 8 Array Of Cards #cards 16 size 48 Howl #buckets 8 coarsen threshold 3686 Howl Bitmap #cards 512 size 80 coarsen threshold 460 Card regions per heap region 1 cards per card region 4096
 CPUs: 8 total, 8 available
 Memory: 16082M
 Large Page Support: Disabled
 NUMA Support: Disabled
 Compressed Oops: Enabled (Zero based)
 Heap Region Size: 2M
 Heap Min Capacity: 8M
 Heap Initial Capacity: 252M
 Heap Max Capacity: 4022M
 Pre-touch: Disabled
 Parallel Workers: 8
 Concurrent Workers: 2
 Concurrent Refinement Workers: 8
 Periodic GC: Disabled

Heap:
 garbage-first heap   total 163840K, used 81315K [0x0000000704a00000, 0x0000000800000000)
  region size 2048K, 1 young (2048K), 1 survivors (2048K)
 Metaspace       used 30104K, committed 30528K, reserved 1114112K
  class space    used 3289K, committed 3456K, reserved 1048576K

Heap Regions: E=young(eden), S=young(survivor), O=old, HS=humongous(starts), HC=humongous(continues), CS=collection set, F=free, TAMS=top-at-mark-start, PB=parsable bottom
|   0|0x0000000704a00000, 0x0000000704c00000, 0x0000000704c00000|100%| O|  |TAMS 0x0000000704a00000| PB 0x0000000704a00000| Untracked 
|   1|0x0000000704c00000, 0x0000000704e00000, 0x0000000704e00000|100%| O|  |TAMS 0x0000000704c00000| PB 0x0000000704c00000| Untracked 
|   2|0x0000000704e00000, 0x0000000704e00000, 0x0000000705000000|  0%| F|  |TAMS 0x0000000704e00000| PB 0x0000000704e00000| Untracked 
|   3|0x0000000705000000, 0x0000000705200000, 0x0000000705200000|100%|HS|  |TAMS 0x0000000705000000| PB 0x0000000705000000| Complete 
|   4|0x0000000705200000, 0x0000000705400000, 0x0000000705400000|100%| O|  |TAMS 0x0000000705200000| PB 0x0000000705200000| Untracked 
|   5|0x0000000705400000, 0x0000000705600000, 0x0000000705600000|100%| O|  |TAMS 0x0000000705400000| PB 0x0000000705400000| Untracked 
|   6|0x0000000705600000, 0x0000000705800000, 0x0000000705800000|100%| O|  |TAMS 0x0000000705600000| PB 0x0000000705600000| Untracked 
|   7|0x0000000705800000, 0x0000000705a00000, 0x0000000705a00000|100%| O|  |TAMS 0x0000000705800000| PB 0x0000000705800000| Untracked 
|   8|0x0000000705a00000, 0x0000000705c00000, 0x0000000705c00000|100%| O|  |TAMS 0x0000000705a00000| PB 0x0000000705a00000| Untracked 
|   9|0x0000000705c00000, 0x0000000705e00000, 0x0000000705e00000|100%| O|  |TAMS 0x0000000705c00000| PB 0x0000000705c00000| Untracked 
|  10|0x0000000705e00000, 0x0000000706000000, 0x0000000706000000|100%|HS|  |TAMS 0x0000000705e00000| PB 0x0000000705e00000| Complete 
|  11|0x0000000706000000, 0x0000000706000000, 0x0000000706200000|  0%| F|  |TAMS 0x0000000706000000| PB 0x0000000706000000| Untracked 
|  12|0x0000000706200000, 0x0000000706200000, 0x0000000706400000|  0%| F|  |TAMS 0x0000000706200000| PB 0x0000000706200000| Untracked 
|  13|0x0000000706400000, 0x0000000706600000, 0x0000000706600000|100%| O|  |TAMS 0x0000000706400000| PB 0x0000000706400000| Untracked 
|  14|0x0000000706600000, 0x0000000706600000, 0x0000000706800000|  0%| F|  |TAMS 0x0000000706600000| PB 0x0000000706600000| Untracked 
|  15|0x0000000706800000, 0x0000000706a00000, 0x0000000706a00000|100%| O|  |TAMS 0x0000000706800000| PB 0x0000000706800000| Untracked 
|  16|0x0000000706a00000, 0x0000000706c00000, 0x0000000706c00000|100%| O|  |TAMS 0x0000000706a00000| PB 0x0000000706a00000| Untracked 
|  17|0x0000000706c00000, 0x0000000706c00000, 0x0000000706e00000|  0%| F|  |TAMS 0x0000000706c00000| PB 0x0000000706c00000| Untracked 
|  18|0x0000000706e00000, 0x0000000707000000, 0x0000000707000000|100%| O|  |TAMS 0x0000000706e00000| PB 0x0000000706e00000| Untracked 
|  19|0x0000000707000000, 0x0000000707200000, 0x0000000707200000|100%| O|  |TAMS 0x0000000707000000| PB 0x0000000707000000| Untracked 
|  20|0x0000000707200000, 0x0000000707400000, 0x0000000707400000|100%| O|  |TAMS 0x0000000707200000| PB 0x0000000707200000| Untracked 
|  21|0x0000000707400000, 0x0000000707600000, 0x0000000707600000|100%| O|  |TAMS 0x0000000707400000| PB 0x0000000707400000| Untracked 
|  22|0x0000000707600000, 0x0000000707800000, 0x0000000707800000|100%| O|  |TAMS 0x0000000707600000| PB 0x0000000707600000| Untracked 
|  23|0x0000000707800000, 0x0000000707a00000, 0x0000000707a00000|100%| O|  |TAMS 0x0000000707800000| PB 0x0000000707800000| Untracked 
|  24|0x0000000707a00000, 0x0000000707c00000, 0x0000000707c00000|100%| O|  |TAMS 0x0000000707a00000| PB 0x0000000707a00000| Untracked 
|  25|0x0000000707c00000, 0x0000000707e00000, 0x0000000707e00000|100%|HS|  |TAMS 0x0000000707c00000| PB 0x0000000707c00000| Complete 
|  26|0x0000000707e00000, 0x0000000708000000, 0x0000000708000000|100%|HS|  |TAMS 0x0000000707e00000| PB 0x0000000707e00000| Complete 
|  27|0x0000000708000000, 0x0000000708200000, 0x0000000708200000|100%| O|  |TAMS 0x0000000708000000| PB 0x0000000708000000| Untracked 
|  28|0x0000000708200000, 0x0000000708400000, 0x0000000708400000|100%| O|  |TAMS 0x0000000708200000| PB 0x0000000708200000| Untracked 
|  29|0x0000000708400000, 0x0000000708600000, 0x0000000708600000|100%| O|  |TAMS 0x0000000708400000| PB 0x0000000708400000| Untracked 
|  30|0x0000000708600000, 0x0000000708800000, 0x0000000708800000|100%|HS|  |TAMS 0x0000000708600000| PB 0x0000000708600000| Complete 
|  31|0x0000000708800000, 0x0000000708a00000, 0x0000000708a00000|100%| O|  |TAMS 0x0000000708800000| PB 0x0000000708800000| Untracked 
|  32|0x0000000708a00000, 0x0000000708c00000, 0x0000000708c00000|100%| O|  |TAMS 0x0000000708a00000| PB 0x0000000708a00000| Untracked 
|  33|0x0000000708c00000, 0x0000000708e00000, 0x0000000708e00000|100%| O|  |TAMS 0x0000000708c00000| PB 0x0000000708c00000| Untracked 
|  34|0x0000000708e00000, 0x0000000709000000, 0x0000000709000000|100%| O|  |TAMS 0x0000000708e00000| PB 0x0000000708e00000| Untracked 
|  35|0x0000000709000000, 0x0000000709200000, 0x0000000709200000|100%| O|  |TAMS 0x0000000709000000| PB 0x0000000709000000| Untracked 
|  36|0x0000000709200000, 0x0000000709400000, 0x0000000709400000|100%| O|  |TAMS 0x0000000709200000| PB 0x0000000709200000| Untracked 
|  37|0x0000000709400000, 0x0000000709600000, 0x0000000709600000|100%| O|  |TAMS 0x0000000709400000| PB 0x0000000709400000| Untracked 
|  38|0x0000000709600000, 0x0000000709800000, 0x0000000709800000|100%| O|  |TAMS 0x0000000709600000| PB 0x0000000709600000| Untracked 
|  39|0x0000000709800000, 0x0000000709a00000, 0x0000000709a00000|100%| O|  |TAMS 0x0000000709800000| PB 0x0000000709800000| Untracked 
|  40|0x0000000709a00000, 0x0000000709bc1700, 0x0000000709c00000| 87%| O|  |TAMS 0x0000000709a00000| PB 0x0000000709a00000| Untracked 
|  41|0x0000000709c00000, 0x0000000709c00000, 0x0000000709e00000|  0%| F|  |TAMS 0x0000000709c00000| PB 0x0000000709c00000| Untracked 
|  42|0x0000000709e00000, 0x0000000709e00000, 0x000000070a000000|  0%| F|  |TAMS 0x0000000709e00000| PB 0x0000000709e00000| Untracked 
|  43|0x000000070a000000, 0x000000070a000000, 0x000000070a200000|  0%| F|  |TAMS 0x000000070a000000| PB 0x000000070a000000| Untracked 
|  44|0x000000070a200000, 0x000000070a200000, 0x000000070a400000|  0%| F|  |TAMS 0x000000070a200000| PB 0x000000070a200000| Untracked 
|  45|0x000000070a400000, 0x000000070a400000, 0x000000070a600000|  0%| F|  |TAMS 0x000000070a400000| PB 0x000000070a400000| Untracked 
|  46|0x000000070a600000, 0x000000070a600000, 0x000000070a800000|  0%| F|  |TAMS 0x000000070a600000| PB 0x000000070a600000| Untracked 
|  47|0x000000070a800000, 0x000000070a800000, 0x000000070aa00000|  0%| F|  |TAMS 0x000000070a800000| PB 0x000000070a800000| Untracked 
|  48|0x000000070aa00000, 0x000000070aa00000, 0x000000070ac00000|  0%| F|  |TAMS 0x000000070aa00000| PB 0x000000070aa00000| Untracked 
|  49|0x000000070ac00000, 0x000000070ac00000, 0x000000070ae00000|  0%| F|  |TAMS 0x000000070ac00000| PB 0x000000070ac00000| Untracked 
|  50|0x000000070ae00000, 0x000000070ae00000, 0x000000070b000000|  0%| F|  |TAMS 0x000000070ae00000| PB 0x000000070ae00000| Untracked 
|  51|0x000000070b000000, 0x000000070b000000, 0x000000070b200000|  0%| F|  |TAMS 0x000000070b000000| PB 0x000000070b000000| Untracked 
|  52|0x000000070b200000, 0x000000070b200000, 0x000000070b400000|  0%| F|  |TAMS 0x000000070b200000| PB 0x000000070b200000| Untracked 
|  53|0x000000070b400000, 0x000000070b400000, 0x000000070b600000|  0%| F|  |TAMS 0x000000070b400000| PB 0x000000070b400000| Untracked 
|  54|0x000000070b600000, 0x000000070b7a77b0, 0x000000070b800000| 82%| S|CS|TAMS 0x000000070b600000| PB 0x000000070b600000| Complete 
|  55|0x000000070b800000, 0x000000070b800000, 0x000000070ba00000|  0%| F|  |TAMS 0x000000070b800000| PB 0x000000070b800000| Untracked 
|  56|0x000000070ba00000, 0x000000070ba00000, 0x000000070bc00000|  0%| F|  |TAMS 0x000000070ba00000| PB 0x000000070ba00000| Untracked 
|  57|0x000000070bc00000, 0x000000070bc00000, 0x000000070be00000|  0%| F|  |TAMS 0x000000070bc00000| PB 0x000000070bc00000| Untracked 
|  58|0x000000070be00000, 0x000000070be00000, 0x000000070c000000|  0%| F|  |TAMS 0x000000070be00000| PB 0x000000070be00000| Untracked 
|  59|0x000000070c000000, 0x000000070c000000, 0x000000070c200000|  0%| F|  |TAMS 0x000000070c000000| PB 0x000000070c000000| Untracked 
|  60|0x000000070c200000, 0x000000070c200000, 0x000000070c400000|  0%| F|  |TAMS 0x000000070c200000| PB 0x000000070c200000| Untracked 
|  61|0x000000070c400000, 0x000000070c400000, 0x000000070c600000|  0%| F|  |TAMS 0x000000070c400000| PB 0x000000070c400000| Untracked 
|  62|0x000000070c600000, 0x000000070c600000, 0x000000070c800000|  0%| F|  |TAMS 0x000000070c600000| PB 0x000000070c600000| Untracked 
|  63|0x000000070c800000, 0x000000070c800000, 0x000000070ca00000|  0%| F|  |TAMS 0x000000070c800000| PB 0x000000070c800000| Untracked 
|  64|0x000000070ca00000, 0x000000070ca00000, 0x000000070cc00000|  0%| F|  |TAMS 0x000000070ca00000| PB 0x000000070ca00000| Untracked 
|  65|0x000000070cc00000, 0x000000070cc00000, 0x000000070ce00000|  0%| F|  |TAMS 0x000000070cc00000| PB 0x000000070cc00000| Untracked 
|  66|0x000000070ce00000, 0x000000070ce00000, 0x000000070d000000|  0%| F|  |TAMS 0x000000070ce00000| PB 0x000000070ce00000| Untracked 
|  67|0x000000070d000000, 0x000000070d000000, 0x000000070d200000|  0%| F|  |TAMS 0x000000070d000000| PB 0x000000070d000000| Untracked 
|  68|0x000000070d200000, 0x000000070d200000, 0x000000070d400000|  0%| F|  |TAMS 0x000000070d200000| PB 0x000000070d200000| Untracked 
|  69|0x000000070d400000, 0x000000070d400000, 0x000000070d600000|  0%| F|  |TAMS 0x000000070d400000| PB 0x000000070d400000| Untracked 
| 106|0x0000000711e00000, 0x0000000711e00000, 0x0000000712000000|  0%| F|  |TAMS 0x0000000711e00000| PB 0x0000000711e00000| Untracked 
| 107|0x0000000712000000, 0x0000000712000000, 0x0000000712200000|  0%| F|  |TAMS 0x0000000712000000| PB 0x0000000712000000| Untracked 
| 108|0x0000000712200000, 0x0000000712200000, 0x0000000712400000|  0%| F|  |TAMS 0x0000000712200000| PB 0x0000000712200000| Untracked 
| 125|0x0000000714400000, 0x0000000714400000, 0x0000000714600000|  0%| F|  |TAMS 0x0000000714400000| PB 0x0000000714400000| Untracked 
|2005|0x00000007ff400000, 0x00000007ff400000, 0x00000007ff600000|  0%| F|  |TAMS 0x00000007ff400000| PB 0x00000007ff400000| Untracked 
|2006|0x00000007ff600000, 0x00000007ff800000, 0x00000007ff800000|100%| O|  |TAMS 0x00000007ff600000| PB 0x00000007ff600000| Untracked 
|2007|0x00000007ff800000, 0x00000007ffa00000, 0x00000007ffa00000|100%| O|  |TAMS 0x00000007ff800000| PB 0x00000007ff800000| Untracked 
|2008|0x00000007ffa00000, 0x00000007ffc00000, 0x00000007ffc00000|100%| O|  |TAMS 0x00000007ffa00000| PB 0x00000007ffa00000| Untracked 
|2009|0x00000007ffc00000, 0x00000007ffc00000, 0x00000007ffe00000|  0%| F|  |TAMS 0x00000007ffc00000| PB 0x00000007ffc00000| Untracked 
|2010|0x00000007ffe00000, 0x00000007ffe00000, 0x0000000800000000|  0%| F|  |TAMS 0x00000007ffe00000| PB 0x00000007ffe00000| Untracked 

Card table byte_map: [0x000001387e1b0000,0x000001387e990000] _byte_map_base: 0x000001387a98b000

Marking Bits: (CMBitMap*) 0x0000013864376e90
 Bits: [0x0000013800000000, 0x0000013803ed8000)

Polling page: 0x00000138643e0000

Metaspace:

Usage:
  Non-class:     26.19 MB used.
      Class:      3.21 MB used.
       Both:     29.40 MB used.

Virtual space:
  Non-class space:       64.00 MB reserved,      26.44 MB ( 41%) committed,  1 nodes.
      Class space:        1.00 GB reserved,       3.38 MB ( <1%) committed,  1 nodes.
             Both:        1.06 GB reserved,      29.81 MB (  3%) committed. 

Chunk freelists:
   Non-Class:  5.48 MB
       Class:  12.56 MB
        Both:  18.05 MB

MaxMetaspaceSize: unlimited
CompressedClassSpaceSize: 1.00 GB
Initial GC threshold: 21.00 MB
Current GC threshold: 49.31 MB
CDS: on
 - commit_granule_bytes: 65536.
 - commit_granule_words: 8192.
 - virtual_space_node_default_size: 8388608.
 - enlarge_chunks_in_place: 1.
 - use_allocation_guard: 0.


Internal statistics:

num_allocs_failed_limit: 5.
num_arena_births: 310.
num_arena_deaths: 0.
num_vsnodes_births: 2.
num_vsnodes_deaths: 0.
num_space_committed: 477.
num_space_uncommitted: 0.
num_chunks_returned_to_freelist: 5.
num_chunks_taken_from_freelist: 1390.
num_chunk_merges: 5.
num_chunk_splits: 1002.
num_chunks_enlarged: 777.
num_inconsistent_stats: 0.

CodeHeap 'non-profiled nmethods': size=120000Kb used=4468Kb max_used=4783Kb free=115532Kb
 bounds [0x0000013875a40000, 0x0000013875f00000, 0x000001387cf70000]
CodeHeap 'profiled nmethods': size=120000Kb used=19062Kb max_used=20501Kb free=100937Kb
 bounds [0x000001386df70000, 0x000001386f380000, 0x00000138754a0000]
CodeHeap 'non-nmethods': size=5760Kb used=1597Kb max_used=1665Kb free=4162Kb
 bounds [0x00000138754a0000, 0x0000013875710000, 0x0000013875a40000]
 total_blobs=8886 nmethods=8357 adapters=433
 compilation: enabled
              stopped_count=0, restarted_count=0
 full_count=0

Compilation events (20 events):
Event: 5.156 Thread 0x000001387f278e90 nmethod 9222 0x000001386e2d2990 code [0x000001386e2d2c00, 0x000001386e2d3150]
Event: 5.168 Thread 0x000001387f278e90 9225       2       com.sun.tools.javac.code.Scope::includes (26 bytes)
Event: 5.169 Thread 0x000001387f278e90 nmethod 9225 0x000001386e2ab190 code [0x000001386e2ab380, 0x000001386e2ab610]
Event: 5.169 Thread 0x000001387f278e90 9226       2       com.sun.tools.javac.code.Scope$$Lambda/0x000001380736a5d8::<init> (10 bytes)
Event: 5.169 Thread 0x000001387f278e90 nmethod 9226 0x000001386e457b90 code [0x000001386e457d20, 0x000001386e457e78]
Event: 5.169 Thread 0x000001387f278e90 9227       2       com.sun.tools.javac.code.Scope::includes (9 bytes)
Event: 5.169 Thread 0x000001387f278e90 nmethod 9227 0x000001386e405b90 code [0x000001386e405d80, 0x000001386e406010]
Event: 5.173 Thread 0x000001387f278e90 9228       2       java.net.URI::normalize (5 bytes)
Event: 5.173 Thread 0x000001387f278e90 nmethod 9228 0x000001386e48d590 code [0x000001386e48d740, 0x000001386e48d860]
Event: 5.173 Thread 0x000001387f278e90 9229       2       java.net.URI::normalize (115 bytes)
Event: 5.173 Thread 0x000001387f278e90 nmethod 9229 0x000001386e405190 code [0x000001386e405360, 0x000001386e405898]
Event: 5.180 Thread 0x000001387f278e90 9231       3       com.sun.tools.javac.comp.Infer$InferenceStep::accepts (25 bytes)
Event: 5.180 Thread 0x000001387f278e90 nmethod 9231 0x000001386e512910 code [0x000001386e512ae0, 0x000001386e512f50]
Event: 5.181 Thread 0x000001387f278e90 9232       3       com.sun.tools.javac.jvm.ClassReader$$Lambda/0x0000013807320fe0::apply (9 bytes)
Event: 5.181 Thread 0x000001387f278e90 nmethod 9232 0x000001386e2aab90 code [0x000001386e2aad60, 0x000001386e2ab030]
Event: 5.184 Thread 0x000001387f278e90 9234       2       com.sun.tools.javac.comp.Lower::lookupMethod (20 bytes)
Event: 5.184 Thread 0x000001387f278e90 nmethod 9234 0x000001386e2d2590 code [0x000001386e2d2740, 0x000001386e2d2898]
Event: 5.190 Thread 0x000001387f278e90 9235       2       com.sun.tools.javac.code.Types$DefaultTypeVisitor::visitUndetVar (7 bytes)
Event: 5.190 Thread 0x000001387f278e90 nmethod 9235 0x000001386e521590 code [0x000001386e521740, 0x000001386e521870]
Event: 5.190 Thread 0x000001387f278e90 9236       3       com.sun.tools.javac.comp.Infer$CheckBounds::apply (200 bytes)

GC Heap History (19 events):
Event: 0.430 GC heap before
{Heap before GC invocations=0 (full 0):
 garbage-first heap   total 258048K, used 20480K [0x0000000704a00000, 0x0000000800000000)
  region size 2048K, 11 young (22528K), 0 survivors (0K)
 Metaspace       used 5639K, committed 5824K, reserved 1114112K
  class space    used 659K, committed 768K, reserved 1048576K
}
Event: 0.433 GC heap after
{Heap after GC invocations=1 (full 0):
 garbage-first heap   total 258048K, used 4000K [0x0000000704a00000, 0x0000000800000000)
  region size 2048K, 2 young (4096K), 2 survivors (4096K)
 Metaspace       used 5639K, committed 5824K, reserved 1114112K
  class space    used 659K, committed 768K, reserved 1048576K
}
Event: 0.766 GC heap before
{Heap before GC invocations=1 (full 0):
 garbage-first heap   total 258048K, used 32672K [0x0000000704a00000, 0x0000000800000000)
  region size 2048K, 16 young (32768K), 2 survivors (4096K)
 Metaspace       used 9101K, committed 9280K, reserved 1114112K
  class space    used 1073K, committed 1152K, reserved 1048576K
}
Event: 0.768 GC heap after
{Heap after GC invocations=2 (full 0):
 garbage-first heap   total 258048K, used 5516K [0x0000000704a00000, 0x0000000800000000)
  region size 2048K, 1 young (2048K), 1 survivors (2048K)
 Metaspace       used 9101K, committed 9280K, reserved 1114112K
  class space    used 1073K, committed 1152K, reserved 1048576K
}
Event: 2.225 GC heap before
{Heap before GC invocations=2 (full 0):
 garbage-first heap   total 258048K, used 189836K [0x0000000704a00000, 0x0000000800000000)
  region size 2048K, 75 young (153600K), 1 survivors (2048K)
 Metaspace       used 17555K, committed 17856K, reserved 1114112K
  class space    used 1994K, committed 2176K, reserved 1048576K
}
Event: 2.235 GC heap after
{Heap after GC invocations=3 (full 0):
 garbage-first heap   total 258048K, used 17350K [0x0000000704a00000, 0x0000000800000000)
  region size 2048K, 7 young (14336K), 7 survivors (14336K)
 Metaspace       used 17555K, committed 17856K, reserved 1114112K
  class space    used 1994K, committed 2176K, reserved 1048576K
}
Event: 2.614 GC heap before
{Heap before GC invocations=3 (full 0):
 garbage-first heap   total 258048K, used 54214K [0x0000000704a00000, 0x0000000800000000)
  region size 2048K, 24 young (49152K), 7 survivors (14336K)
 Metaspace       used 21234K, committed 21504K, reserved 1114112K
  class space    used 2439K, committed 2560K, reserved 1048576K
}
Event: 2.621 GC heap after
{Heap after GC invocations=4 (full 0):
 garbage-first heap   total 258048K, used 27005K [0x0000000704a00000, 0x0000000800000000)
  region size 2048K, 3 young (6144K), 3 survivors (6144K)
 Metaspace       used 21234K, committed 21504K, reserved 1114112K
  class space    used 2439K, committed 2560K, reserved 1048576K
}
Event: 3.384 GC heap before
{Heap before GC invocations=5 (full 0):
 garbage-first heap   total 102400K, used 100733K [0x0000000704a00000, 0x0000000800000000)
  region size 2048K, 39 young (79872K), 3 survivors (6144K)
 Metaspace       used 26851K, committed 27264K, reserved 1114112K
  class space    used 3005K, committed 3200K, reserved 1048576K
}
Event: 3.396 GC heap after
{Heap after GC invocations=6 (full 0):
 garbage-first heap   total 129024K, used 45670K [0x0000000704a00000, 0x0000000800000000)
  region size 2048K, 10 young (20480K), 10 survivors (20480K)
 Metaspace       used 26851K, committed 27264K, reserved 1114112K
  class space    used 3005K, committed 3200K, reserved 1048576K
}
Event: 4.228 GC heap before
{Heap before GC invocations=6 (full 0):
 garbage-first heap   total 129024K, used 98918K [0x0000000704a00000, 0x0000000800000000)
  region size 2048K, 36 young (73728K), 10 survivors (20480K)
 Metaspace       used 29692K, committed 30144K, reserved 1114112K
  class space    used 3273K, committed 3456K, reserved 1048576K
}
Event: 4.244 GC heap after
{Heap after GC invocations=7 (full 0):
 garbage-first heap   total 129024K, used 51830K [0x0000000704a00000, 0x0000000800000000)
  region size 2048K, 3 young (6144K), 3 survivors (6144K)
 Metaspace       used 29692K, committed 30144K, reserved 1114112K
  class space    used 3273K, committed 3456K, reserved 1048576K
}
Event: 4.621 GC heap before
{Heap before GC invocations=7 (full 0):
 garbage-first heap   total 129024K, used 111222K [0x0000000704a00000, 0x0000000800000000)
  region size 2048K, 29 young (59392K), 3 survivors (6144K)
 Metaspace       used 29844K, committed 30272K, reserved 1114112K
  class space    used 3281K, committed 3456K, reserved 1048576K
}
Event: 4.633 GC heap after
{Heap after GC invocations=8 (full 0):
 garbage-first heap   total 135168K, used 73647K [0x0000000704a00000, 0x0000000800000000)
  region size 2048K, 4 young (8192K), 4 survivors (8192K)
 Metaspace       used 29844K, committed 30272K, reserved 1114112K
  class space    used 3281K, committed 3456K, reserved 1048576K
}
Event: 4.794 GC heap before
{Heap before GC invocations=8 (full 0):
 garbage-first heap   total 135168K, used 100271K [0x0000000704a00000, 0x0000000800000000)
  region size 2048K, 18 young (36864K), 4 survivors (8192K)
 Metaspace       used 29855K, committed 30272K, reserved 1114112K
  class space    used 3281K, committed 3456K, reserved 1048576K
}
Event: 4.801 GC heap after
{Heap after GC invocations=9 (full 0):
 garbage-first heap   total 135168K, used 83968K [0x0000000704a00000, 0x0000000800000000)
  region size 2048K, 3 young (6144K), 3 survivors (6144K)
 Metaspace       used 29855K, committed 30272K, reserved 1114112K
  class space    used 3281K, committed 3456K, reserved 1048576K
}
Event: 4.966 GC heap before
{Heap before GC invocations=10 (full 0):
 garbage-first heap   total 163840K, used 112640K [0x0000000704a00000, 0x0000000800000000)
  region size 2048K, 16 young (32768K), 3 survivors (6144K)
 Metaspace       used 29928K, committed 30336K, reserved 1114112K
  class space    used 3284K, committed 3456K, reserved 1048576K
}
Event: 4.974 GC heap after
{Heap after GC invocations=11 (full 0):
 garbage-first heap   total 163840K, used 91507K [0x0000000704a00000, 0x0000000800000000)
  region size 2048K, 2 young (4096K), 2 survivors (4096K)
 Metaspace       used 29928K, committed 30336K, reserved 1114112K
  class space    used 3284K, committed 3456K, reserved 1048576K
}
Event: 5.190 GC heap before
{Heap before GC invocations=11 (full 0):
 garbage-first heap   total 163840K, used 126323K [0x0000000704a00000, 0x0000000800000000)
  region size 2048K, 19 young (38912K), 2 survivors (4096K)
 Metaspace       used 30104K, committed 30528K, reserved 1114112K
  class space    used 3289K, committed 3456K, reserved 1048576K
}

Dll operation events (8 events):
Event: 0.005 Loaded shared library D:\Scoop\apps\openjdk21\current\bin\java.dll
Event: 0.034 Loaded shared library D:\Scoop\apps\openjdk21\current\bin\jsvml.dll
Event: 0.046 Loaded shared library D:\Scoop\apps\openjdk21\current\bin\net.dll
Event: 0.048 Loaded shared library D:\Scoop\apps\openjdk21\current\bin\nio.dll
Event: 0.050 Loaded shared library D:\Scoop\apps\openjdk21\current\bin\zip.dll
Event: 0.133 Loaded shared library D:\Scoop\apps\openjdk21\current\bin\jimage.dll
Event: 0.133 Loaded shared library D:\Scoop\apps\maven\current\lib\jansi-native\Windows\x86_64\jansi.dll
Event: 0.142 Loaded shared library D:\Scoop\apps\openjdk21\current\bin\verify.dll

Deoptimization events (20 events):
Event: 4.940 Thread 0x00000138640d24a0 Uncommon trap: trap_request=0xffffff45 fr.pc=0x0000013875e241c8 relative=0x0000000000000488
Event: 4.940 Thread 0x00000138640d24a0 Uncommon trap: reason=unstable_if action=reinterpret pc=0x0000013875e241c8 method=com.sun.tools.javac.code.Types.rank(Lcom/sun/tools/javac/code/Type;)I @ 80 c2
Event: 4.940 Thread 0x00000138640d24a0 DEOPT PACKING pc=0x0000013875e241c8 sp=0x00000015fc4fcb70
Event: 4.940 Thread 0x00000138640d24a0 DEOPT UNPACKING pc=0x00000138754f7da2 sp=0x00000015fc4fcae8 mode 2
Event: 4.953 Thread 0x00000138640d24a0 DEOPT PACKING pc=0x000001386f299d05 sp=0x00000015fc4fceb0
Event: 4.953 Thread 0x00000138640d24a0 DEOPT UNPACKING pc=0x00000138754f88e2 sp=0x00000015fc4fc378 mode 0
Event: 4.960 Thread 0x00000138640d24a0 DEOPT PACKING pc=0x000001386f0bd65d sp=0x00000015fc4fc130
Event: 4.960 Thread 0x00000138640d24a0 DEOPT UNPACKING pc=0x00000138754f88e2 sp=0x00000015fc4fb560 mode 0
Event: 4.993 Thread 0x00000138640d24a0 DEOPT PACKING pc=0x000001386e473e2e sp=0x00000015fc4fc500
Event: 4.993 Thread 0x00000138640d24a0 DEOPT UNPACKING pc=0x00000138754f88e2 sp=0x00000015fc4fb9a0 mode 0
Event: 4.996 Thread 0x00000138640d24a0 DEOPT PACKING pc=0x000001386e52ba2e sp=0x00000015fc4fc500
Event: 4.996 Thread 0x00000138640d24a0 DEOPT UNPACKING pc=0x00000138754f88e2 sp=0x00000015fc4fb9a0 mode 0
Event: 5.049 Thread 0x00000138640d24a0 DEOPT PACKING pc=0x000001386f23d083 sp=0x00000015fc4f8bd0
Event: 5.049 Thread 0x00000138640d24a0 DEOPT UNPACKING pc=0x00000138754f88e2 sp=0x00000015fc4f8018 mode 0
Event: 5.122 Thread 0x00000138640d24a0 DEOPT PACKING pc=0x000001386f299d05 sp=0x00000015fc4fab00
Event: 5.122 Thread 0x00000138640d24a0 DEOPT UNPACKING pc=0x00000138754f88e2 sp=0x00000015fc4f9fc8 mode 0
Event: 5.126 Thread 0x00000138640d24a0 Uncommon trap: trap_request=0xffffff45 fr.pc=0x0000013875e380e0 relative=0x0000000000000260
Event: 5.126 Thread 0x00000138640d24a0 Uncommon trap: reason=unstable_if action=reinterpret pc=0x0000013875e380e0 method=com.sun.tools.javac.code.Types$5.visitClassType(Lcom/sun/tools/javac/code/Type$ClassType;Lcom/sun/tools/javac/code/Type;)Ljava/lang/Boolean; @ 31 c2
Event: 5.126 Thread 0x00000138640d24a0 DEOPT PACKING pc=0x0000013875e380e0 sp=0x00000015fc4fc400
Event: 5.126 Thread 0x00000138640d24a0 DEOPT UNPACKING pc=0x00000138754f7da2 sp=0x00000015fc4fc378 mode 2

Classes loaded (20 events):
Event: 3.604 Loading class java/lang/invoke/MethodHandleImpl$CountingWrapper
Event: 3.604 Loading class java/lang/invoke/MethodHandleImpl$CountingWrapper done
Event: 3.616 Loading class java/io/DataOutputStream
Event: 3.616 Loading class java/io/DataOutputStream done
Event: 3.793 Loading class java/lang/invoke/MethodHandleImpl$CountingWrapper$1
Event: 3.793 Loading class java/lang/invoke/MethodHandleImpl$CountingWrapper$1 done
Event: 4.135 Loading class java/util/regex/Pattern$Loop
Event: 4.135 Loading class java/util/regex/Pattern$Loop done
Event: 4.135 Loading class java/util/regex/Pattern$Prolog
Event: 4.136 Loading class java/util/regex/Pattern$Prolog done
Event: 4.136 Loading class java/util/function/UnaryOperator
Event: 4.136 Loading class java/util/function/UnaryOperator done
Event: 4.305 Loading class java/util/EnumMap$Values
Event: 4.305 Loading class java/util/EnumMap$Values done
Event: 4.305 Loading class java/util/EnumMap$ValueIterator
Event: 4.305 Loading class java/util/EnumMap$ValueIterator done
Event: 4.307 Loading class java/util/WeakHashMap$KeyIterator
Event: 4.307 Loading class java/util/WeakHashMap$HashIterator
Event: 4.307 Loading class java/util/WeakHashMap$HashIterator done
Event: 4.308 Loading class java/util/WeakHashMap$KeyIterator done

Classes unloaded (0 events):
No events

Classes redefined (0 events):
No events

Internal exceptions (20 events):
Event: 5.115 Thread 0x00000138640d24a0 Exception <a 'sun/nio/fs/WindowsException'{0x000000070c2af848}> (0x000000070c2af848) 
thrown [s\open\src\hotspot\share\prims\jni.cpp, line 520]
Event: 5.135 Thread 0x00000138640d24a0 Exception <a 'sun/nio/fs/WindowsException'{0x000000070c0be768}> (0x000000070c0be768) 
thrown [s\open\src\hotspot\share\prims\jni.cpp, line 520]
Event: 5.145 Thread 0x00000138640d24a0 Exception <a 'sun/nio/fs/WindowsException'{0x000000070bf0a600}> (0x000000070bf0a600) 
thrown [s\open\src\hotspot\share\prims\jni.cpp, line 520]
Event: 5.147 Thread 0x00000138640d24a0 Exception <a 'sun/nio/fs/WindowsException'{0x000000070bf13f30}> (0x000000070bf13f30) 
thrown [s\open\src\hotspot\share\prims\jni.cpp, line 520]
Event: 5.156 Thread 0x00000138640d24a0 Exception <a 'sun/nio/fs/WindowsException'{0x000000070bc31a88}> (0x000000070bc31a88) 
thrown [s\open\src\hotspot\share\prims\jni.cpp, line 520]
Event: 5.163 Thread 0x00000138640d24a0 Exception <a 'sun/nio/fs/WindowsException'{0x000000070bca76a8}> (0x000000070bca76a8) 
thrown [s\open\src\hotspot\share\prims\jni.cpp, line 520]
Event: 5.163 Thread 0x00000138640d24a0 Exception <a 'sun/nio/fs/WindowsException'{0x000000070bca8528}> (0x000000070bca8528) 
thrown [s\open\src\hotspot\share\prims\jni.cpp, line 520]
Event: 5.163 Thread 0x00000138640d24a0 Exception <a 'sun/nio/fs/WindowsException'{0x000000070bcab8b8}> (0x000000070bcab8b8) 
thrown [s\open\src\hotspot\share\prims\jni.cpp, line 520]
Event: 5.163 Thread 0x00000138640d24a0 Exception <a 'sun/nio/fs/WindowsException'{0x000000070bcb1f50}> (0x000000070bcb1f50) 
thrown [s\open\src\hotspot\share\prims\jni.cpp, line 520]
Event: 5.163 Thread 0x00000138640d24a0 Exception <a 'sun/nio/fs/WindowsException'{0x000000070bcb2e90}> (0x000000070bcb2e90) 
thrown [s\open\src\hotspot\share\prims\jni.cpp, line 520]
Event: 5.164 Thread 0x00000138640d24a0 Exception <a 'sun/nio/fs/WindowsException'{0x000000070bcbd010}> (0x000000070bcbd010) 
thrown [s\open\src\hotspot\share\prims\jni.cpp, line 520]
Event: 5.172 Thread 0x00000138640d24a0 Exception <a 'sun/nio/fs/WindowsException'{0x000000070bdf64f8}> (0x000000070bdf64f8) 
thrown [s\open\src\hotspot\share\prims\jni.cpp, line 520]
Event: 5.175 Thread 0x00000138640d24a0 Exception <a 'sun/nio/fs/WindowsException'{0x000000070ba0d520}> (0x000000070ba0d520) 
thrown [s\open\src\hotspot\share\prims\jni.cpp, line 520]
Event: 5.180 Thread 0x00000138640d24a0 Exception <a 'sun/nio/fs/WindowsException'{0x000000070bba7300}> (0x000000070bba7300) 
thrown [s\open\src\hotspot\share\prims\jni.cpp, line 520]
Event: 5.180 Thread 0x00000138640d24a0 Exception <a 'sun/nio/fs/WindowsException'{0x000000070bba8670}> (0x000000070bba8670) 
thrown [s\open\src\hotspot\share\prims\jni.cpp, line 520]
Event: 5.180 Thread 0x00000138640d24a0 Exception <a 'sun/nio/fs/WindowsException'{0x000000070bbab4d8}> (0x000000070bbab4d8) 
thrown [s\open\src\hotspot\share\prims\jni.cpp, line 520]
Event: 5.180 Thread 0x00000138640d24a0 Exception <a 'sun/nio/fs/WindowsException'{0x000000070bbafdd0}> (0x000000070bbafdd0) 
thrown [s\open\src\hotspot\share\prims\jni.cpp, line 520]
Event: 5.180 Thread 0x00000138640d24a0 Exception <a 'sun/nio/fs/WindowsException'{0x000000070bbb0f80}> (0x000000070bbb0f80) 
thrown [s\open\src\hotspot\share\prims\jni.cpp, line 520]
Event: 5.185 Thread 0x00000138640d24a0 Exception <a 'sun/nio/fs/WindowsException'{0x000000070b9339c0}> (0x000000070b9339c0) 
thrown [s\open\src\hotspot\share\prims\jni.cpp, line 520]
Event: 5.187 Thread 0x00000138640d24a0 Exception <a 'sun/nio/fs/WindowsException'{0x000000070b971d08}> (0x000000070b971d08) 
thrown [s\open\src\hotspot\share\prims\jni.cpp, line 520]

ZGC Phase Switch (0 events):
No events

VM Operations (20 events):
Event: 4.192 Executing VM operation: ICBufferFull done
Event: 4.228 Executing VM operation: G1CollectForAllocation (G1 Evacuation Pause)
Event: 4.244 Executing VM operation: G1CollectForAllocation (G1 Evacuation Pause) done
Event: 4.357 Executing VM operation: ICBufferFull
Event: 4.357 Executing VM operation: ICBufferFull done
Event: 4.621 Executing VM operation: G1CollectForAllocation (G1 Evacuation Pause)
Event: 4.633 Executing VM operation: G1CollectForAllocation (G1 Evacuation Pause) done
Event: 4.794 Executing VM operation: G1TryInitiateConcMark (G1 Humongous Allocation)
Event: 4.802 Executing VM operation: G1TryInitiateConcMark (G1 Humongous Allocation) done
Event: 4.838 Executing VM operation: G1PauseRemark
Event: 4.846 Executing VM operation: G1PauseRemark done
Event: 4.864 Executing VM operation: G1PauseCleanup
Event: 4.864 Executing VM operation: G1PauseCleanup done
Event: 4.889 Executing VM operation: HandshakeAllThreads (Deoptimize)
Event: 4.890 Executing VM operation: HandshakeAllThreads (Deoptimize) done
Event: 4.966 Executing VM operation: G1CollectForAllocation (G1 Evacuation Pause)
Event: 4.974 Executing VM operation: G1CollectForAllocation (G1 Evacuation Pause) done
Event: 5.104 Executing VM operation: ICBufferFull
Event: 5.104 Executing VM operation: ICBufferFull done
Event: 5.190 Executing VM operation: G1CollectForAllocation (G1 Evacuation Pause)

Events (20 events):
Event: 4.846 Thread 0x000001387f24a9c0 flushing nmethod 0x0000013875a77d10
Event: 4.846 Thread 0x000001387f24a9c0 flushing nmethod 0x0000013875a76f10
Event: 4.846 Thread 0x000001387f24a9c0 flushing nmethod 0x0000013875a6f610
Event: 4.846 Thread 0x000001387f24a9c0 flushing nmethod 0x0000013875a6e590
Event: 4.846 Thread 0x000001387f24a9c0 flushing nmethod 0x0000013875a74d90
Event: 4.846 Thread 0x000001387f24a9c0 flushing nmethod 0x0000013875a64810
Event: 4.846 Thread 0x000001387f24a9c0 flushing nmethod 0x0000013875a63d90
Event: 4.846 Thread 0x000001387f24a9c0 flushing nmethod 0x0000013875a67c90
Event: 4.846 Thread 0x000001387f24a9c0 flushing nmethod 0x0000013875a60b10
Event: 4.846 Thread 0x000001387f24a9c0 flushing nmethod 0x0000013875a53c90
Event: 4.846 Thread 0x000001387f24a9c0 flushing nmethod 0x0000013875a51010
Event: 4.846 Thread 0x000001387f24a9c0 flushing nmethod 0x0000013875a4df90
Event: 4.846 Thread 0x000001387f24a9c0 flushing nmethod 0x0000013875a4d090
Event: 4.846 Thread 0x000001387f24a9c0 flushing nmethod 0x0000013875a55790
Event: 4.846 Thread 0x000001387f24a9c0 flushing nmethod 0x0000013875a4bf90
Event: 4.846 Thread 0x000001387f24a9c0 flushing nmethod 0x0000013875a4a810
Event: 4.846 Thread 0x000001387f24a9c0 flushing nmethod 0x0000013875a49290
Event: 4.846 Thread 0x000001387f24a9c0 flushing nmethod 0x0000013875a44010
Event: 4.846 Thread 0x000001387f24a9c0 flushing nmethod 0x0000013875a46f10
Event: 4.846 Thread 0x000001387f24a9c0 flushing nmethod 0x0000013875a40610


Dynamic libraries:
0x00007ff6e41e0000 - 0x00007ff6e41ee000 	D:\Scoop\apps\openjdk21\current\bin\java.exe
0x00007ffcb9750000 - 0x00007ffcb9948000 	C:\Windows\SYSTEM32\ntdll.dll
0x00007ffcb8960000 - 0x00007ffcb8a22000 	C:\Windows\System32\KERNEL32.DLL
0x00007ffcb7080000 - 0x00007ffcb737e000 	C:\Windows\System32\KERNELBASE.dll
0x00007ffcb7380000 - 0x00007ffcb7480000 	C:\Windows\System32\ucrtbase.dll
0x00007ffcadce0000 - 0x00007ffcadcf8000 	D:\Scoop\apps\openjdk21\current\bin\jli.dll
0x00007ffcada40000 - 0x00007ffcada5b000 	D:\Scoop\apps\openjdk21\current\bin\VCRUNTIME140.dll
0x00007ffcb7cb0000 - 0x00007ffcb7e4d000 	C:\Windows\System32\USER32.dll
0x00007ffcb7050000 - 0x00007ffcb7072000 	C:\Windows\System32\win32u.dll
0x00007ffcb7810000 - 0x00007ffcb783b000 	C:\Windows\System32\GDI32.dll
0x00007ffca3bd0000 - 0x00007ffca3e6a000 	C:\Windows\WinSxS\amd64_microsoft.windows.common-controls_6595b64144ccf1df_6.0.19041.4355_none_60b8b9eb71f62e16\COMCTL32.dll
0x00007ffcb7480000 - 0x00007ffcb7597000 	C:\Windows\System32\gdi32full.dll
0x00007ffcb8e10000 - 0x00007ffcb8eae000 	C:\Windows\System32\msvcrt.dll
0x00007ffcb7620000 - 0x00007ffcb76bd000 	C:\Windows\System32\msvcp_win.dll
0x00007ffcb80b0000 - 0x00007ffcb80df000 	C:\Windows\System32\IMM32.DLL
0x00007ffcb0640000 - 0x00007ffcb064c000 	D:\Scoop\apps\openjdk21\current\bin\vcruntime140_1.dll
0x00007ffc96bd0000 - 0x00007ffc96c5e000 	D:\Scoop\apps\openjdk21\current\bin\msvcp140.dll
0x00007ffc669a0000 - 0x00007ffc676b7000 	D:\Scoop\apps\openjdk21\current\bin\server\jvm.dll
0x00007ffcb7ff0000 - 0x00007ffcb80a1000 	C:\Windows\System32\ADVAPI32.dll
0x00007ffcb7770000 - 0x00007ffcb780f000 	C:\Windows\System32\sechost.dll
0x00007ffcb7ec0000 - 0x00007ffcb7fe3000 	C:\Windows\System32\RPCRT4.dll
0x00007ffcb75f0000 - 0x00007ffcb7617000 	C:\Windows\System32\bcrypt.dll
0x00007ffcb8d90000 - 0x00007ffcb8dfb000 	C:\Windows\System32\WS2_32.dll
0x00007ffcb6340000 - 0x00007ffcb638b000 	C:\Windows\SYSTEM32\POWRPROF.dll
0x00007ffca7290000 - 0x00007ffca72b7000 	C:\Windows\SYSTEM32\WINMM.dll
0x00007ffcac750000 - 0x00007ffcac75a000 	C:\Windows\SYSTEM32\VERSION.dll
0x00007ffcb61b0000 - 0x00007ffcb61c2000 	C:\Windows\SYSTEM32\UMPDC.dll
0x00007ffcb5620000 - 0x00007ffcb5632000 	C:\Windows\SYSTEM32\kernel.appcore.dll
0x00007ffcadf40000 - 0x00007ffcadf4a000 	D:\Scoop\apps\openjdk21\current\bin\jimage.dll
0x00007ffcb5300000 - 0x00007ffcb54e4000 	C:\Windows\SYSTEM32\DBGHELP.DLL
0x00007ffc91230000 - 0x00007ffc91264000 	C:\Windows\SYSTEM32\dbgcore.DLL
0x00007ffcb6fc0000 - 0x00007ffcb7042000 	C:\Windows\System32\bcryptPrimitives.dll
0x00007ffca9660000 - 0x00007ffca967f000 	D:\Scoop\apps\openjdk21\current\bin\java.dll
0x00007ffcb8eb0000 - 0x00007ffcb961d000 	C:\Windows\System32\SHELL32.dll
0x00007ffcb4b40000 - 0x00007ffcb52e4000 	C:\Windows\SYSTEM32\windows.storage.dll
0x00007ffcb80e0000 - 0x00007ffcb8433000 	C:\Windows\System32\combase.dll
0x00007ffcb67e0000 - 0x00007ffcb680e000 	C:\Windows\SYSTEM32\Wldp.dll
0x00007ffcb8750000 - 0x00007ffcb881d000 	C:\Windows\System32\OLEAUT32.dll
0x00007ffcb8a30000 - 0x00007ffcb8add000 	C:\Windows\System32\SHCORE.dll
0x00007ffcb8820000 - 0x00007ffcb8875000 	C:\Windows\System32\shlwapi.dll
0x00007ffcb6ce0000 - 0x00007ffcb6d04000 	C:\Windows\SYSTEM32\profapi.dll
0x00007ffc76e70000 - 0x00007ffc76f47000 	D:\Scoop\apps\openjdk21\current\bin\jsvml.dll
0x00007ffcac6c0000 - 0x00007ffcac6d0000 	D:\Scoop\apps\openjdk21\current\bin\net.dll
0x00007ffcb0800000 - 0x00007ffcb090d000 	C:\Windows\SYSTEM32\WINHTTP.dll
0x00007ffcb6540000 - 0x00007ffcb65aa000 	C:\Windows\system32\mswsock.dll
0x00007ffca4950000 - 0x00007ffca4966000 	D:\Scoop\apps\openjdk21\current\bin\nio.dll
0x00007ffca3ee0000 - 0x00007ffca3ef8000 	D:\Scoop\apps\openjdk21\current\bin\zip.dll
0x00007ffca0e80000 - 0x00007ffca0ea4000 	D:\Scoop\apps\maven\current\lib\jansi-native\Windows\x86_64\jansi.dll
0x00007ffca7150000 - 0x00007ffca7160000 	D:\Scoop\apps\openjdk21\current\bin\verify.dll

dbghelp: loaded successfully - version: 4.0.5 - missing functions: none
symbol engine: initialized successfully - sym options: 0x614 - pdb path: .;D:\Scoop\apps\openjdk21\current\bin;C:\Windows\SYSTEM32;C:\Windows\WinSxS\amd64_microsoft.windows.common-controls_6595b64144ccf1df_6.0.19041.4355_none_60b8b9eb71f62e16;D:\Scoop\apps\openjdk21\current\bin\server;D:\Scoop\apps\maven\current\lib\jansi-native\Windows\x86_64

VM Arguments:
jvm_args: --enable-native-access=ALL-UNNAMED -Dclassworlds.conf=D:\Scoop\apps\maven\current\bin\m2.conf -Dmaven.home=D:\Scoop\apps\maven\current -Dlibrary.jansi.path=D:\Scoop\apps\maven\current\lib\jansi-native -Dmaven.multiModuleProjectDirectory=D:\devlop\project\EBlog\backend 
java_command: org.codehaus.plexus.classworlds.launcher.Launcher -q spring-boot:run
java_class_path (initial): D:\Scoop\apps\maven\current\boot\plexus-classworlds-2.9.0.jar
Launcher Type: SUN_STANDARD

[Global flags]
     intx CICompilerCount                          = 4                                         {product} {ergonomic}
     uint ConcGCThreads                            = 2                                         {product} {ergonomic}
     uint G1ConcRefinementThreads                  = 8                                         {product} {ergonomic}
   size_t G1HeapRegionSize                         = 2097152                                   {product} {ergonomic}
    uintx GCDrainStackTargetSize                   = 64                                        {product} {ergonomic}
   size_t InitialHeapSize                          = 264241152                                 {product} {ergonomic}
   size_t MarkStackSize                            = 4194304                                   {product} {ergonomic}
   size_t MaxHeapSize                              = 4217372672                                {product} {ergonomic}
   size_t MaxNewSize                               = 2529165312                                {product} {ergonomic}
   size_t MinHeapDeltaBytes                        = 2097152                                   {product} {ergonomic}
   size_t MinHeapSize                              = 8388608                                   {product} {ergonomic}
    uintx NonNMethodCodeHeapSize                   = 5839372                                {pd product} {ergonomic}
    uintx NonProfiledCodeHeapSize                  = 122909434                              {pd product} {ergonomic}
    uintx ProfiledCodeHeapSize                     = 122909434                              {pd product} {ergonomic}
    uintx ReservedCodeCacheSize                    = 251658240                              {pd product} {ergonomic}
     bool SegmentedCodeCache                       = true                                      {product} {ergonomic}
   size_t SoftMaxHeapSize                          = 4217372672                             {manageable} {ergonomic}
     bool UseCompressedOops                        = true                           {product lp64_product} {ergonomic}
     bool UseG1GC                                  = true                                      {product} {ergonomic}
     bool UseLargePagesIndividualAllocation        = false                                  {pd product} {ergonomic}

Logging:
Log output configuration:
 #0: stdout all=warning uptime,level,tags foldmultilines=false
 #1: stderr all=off uptime,level,tags foldmultilines=false

Environment Variables:
JAVA_HOME=D:\Scoop\apps\openjdk21\current
PATH=E:\VMware\bin\;C:\Program Files\Common Files\Oracle\Java\javapath;c:\Users\Administrator\AppData\Local\Programs\cursor\resources\app\bin;E:\Python312\Scripts\;E:\Python312\;C:\Program Files (x86)\Westone\DLP-Client\x64\x64;C:\Program Files (x86)\Westone\DLP-Client\x64;D:\Scoop\apps\nodejs\20.5.1;C:\Windows;C:\Windows\System32\Wbem;C:\Windows\System32\WindowsPowerShell\v1.0\;C:\Windows\System32\OpenSSH\;C:\westone\bin\dll\;E:\java\bin;D:\Scoop\apps\nodejs\20.5.1\node_global;C:\Program Files\dotnet\;C:\Strawberry\c\bin;C:\Strawberry\perl\site\bin;C:\Strawberry\perl\bin;C:\Program Files\TortoiseHg\;C:\Program Files\Torto;D:\mysql\bin;E:\Microsoft VS Code\bin;D:\Scoop\apps\openjdk21\current\bin;D:\Scoop\apps\python\current\Scripts;D:\Scoop\apps\python\current;D:\Scoop\apps\nodejs\current\bin;D:\Scoop\apps\nodejs\current;D:\Scoop\apps\maven\current\bin;E:\Python312\Scripts\;E:\Python312\;C:\Program Files (x86)\Westone\DLP-Client\x64\x64;C:\Program Files (x86)\Westone\DLP-Client\x64;D:\Scoop\apps\nodejs\20.5.1;C:\Windows;C:\Windows\System32\Wbem;C:\Windows\System32\WindowsPowerShell\v1.0\;C:\Windows\System32\OpenSSH\;C:\westone\bin\dll\;D:\Scoop\apps\nodejs\20.5.1\node_global;C:\Program Files\dotnet\;C:\Strawberry\c\bin;C:\Strawberry\perl\site\bin;C:\Strawberry\perl\bin;C:\Program Files\TortoiseHg\;D:\Scoop\shims;C:\Users\Administrator\AppData\Local\Microsoft\WindowsApps;E:\qqgame\Hall.57938\;c:\windows\system32;D:\mysql\bin;C:\Users\Administrator\.dotnet\tools;C:\Users\Administrator\AppData\Local\Programs\Trae\bin;C:\Users\Administrator\.bun\bin
USERNAME=Administrator
TERM=xterm-256color
OS=Windows_NT
PROCESSOR_IDENTIFIER=Intel64 Family 6 Model 140 Stepping 1, GenuineIntel
TMP=C:\Users\Administrator\AppData\Local\Temp
TEMP=C:\Users\Administrator\AppData\Local\Temp




Periodic native trim disabled

---------------  S Y S T E M  ---------------

OS:
 Windows 10 , 64 bit Build 19041 (10.0.19041.5072)
OS uptime: 0 days 16:12 hours

CPU: total 8 (initial active 8) (4 cores per cpu, 2 threads per core) family 6 model 140 stepping 1 microcode 0x86, cx8, cmov, fxsr, ht, mmx, 3dnowpref, sse, sse2, sse3, ssse3, sse4.1, sse4.2, popcnt, lzcnt, tsc, tscinvbit, avx, avx2, aes, erms, clmul, bmi1, bmi2, adx, avx512f, avx512dq, avx512cd, avx512bw, avx512vl, sha, fma, vzeroupper, avx512_vpopcntdq, avx512_vpclmulqdq, avx512_vaes, avx512_vnni, clflush, clflushopt, clwb, avx512_vbmi2, avx512_vbmi, rdtscp, rdpid, fsrm, gfni, avx512_bitalg, f16c, pku, cet_ibt, cet_ss, avx512_ifma
Processor Information for all 8 processors :
  Max Mhz: 2419, Current Mhz: 2419, Mhz Limit: 2419

Memory: 4k page, system-wide physical 16082M (458M free)
TotalPageFile size 31386M (AvailPageFile size 52M)
current process WorkingSet (physical memory assigned to process): 325M, peak: 327M
current process commit charge ("private bytes"): 362M, peak: 414M

vm_info: OpenJDK 64-Bit Server VM (21.0.2+13-58) for windows-amd64 JRE (21.0.2+13-58), built on 2024-01-05T18:32:24Z by "mach5one" with MS VC++ 17.1 (VS2022)

END.
