#
# There is insufficient memory for the Java Runtime Environment to continue.
# Native memory allocation (malloc) failed to allocate 91936 bytes for Chunk::new
# Possible reasons:
#   The system is out of physical RAM or swap space
#   The process is running with CompressedOops enabled, and the Java Heap may be blocking the growth of the native heap
# Possible solutions:
#   Reduce memory load on the system
#   Increase physical memory or swap space
#   Check if swap backing store is full
#   Decrease Java heap size (-Xmx/-Xms)
#   Decrease number of Java threads
#   Decrease Java thread stack sizes (-Xss)
#   Set larger code cache with -XX:ReservedCodeCacheSize=
#   JVM is running with Zero Based Compressed Oops mode in which the Java heap is
#     placed in the first 32GB address space. The Java Heap base address is the
#     maximum limit for the native heap growth. Please use -XX:HeapBaseMinAddress
#     to set the Java Heap base and to place the Java Heap above 32GB virtual address.
# This output file may be truncated or incomplete.
#
#  Out of Memory Error (arena.cpp:168), pid=35204, tid=29968
#
# JRE version: OpenJDK Runtime Environment (21.0.2+13) (build 21.0.2+13-58)
# Java VM: OpenJDK 64-Bit Server VM (21.0.2+13-58, mixed mode, sharing, tiered, compressed oops, compressed class ptrs, g1 gc, windows-amd64)
# No core dump will be written. Minidumps are not enabled by default on client versions of Windows
#

---------------  S U M M A R Y ------------

Command Line: C:\Users\Administrator\AppData\Local\Temp\surefire15432930608734940277\surefirebooter-20260127132227053_3.jar C:\Users\Administrator\AppData\Local\Temp\surefire15432930608734940277 2026-01-27T13-22-26_966-jvmRun1 surefire-20260127132227053_1tmp surefire_0-20260127132227053_2tmp

Host: 11th Gen Intel(R) Core(TM) i5-1135G7 @ 2.40GHz, 8 cores, 15G,  Windows 10 , 64 bit Build 19041 (10.0.19041.5072)
Time: Tue Jan 27 13:22:27 2026  Windows 10 , 64 bit Build 19041 (10.0.19041.5072) elapsed time: 0.121986 seconds (0d 0h 0m 0s)

---------------  T H R E A D  ---------------

Current thread (0x000001f2a0dc7c30):  JavaThread "C2 CompilerThread0" daemon [_thread_in_native, id=29968, stack(0x000000393b700000,0x000000393b800000) (1024K)]


Current CompileTask:
C2:    122  344 %     4       java.util.jar.Manifest$FastInputStream::readLine @ 86 (296 bytes)

Stack: [0x000000393b700000,0x000000393b800000]
Native frames: (J=compiled Java code, j=interpreted, Vv=VM code, C=native code)
V  [jvm.dll+0x6cade9]
V  [jvm.dll+0x8569c1]
V  [jvm.dll+0x858d2e]
V  [jvm.dll+0x859413]
V  [jvm.dll+0x280e56]
V  [jvm.dll+0xc3f3d]
V  [jvm.dll+0xc4473]
V  [jvm.dll+0x2f437f]
V  [jvm.dll+0x5f5056]
V  [jvm.dll+0x252d7f]
V  [jvm.dll+0x25315f]
V  [jvm.dll+0x24b8e0]
V  [jvm.dll+0x2490a3]
V  [jvm.dll+0x1c9634]
V  [jvm.dll+0x258859]
V  [jvm.dll+0x256e3a]
V  [jvm.dll+0x3ef6c6]
V  [jvm.dll+0x7ff568]
V  [jvm.dll+0x6c953d]
C  [ucrtbase.dll+0x21bb2]
C  [KERNEL32.DLL+0x17374]
C  [ntdll.dll+0x4cc91]


---------------  P R O C E S S  ---------------

Threads class SMR info:
_java_thread_list=0x000001f2e6138e30, length=11, elements={
0x000001f2ffd83820, 0x000001f2a0dbc260, 0x000001f2a0dbd180, 0x000001f2a0dbef50,
0x000001f2a0dc19c0, 0x000001f2a0dc2420, 0x000001f2a0dc2e80, 0x000001f2a0dc7c30,
0x000001f2a0dc86d0, 0x000001f2e616a6e0, 0x000001f2e6157340
}

Java Threads: ( => current thread )
  0x000001f2ffd83820 JavaThread "main"                              [_thread_in_native, id=18960, stack(0x000000393a900000,0x000000393aa00000) (1024K)]
  0x000001f2a0dbc260 JavaThread "Reference Handler"          daemon [_thread_blocked, id=24900, stack(0x000000393b100000,0x000000393b200000) (1024K)]
  0x000001f2a0dbd180 JavaThread "Finalizer"                  daemon [_thread_blocked, id=35072, stack(0x000000393b200000,0x000000393b300000) (1024K)]
  0x000001f2a0dbef50 JavaThread "Signal Dispatcher"          daemon [_thread_blocked, id=23784, stack(0x000000393b300000,0x000000393b400000) (1024K)]
  0x000001f2a0dc19c0 JavaThread "Attach Listener"            daemon [_thread_blocked, id=30700, stack(0x000000393b400000,0x000000393b500000) (1024K)]
  0x000001f2a0dc2420 JavaThread "Service Thread"             daemon [_thread_blocked, id=26316, stack(0x000000393b500000,0x000000393b600000) (1024K)]
  0x000001f2a0dc2e80 JavaThread "Monitor Deflation Thread"   daemon [_thread_blocked, id=7852, stack(0x000000393b600000,0x000000393b700000) (1024K)]
=>0x000001f2a0dc7c30 JavaThread "C2 CompilerThread0"         daemon [_thread_in_native, id=29968, stack(0x000000393b700000,0x000000393b800000) (1024K)]
  0x000001f2a0dc86d0 JavaThread "C1 CompilerThread0"         daemon [_thread_blocked, id=20832, stack(0x000000393b800000,0x000000393b900000) (1024K)]
  0x000001f2e616a6e0 JavaThread "Notification Thread"        daemon [_thread_blocked, id=27548, stack(0x000000393b900000,0x000000393ba00000) (1024K)]
  0x000001f2e6157340 JavaThread "Common-Cleaner"             daemon [_thread_blocked, id=22504, stack(0x000000393ba00000,0x000000393bb00000) (1024K)]
Total: 11

Other Threads:
  0x000001f2a0d99050 VMThread "VM Thread"                           [id=28948, stack(0x000000393b000000,0x000000393b100000) (1024K)]
  0x000001f2a0d80ac0 WatcherThread "VM Periodic Task Thread"        [id=28668, stack(0x000000393af00000,0x000000393b000000) (1024K)]
  0x000001f2ffde3db0 WorkerThread "GC Thread#0"                     [id=29252, stack(0x000000393aa00000,0x000000393ab00000) (1024K)]
  0x000001f2ffdf5800 ConcurrentGCThread "G1 Main Marker"            [id=3380, stack(0x000000393ab00000,0x000000393ac00000) (1024K)]
  0x000001f2ffdf6210 WorkerThread "G1 Conc#0"                       [id=27236, stack(0x000000393ac00000,0x000000393ad00000) (1024K)]
  0x000001f2a0c52610 ConcurrentGCThread "G1 Refine#0"               [id=21140, stack(0x000000393ad00000,0x000000393ae00000) (1024K)]
  0x000001f2a0c53fa0 ConcurrentGCThread "G1 Service"                [id=39096, stack(0x000000393ae00000,0x000000393af00000) (1024K)]
Total: 7

Threads with active compile tasks:
C2 CompilerThread0      130  344 %     4       java.util.jar.Manifest$FastInputStream::readLine @ 86 (296 bytes)
Total: 1

VM state: not at safepoint (normal execution)

VM Mutex/Monitor currently owned by a thread: None

Heap address: 0x0000000704a00000, size: 4022 MB, Compressed Oops mode: Zero based, Oop shift amount: 3

CDS archive(s) mapped at: [0x000001f2a1000000-0x000001f2a1c90000-0x000001f2a1c90000), size 13172736, SharedBaseAddress: 0x000001f2a1000000, ArchiveRelocationMode: 1.
Compressed class space mapped at: 0x000001f2a2000000-0x000001f2e2000000, reserved size: 1073741824
Narrow klass base: 0x000001f2a1000000, Narrow klass shift: 0, Narrow klass range: 0x100000000

GC Precious Log:
 CardTable entry size: 512
 Card Set container configuration: InlinePtr #cards 4 size 8 Array Of Cards #cards 16 size 48 Howl #buckets 8 coarsen threshold 3686 Howl Bitmap #cards 512 size 80 coarsen threshold 460 Card regions per heap region 1 cards per card region 4096
 CPUs: 8 total, 8 available
 Memory: 16082M
 Large Page Support: Disabled
 NUMA Support: Disabled
 Compressed Oops: Enabled (Zero based)
 Heap Region Size: 2M
 Heap Min Capacity: 8M
 Heap Initial Capacity: 252M
 Heap Max Capacity: 4022M
 Pre-touch: Disabled
 Parallel Workers: 8
 Concurrent Workers: 2
 Concurrent Refinement Workers: 8
 Periodic GC: Disabled

Heap:
 garbage-first heap   total 258048K, used 8192K [0x0000000704a00000, 0x0000000800000000)
  region size 2048K, 5 young (10240K), 0 survivors (0K)
 Metaspace       used 946K, committed 1088K, reserved 1114112K
  class space    used 82K, committed 128K, reserved 1048576K

Heap Regions: E=young(eden), S=young(survivor), O=old, HS=humongous(starts), HC=humongous(continues), CS=collection set, F=free, TAMS=top-at-mark-start, PB=parsable bottom
|   0|0x0000000704a00000, 0x0000000704a00000, 0x0000000704c00000|  0%| F|  |TAMS 0x0000000704a00000| PB 0x0000000704a00000| Untracked 
|   1|0x0000000704c00000, 0x0000000704c00000, 0x0000000704e00000|  0%| F|  |TAMS 0x0000000704c00000| PB 0x0000000704c00000| Untracked 
|   2|0x0000000704e00000, 0x0000000704e00000, 0x0000000705000000|  0%| F|  |TAMS 0x0000000704e00000| PB 0x0000000704e00000| Untracked 
|   3|0x0000000705000000, 0x0000000705000000, 0x0000000705200000|  0%| F|  |TAMS 0x0000000705000000| PB 0x0000000705000000| Untracked 
|   4|0x0000000705200000, 0x0000000705200000, 0x0000000705400000|  0%| F|  |TAMS 0x0000000705200000| PB 0x0000000705200000| Untracked 
|   5|0x0000000705400000, 0x0000000705400000, 0x0000000705600000|  0%| F|  |TAMS 0x0000000705400000| PB 0x0000000705400000| Untracked 
|   6|0x0000000705600000, 0x0000000705600000, 0x0000000705800000|  0%| F|  |TAMS 0x0000000705600000| PB 0x0000000705600000| Untracked 
|   7|0x0000000705800000, 0x0000000705800000, 0x0000000705a00000|  0%| F|  |TAMS 0x0000000705800000| PB 0x0000000705800000| Untracked 
|   8|0x0000000705a00000, 0x0000000705a00000, 0x0000000705c00000|  0%| F|  |TAMS 0x0000000705a00000| PB 0x0000000705a00000| Untracked 
|   9|0x0000000705c00000, 0x0000000705c00000, 0x0000000705e00000|  0%| F|  |TAMS 0x0000000705c00000| PB 0x0000000705c00000| Untracked 
|  10|0x0000000705e00000, 0x0000000705e00000, 0x0000000706000000|  0%| F|  |TAMS 0x0000000705e00000| PB 0x0000000705e00000| Untracked 
|  11|0x0000000706000000, 0x0000000706000000, 0x0000000706200000|  0%| F|  |TAMS 0x0000000706000000| PB 0x0000000706000000| Untracked 
|  12|0x0000000706200000, 0x0000000706200000, 0x0000000706400000|  0%| F|  |TAMS 0x0000000706200000| PB 0x0000000706200000| Untracked 
|  13|0x0000000706400000, 0x0000000706400000, 0x0000000706600000|  0%| F|  |TAMS 0x0000000706400000| PB 0x0000000706400000| Untracked 
|  14|0x0000000706600000, 0x0000000706600000, 0x0000000706800000|  0%| F|  |TAMS 0x0000000706600000| PB 0x0000000706600000| Untracked 
|  15|0x0000000706800000, 0x0000000706800000, 0x0000000706a00000|  0%| F|  |TAMS 0x0000000706800000| PB 0x0000000706800000| Untracked 
|  16|0x0000000706a00000, 0x0000000706a00000, 0x0000000706c00000|  0%| F|  |TAMS 0x0000000706a00000| PB 0x0000000706a00000| Untracked 
|  17|0x0000000706c00000, 0x0000000706c00000, 0x0000000706e00000|  0%| F|  |TAMS 0x0000000706c00000| PB 0x0000000706c00000| Untracked 
|  18|0x0000000706e00000, 0x0000000706e00000, 0x0000000707000000|  0%| F|  |TAMS 0x0000000706e00000| PB 0x0000000706e00000| Untracked 
|  19|0x0000000707000000, 0x0000000707000000, 0x0000000707200000|  0%| F|  |TAMS 0x0000000707000000| PB 0x0000000707000000| Untracked 
|  20|0x0000000707200000, 0x0000000707200000, 0x0000000707400000|  0%| F|  |TAMS 0x0000000707200000| PB 0x0000000707200000| Untracked 
|  21|0x0000000707400000, 0x0000000707400000, 0x0000000707600000|  0%| F|  |TAMS 0x0000000707400000| PB 0x0000000707400000| Untracked 
|  22|0x0000000707600000, 0x0000000707600000, 0x0000000707800000|  0%| F|  |TAMS 0x0000000707600000| PB 0x0000000707600000| Untracked 
|  23|0x0000000707800000, 0x0000000707800000, 0x0000000707a00000|  0%| F|  |TAMS 0x0000000707800000| PB 0x0000000707800000| Untracked 
|  24|0x0000000707a00000, 0x0000000707a00000, 0x0000000707c00000|  0%| F|  |TAMS 0x0000000707a00000| PB 0x0000000707a00000| Untracked 
|  25|0x0000000707c00000, 0x0000000707c00000, 0x0000000707e00000|  0%| F|  |TAMS 0x0000000707c00000| PB 0x0000000707c00000| Untracked 
|  26|0x0000000707e00000, 0x0000000707e00000, 0x0000000708000000|  0%| F|  |TAMS 0x0000000707e00000| PB 0x0000000707e00000| Untracked 
|  27|0x0000000708000000, 0x0000000708000000, 0x0000000708200000|  0%| F|  |TAMS 0x0000000708000000| PB 0x0000000708000000| Untracked 
|  28|0x0000000708200000, 0x0000000708200000, 0x0000000708400000|  0%| F|  |TAMS 0x0000000708200000| PB 0x0000000708200000| Untracked 
|  29|0x0000000708400000, 0x0000000708400000, 0x0000000708600000|  0%| F|  |TAMS 0x0000000708400000| PB 0x0000000708400000| Untracked 
|  30|0x0000000708600000, 0x0000000708600000, 0x0000000708800000|  0%| F|  |TAMS 0x0000000708600000| PB 0x0000000708600000| Untracked 
|  31|0x0000000708800000, 0x0000000708800000, 0x0000000708a00000|  0%| F|  |TAMS 0x0000000708800000| PB 0x0000000708800000| Untracked 
|  32|0x0000000708a00000, 0x0000000708a00000, 0x0000000708c00000|  0%| F|  |TAMS 0x0000000708a00000| PB 0x0000000708a00000| Untracked 
|  33|0x0000000708c00000, 0x0000000708c00000, 0x0000000708e00000|  0%| F|  |TAMS 0x0000000708c00000| PB 0x0000000708c00000| Untracked 
|  34|0x0000000708e00000, 0x0000000708e00000, 0x0000000709000000|  0%| F|  |TAMS 0x0000000708e00000| PB 0x0000000708e00000| Untracked 
|  35|0x0000000709000000, 0x0000000709000000, 0x0000000709200000|  0%| F|  |TAMS 0x0000000709000000| PB 0x0000000709000000| Untracked 
|  36|0x0000000709200000, 0x0000000709200000, 0x0000000709400000|  0%| F|  |TAMS 0x0000000709200000| PB 0x0000000709200000| Untracked 
|  37|0x0000000709400000, 0x0000000709400000, 0x0000000709600000|  0%| F|  |TAMS 0x0000000709400000| PB 0x0000000709400000| Untracked 
|  38|0x0000000709600000, 0x0000000709600000, 0x0000000709800000|  0%| F|  |TAMS 0x0000000709600000| PB 0x0000000709600000| Untracked 
|  39|0x0000000709800000, 0x0000000709800000, 0x0000000709a00000|  0%| F|  |TAMS 0x0000000709800000| PB 0x0000000709800000| Untracked 
|  40|0x0000000709a00000, 0x0000000709a00000, 0x0000000709c00000|  0%| F|  |TAMS 0x0000000709a00000| PB 0x0000000709a00000| Untracked 
|  41|0x0000000709c00000, 0x0000000709c00000, 0x0000000709e00000|  0%| F|  |TAMS 0x0000000709c00000| PB 0x0000000709c00000| Untracked 
|  42|0x0000000709e00000, 0x0000000709e00000, 0x000000070a000000|  0%| F|  |TAMS 0x0000000709e00000| PB 0x0000000709e00000| Untracked 
|  43|0x000000070a000000, 0x000000070a000000, 0x000000070a200000|  0%| F|  |TAMS 0x000000070a000000| PB 0x000000070a000000| Untracked 
|  44|0x000000070a200000, 0x000000070a200000, 0x000000070a400000|  0%| F|  |TAMS 0x000000070a200000| PB 0x000000070a200000| Untracked 
|  45|0x000000070a400000, 0x000000070a400000, 0x000000070a600000|  0%| F|  |TAMS 0x000000070a400000| PB 0x000000070a400000| Untracked 
|  46|0x000000070a600000, 0x000000070a600000, 0x000000070a800000|  0%| F|  |TAMS 0x000000070a600000| PB 0x000000070a600000| Untracked 
|  47|0x000000070a800000, 0x000000070a800000, 0x000000070aa00000|  0%| F|  |TAMS 0x000000070a800000| PB 0x000000070a800000| Untracked 
|  48|0x000000070aa00000, 0x000000070aa00000, 0x000000070ac00000|  0%| F|  |TAMS 0x000000070aa00000| PB 0x000000070aa00000| Untracked 
|  49|0x000000070ac00000, 0x000000070ac00000, 0x000000070ae00000|  0%| F|  |TAMS 0x000000070ac00000| PB 0x000000070ac00000| Untracked 
|  50|0x000000070ae00000, 0x000000070ae00000, 0x000000070b000000|  0%| F|  |TAMS 0x000000070ae00000| PB 0x000000070ae00000| Untracked 
|  51|0x000000070b000000, 0x000000070b000000, 0x000000070b200000|  0%| F|  |TAMS 0x000000070b000000| PB 0x000000070b000000| Untracked 
|  52|0x000000070b200000, 0x000000070b200000, 0x000000070b400000|  0%| F|  |TAMS 0x000000070b200000| PB 0x000000070b200000| Untracked 
|  53|0x000000070b400000, 0x000000070b400000, 0x000000070b600000|  0%| F|  |TAMS 0x000000070b400000| PB 0x000000070b400000| Untracked 
|  54|0x000000070b600000, 0x000000070b600000, 0x000000070b800000|  0%| F|  |TAMS 0x000000070b600000| PB 0x000000070b600000| Untracked 
|  55|0x000000070b800000, 0x000000070b800000, 0x000000070ba00000|  0%| F|  |TAMS 0x000000070b800000| PB 0x000000070b800000| Untracked 
|  56|0x000000070ba00000, 0x000000070ba00000, 0x000000070bc00000|  0%| F|  |TAMS 0x000000070ba00000| PB 0x000000070ba00000| Untracked 
|  57|0x000000070bc00000, 0x000000070bc00000, 0x000000070be00000|  0%| F|  |TAMS 0x000000070bc00000| PB 0x000000070bc00000| Untracked 
|  58|0x000000070be00000, 0x000000070be00000, 0x000000070c000000|  0%| F|  |TAMS 0x000000070be00000| PB 0x000000070be00000| Untracked 
|  59|0x000000070c000000, 0x000000070c000000, 0x000000070c200000|  0%| F|  |TAMS 0x000000070c000000| PB 0x000000070c000000| Untracked 
|  60|0x000000070c200000, 0x000000070c200000, 0x000000070c400000|  0%| F|  |TAMS 0x000000070c200000| PB 0x000000070c200000| Untracked 
|  61|0x000000070c400000, 0x000000070c400000, 0x000000070c600000|  0%| F|  |TAMS 0x000000070c400000| PB 0x000000070c400000| Untracked 
|  62|0x000000070c600000, 0x000000070c600000, 0x000000070c800000|  0%| F|  |TAMS 0x000000070c600000| PB 0x000000070c600000| Untracked 
|  63|0x000000070c800000, 0x000000070c800000, 0x000000070ca00000|  0%| F|  |TAMS 0x000000070c800000| PB 0x000000070c800000| Untracked 
|  64|0x000000070ca00000, 0x000000070ca00000, 0x000000070cc00000|  0%| F|  |TAMS 0x000000070ca00000| PB 0x000000070ca00000| Untracked 
|  65|0x000000070cc00000, 0x000000070cc00000, 0x000000070ce00000|  0%| F|  |TAMS 0x000000070cc00000| PB 0x000000070cc00000| Untracked 
|  66|0x000000070ce00000, 0x000000070ce00000, 0x000000070d000000|  0%| F|  |TAMS 0x000000070ce00000| PB 0x000000070ce00000| Untracked 
|  67|0x000000070d000000, 0x000000070d000000, 0x000000070d200000|  0%| F|  |TAMS 0x000000070d000000| PB 0x000000070d000000| Untracked 
|  68|0x000000070d200000, 0x000000070d200000, 0x000000070d400000|  0%| F|  |TAMS 0x000000070d200000| PB 0x000000070d200000| Untracked 
|  69|0x000000070d400000, 0x000000070d400000, 0x000000070d600000|  0%| F|  |TAMS 0x000000070d400000| PB 0x000000070d400000| Untracked 
|  70|0x000000070d600000, 0x000000070d600000, 0x000000070d800000|  0%| F|  |TAMS 0x000000070d600000| PB 0x000000070d600000| Untracked 
|  71|0x000000070d800000, 0x000000070d800000, 0x000000070da00000|  0%| F|  |TAMS 0x000000070d800000| PB 0x000000070d800000| Untracked 
|  72|0x000000070da00000, 0x000000070da00000, 0x000000070dc00000|  0%| F|  |TAMS 0x000000070da00000| PB 0x000000070da00000| Untracked 
|  73|0x000000070dc00000, 0x000000070dc00000, 0x000000070de00000|  0%| F|  |TAMS 0x000000070dc00000| PB 0x000000070dc00000| Untracked 
|  74|0x000000070de00000, 0x000000070de00000, 0x000000070e000000|  0%| F|  |TAMS 0x000000070de00000| PB 0x000000070de00000| Untracked 
|  75|0x000000070e000000, 0x000000070e000000, 0x000000070e200000|  0%| F|  |TAMS 0x000000070e000000| PB 0x000000070e000000| Untracked 
|  76|0x000000070e200000, 0x000000070e200000, 0x000000070e400000|  0%| F|  |TAMS 0x000000070e200000| PB 0x000000070e200000| Untracked 
|  77|0x000000070e400000, 0x000000070e400000, 0x000000070e600000|  0%| F|  |TAMS 0x000000070e400000| PB 0x000000070e400000| Untracked 
|  78|0x000000070e600000, 0x000000070e600000, 0x000000070e800000|  0%| F|  |TAMS 0x000000070e600000| PB 0x000000070e600000| Untracked 
|  79|0x000000070e800000, 0x000000070e800000, 0x000000070ea00000|  0%| F|  |TAMS 0x000000070e800000| PB 0x000000070e800000| Untracked 
|  80|0x000000070ea00000, 0x000000070ea00000, 0x000000070ec00000|  0%| F|  |TAMS 0x000000070ea00000| PB 0x000000070ea00000| Untracked 
|  81|0x000000070ec00000, 0x000000070ec00000, 0x000000070ee00000|  0%| F|  |TAMS 0x000000070ec00000| PB 0x000000070ec00000| Untracked 
|  82|0x000000070ee00000, 0x000000070ee00000, 0x000000070f000000|  0%| F|  |TAMS 0x000000070ee00000| PB 0x000000070ee00000| Untracked 
|  83|0x000000070f000000, 0x000000070f000000, 0x000000070f200000|  0%| F|  |TAMS 0x000000070f000000| PB 0x000000070f000000| Untracked 
|  84|0x000000070f200000, 0x000000070f200000, 0x000000070f400000|  0%| F|  |TAMS 0x000000070f200000| PB 0x000000070f200000| Untracked 
|  85|0x000000070f400000, 0x000000070f400000, 0x000000070f600000|  0%| F|  |TAMS 0x000000070f400000| PB 0x000000070f400000| Untracked 
|  86|0x000000070f600000, 0x000000070f600000, 0x000000070f800000|  0%| F|  |TAMS 0x000000070f600000| PB 0x000000070f600000| Untracked 
|  87|0x000000070f800000, 0x000000070f800000, 0x000000070fa00000|  0%| F|  |TAMS 0x000000070f800000| PB 0x000000070f800000| Untracked 
|  88|0x000000070fa00000, 0x000000070fa00000, 0x000000070fc00000|  0%| F|  |TAMS 0x000000070fa00000| PB 0x000000070fa00000| Untracked 
|  89|0x000000070fc00000, 0x000000070fc00000, 0x000000070fe00000|  0%| F|  |TAMS 0x000000070fc00000| PB 0x000000070fc00000| Untracked 
|  90|0x000000070fe00000, 0x000000070fe00000, 0x0000000710000000|  0%| F|  |TAMS 0x000000070fe00000| PB 0x000000070fe00000| Untracked 
|  91|0x0000000710000000, 0x0000000710000000, 0x0000000710200000|  0%| F|  |TAMS 0x0000000710000000| PB 0x0000000710000000| Untracked 
|  92|0x0000000710200000, 0x0000000710200000, 0x0000000710400000|  0%| F|  |TAMS 0x0000000710200000| PB 0x0000000710200000| Untracked 
|  93|0x0000000710400000, 0x0000000710400000, 0x0000000710600000|  0%| F|  |TAMS 0x0000000710400000| PB 0x0000000710400000| Untracked 
|  94|0x0000000710600000, 0x0000000710600000, 0x0000000710800000|  0%| F|  |TAMS 0x0000000710600000| PB 0x0000000710600000| Untracked 
|  95|0x0000000710800000, 0x0000000710800000, 0x0000000710a00000|  0%| F|  |TAMS 0x0000000710800000| PB 0x0000000710800000| Untracked 
|  96|0x0000000710a00000, 0x0000000710a00000, 0x0000000710c00000|  0%| F|  |TAMS 0x0000000710a00000| PB 0x0000000710a00000| Untracked 
|  97|0x0000000710c00000, 0x0000000710c00000, 0x0000000710e00000|  0%| F|  |TAMS 0x0000000710c00000| PB 0x0000000710c00000| Untracked 
|  98|0x0000000710e00000, 0x0000000710e00000, 0x0000000711000000|  0%| F|  |TAMS 0x0000000710e00000| PB 0x0000000710e00000| Untracked 
|  99|0x0000000711000000, 0x0000000711000000, 0x0000000711200000|  0%| F|  |TAMS 0x0000000711000000| PB 0x0000000711000000| Untracked 
| 100|0x0000000711200000, 0x0000000711200000, 0x0000000711400000|  0%| F|  |TAMS 0x0000000711200000| PB 0x0000000711200000| Untracked 
| 101|0x0000000711400000, 0x0000000711400000, 0x0000000711600000|  0%| F|  |TAMS 0x0000000711400000| PB 0x0000000711400000| Untracked 
| 102|0x0000000711600000, 0x0000000711600000, 0x0000000711800000|  0%| F|  |TAMS 0x0000000711600000| PB 0x0000000711600000| Untracked 
| 103|0x0000000711800000, 0x0000000711800000, 0x0000000711a00000|  0%| F|  |TAMS 0x0000000711800000| PB 0x0000000711800000| Untracked 
| 104|0x0000000711a00000, 0x0000000711a00000, 0x0000000711c00000|  0%| F|  |TAMS 0x0000000711a00000| PB 0x0000000711a00000| Untracked 
| 105|0x0000000711c00000, 0x0000000711c00000, 0x0000000711e00000|  0%| F|  |TAMS 0x0000000711c00000| PB 0x0000000711c00000| Untracked 
| 106|0x0000000711e00000, 0x0000000711e00000, 0x0000000712000000|  0%| F|  |TAMS 0x0000000711e00000| PB 0x0000000711e00000| Untracked 
| 107|0x0000000712000000, 0x0000000712000000, 0x0000000712200000|  0%| F|  |TAMS 0x0000000712000000| PB 0x0000000712000000| Untracked 
| 108|0x0000000712200000, 0x0000000712200000, 0x0000000712400000|  0%| F|  |TAMS 0x0000000712200000| PB 0x0000000712200000| Untracked 
| 109|0x0000000712400000, 0x0000000712400000, 0x0000000712600000|  0%| F|  |TAMS 0x0000000712400000| PB 0x0000000712400000| Untracked 
| 110|0x0000000712600000, 0x0000000712600000, 0x0000000712800000|  0%| F|  |TAMS 0x0000000712600000| PB 0x0000000712600000| Untracked 
| 111|0x0000000712800000, 0x0000000712800000, 0x0000000712a00000|  0%| F|  |TAMS 0x0000000712800000| PB 0x0000000712800000| Untracked 
| 112|0x0000000712a00000, 0x0000000712a00000, 0x0000000712c00000|  0%| F|  |TAMS 0x0000000712a00000| PB 0x0000000712a00000| Untracked 
| 113|0x0000000712c00000, 0x0000000712c00000, 0x0000000712e00000|  0%| F|  |TAMS 0x0000000712c00000| PB 0x0000000712c00000| Untracked 
| 114|0x0000000712e00000, 0x0000000712e00000, 0x0000000713000000|  0%| F|  |TAMS 0x0000000712e00000| PB 0x0000000712e00000| Untracked 
| 115|0x0000000713000000, 0x0000000713000000, 0x0000000713200000|  0%| F|  |TAMS 0x0000000713000000| PB 0x0000000713000000| Untracked 
| 116|0x0000000713200000, 0x0000000713200000, 0x0000000713400000|  0%| F|  |TAMS 0x0000000713200000| PB 0x0000000713200000| Untracked 
| 117|0x0000000713400000, 0x0000000713400000, 0x0000000713600000|  0%| F|  |TAMS 0x0000000713400000| PB 0x0000000713400000| Untracked 
| 118|0x0000000713600000, 0x0000000713600000, 0x0000000713800000|  0%| F|  |TAMS 0x0000000713600000| PB 0x0000000713600000| Untracked 
| 119|0x0000000713800000, 0x0000000713800000, 0x0000000713a00000|  0%| F|  |TAMS 0x0000000713800000| PB 0x0000000713800000| Untracked 
| 120|0x0000000713a00000, 0x0000000713a00000, 0x0000000713c00000|  0%| F|  |TAMS 0x0000000713a00000| PB 0x0000000713a00000| Untracked 
| 121|0x0000000713c00000, 0x0000000713cc75b8, 0x0000000713e00000| 38%| E|  |TAMS 0x0000000713c00000| PB 0x0000000713c00000| Complete 
| 122|0x0000000713e00000, 0x0000000714000000, 0x0000000714000000|100%| E|CS|TAMS 0x0000000713e00000| PB 0x0000000713e00000| Complete 
| 123|0x0000000714000000, 0x0000000714200000, 0x0000000714200000|100%| E|CS|TAMS 0x0000000714000000| PB 0x0000000714000000| Complete 
| 124|0x0000000714200000, 0x0000000714400000, 0x0000000714400000|100%| E|CS|TAMS 0x0000000714200000| PB 0x0000000714200000| Complete 
| 125|0x0000000714400000, 0x0000000714600000, 0x0000000714600000|100%| E|CS|TAMS 0x0000000714400000| PB 0x0000000714400000| Complete 

Card table byte_map: [0x000001f299c20000,0x000001f29a400000] _byte_map_base: 0x000001f2963fb000

Marking Bits: (CMBitMap*) 0x000001f2ffde43c0
 Bits: [0x000001f29a400000, 0x000001f29e2d8000)

Polling page: 0x000001f2ffe50000

Metaspace:

Usage:
  Non-class:    872.23 KB used.
      Class:     82.88 KB used.
       Both:    955.10 KB used.

Virtual space:
  Non-class space:       64.00 MB reserved,     960.00 KB (  1%) committed,  1 nodes.
      Class space:        1.00 GB reserved,     128.00 KB ( <1%) committed,  1 nodes.
             Both:        1.06 GB reserved,       1.06 MB ( <1%) committed. 

Chunk freelists:
   Non-Class:  11.78 MB
       Class:  15.72 MB
        Both:  27.50 MB

MaxMetaspaceSize: unlimited
CompressedClassSpaceSize: 1.00 GB
Initial GC threshold: 21.00 MB
Current GC threshold: 21.00 MB
CDS: on
 - commit_granule_bytes: 65536.
 - commit_granule_words: 8192.
 - virtual_space_node_default_size: 8388608.
 - enlarge_chunks_in_place: 1.
 - use_allocation_guard: 0.


Internal statistics:

num_allocs_failed_limit: 0.
num_arena_births: 10.
num_arena_deaths: 0.
num_vsnodes_births: 2.
num_vsnodes_deaths: 0.
num_space_committed: 17.
num_space_uncommitted: 0.
num_chunks_returned_to_freelist: 0.
num_chunks_taken_from_freelist: 25.
num_chunk_merges: 0.
num_chunk_splits: 14.
num_chunks_enlarged: 9.
num_inconsistent_stats: 0.

CodeHeap 'non-profiled nmethods': size=120000Kb used=121Kb max_used=121Kb free=119878Kb
 bounds [0x000001f291480000, 0x000001f2916f0000, 0x000001f2989b0000]
CodeHeap 'profiled nmethods': size=120000Kb used=558Kb max_used=558Kb free=119441Kb
 bounds [0x000001f2899b0000, 0x000001f289c20000, 0x000001f290ee0000]
CodeHeap 'non-nmethods': size=5760Kb used=1404Kb max_used=1420Kb free=4355Kb
 bounds [0x000001f290ee0000, 0x000001f291150000, 0x000001f291480000]
 total_blobs=782 nmethods=377 adapters=310
 compilation: enabled
              stopped_count=0, restarted_count=0
 full_count=0

Compilation events (20 events):
Event: 0.116 Thread 0x000001f2a0dc86d0  335       3       java.util.zip.Inflater::ensureOpen (47 bytes)
Event: 0.116 Thread 0x000001f2a0dc86d0 nmethod 335 0x000001f289a2a590 code [0x000001f289a2a740, 0x000001f289a2a998]
Event: 0.116 Thread 0x000001f2a0dc86d0  336   !   3       java.util.jar.JarFile::checkForSpecialAttributes (163 bytes)
Event: 0.116 Thread 0x000001f2a0dc86d0 nmethod 336 0x000001f289a2aa90 code [0x000001f289a2ad80, 0x000001f289a2bed0]
Event: 0.116 Thread 0x000001f2a0dc86d0  337       3       java.lang.ThreadLocal::getMap (5 bytes)
Event: 0.116 Thread 0x000001f2a0dc86d0 nmethod 337 0x000001f289a2c590 code [0x000001f289a2c720, 0x000001f289a2c838]
Event: 0.116 Thread 0x000001f2a0dc86d0  338       3       jdk.internal.misc.CarrierThreadLocal::get (10 bytes)
Event: 0.116 Thread 0x000001f2a0dc86d0 nmethod 338 0x000001f289a2c910 code [0x000001f289a2cae0, 0x000001f289a2cda0]
Event: 0.116 Thread 0x000001f2a0dc86d0  339       1       sun.nio.fs.NativeBuffer::setOwner (6 bytes)
Event: 0.116 Thread 0x000001f2a0dc86d0 nmethod 339 0x000001f29149cc10 code [0x000001f29149cda0, 0x000001f29149ceb8]
Event: 0.116 Thread 0x000001f2a0dc86d0  340       1       sun.nio.fs.NativeBuffer::size (5 bytes)
Event: 0.116 Thread 0x000001f2a0dc86d0 nmethod 340 0x000001f29149cf10 code [0x000001f29149d0a0, 0x000001f29149d168]
Event: 0.117 Thread 0x000001f2a0dc86d0  341       3       java.lang.ref.Cleaner::register (25 bytes)
Event: 0.117 Thread 0x000001f2a0dc86d0 nmethod 341 0x000001f289a2ce90 code [0x000001f289a2d080, 0x000001f289a2d5d0]
Event: 0.117 Thread 0x000001f2a0dc86d0  342       3       jdk.internal.ref.CleanerImpl$PhantomCleanableRef::<init> (12 bytes)
Event: 0.117 Thread 0x000001f2a0dc86d0 nmethod 342 0x000001f289a2d810 code [0x000001f289a2d9c0, 0x000001f289a2db68]
Event: 0.118 Thread 0x000001f2a0dc7c30  344 %     4       java.util.jar.Manifest$FastInputStream::readLine @ 86 (296 bytes)
Event: 0.118 Thread 0x000001f2a0dc86d0  345       3       java.lang.StringLatin1::inflate (34 bytes)
Event: 0.119 Thread 0x000001f2a0dc86d0 nmethod 345 0x000001f289a2dc10 code [0x000001f289a2ddc0, 0x000001f289a2dfc8]
Event: 0.120 Thread 0x000001f2a0dc86d0  346       3       java.util.zip.ZipFile$Source::getEntryPos (164 bytes)

GC Heap History (0 events):
No events

Dll operation events (8 events):
Event: 0.005 Loaded shared library D:\Scoop\apps\openjdk21\current\bin\java.dll
Event: 0.031 Loaded shared library D:\Scoop\apps\openjdk21\current\bin\jsvml.dll
Event: 0.041 Loaded shared library D:\Scoop\apps\openjdk21\current\bin\net.dll
Event: 0.042 Loaded shared library D:\Scoop\apps\openjdk21\current\bin\nio.dll
Event: 0.044 Loaded shared library D:\Scoop\apps\openjdk21\current\bin\zip.dll
Event: 0.077 Loaded shared library D:\Scoop\apps\openjdk21\current\bin\management.dll
Event: 0.081 Loaded shared library D:\Scoop\apps\openjdk21\current\bin\management_ext.dll
Event: 0.091 Loaded shared library D:\Scoop\apps\openjdk21\current\bin\jimage.dll

Deoptimization events (20 events):
Event: 0.094 Thread 0x000001f2ffd83820 DEOPT PACKING pc=0x000001f2899d7555 sp=0x000000393a9fe0e0
Event: 0.094 Thread 0x000001f2ffd83820 DEOPT UNPACKING pc=0x000001f290f388e2 sp=0x000000393a9fd550 mode 0
Event: 0.094 Thread 0x000001f2ffd83820 DEOPT PACKING pc=0x000001f2899d7555 sp=0x000000393a9fe0e0
Event: 0.094 Thread 0x000001f2ffd83820 DEOPT UNPACKING pc=0x000001f290f388e2 sp=0x000000393a9fd550 mode 0
Event: 0.094 Thread 0x000001f2ffd83820 DEOPT PACKING pc=0x000001f2899d7555 sp=0x000000393a9fe0e0
Event: 0.094 Thread 0x000001f2ffd83820 DEOPT UNPACKING pc=0x000001f290f388e2 sp=0x000000393a9fd550 mode 0
Event: 0.095 Thread 0x000001f2ffd83820 DEOPT PACKING pc=0x000001f2899d7555 sp=0x000000393a9fe0e0
Event: 0.095 Thread 0x000001f2ffd83820 DEOPT UNPACKING pc=0x000001f290f388e2 sp=0x000000393a9fd550 mode 0
Event: 0.095 Thread 0x000001f2ffd83820 DEOPT PACKING pc=0x000001f2899d7555 sp=0x000000393a9fe0e0
Event: 0.095 Thread 0x000001f2ffd83820 DEOPT UNPACKING pc=0x000001f290f388e2 sp=0x000000393a9fd550 mode 0
Event: 0.095 Thread 0x000001f2ffd83820 DEOPT PACKING pc=0x000001f2899d7555 sp=0x000000393a9fe0e0
Event: 0.095 Thread 0x000001f2ffd83820 DEOPT UNPACKING pc=0x000001f290f388e2 sp=0x000000393a9fd550 mode 0
Event: 0.095 Thread 0x000001f2ffd83820 DEOPT PACKING pc=0x000001f2899d7555 sp=0x000000393a9fe0e0
Event: 0.095 Thread 0x000001f2ffd83820 DEOPT UNPACKING pc=0x000001f290f388e2 sp=0x000000393a9fd550 mode 0
Event: 0.095 Thread 0x000001f2ffd83820 DEOPT PACKING pc=0x000001f2899d7555 sp=0x000000393a9fe0e0
Event: 0.095 Thread 0x000001f2ffd83820 DEOPT UNPACKING pc=0x000001f290f388e2 sp=0x000000393a9fd550 mode 0
Event: 0.095 Thread 0x000001f2ffd83820 DEOPT PACKING pc=0x000001f2899d7555 sp=0x000000393a9fe0e0
Event: 0.095 Thread 0x000001f2ffd83820 DEOPT UNPACKING pc=0x000001f290f388e2 sp=0x000000393a9fd550 mode 0
Event: 0.096 Thread 0x000001f2ffd83820 DEOPT PACKING pc=0x000001f2899d7555 sp=0x000000393a9fe0e0
Event: 0.096 Thread 0x000001f2ffd83820 DEOPT UNPACKING pc=0x000001f290f388e2 sp=0x000000393a9fd550 mode 0

Classes loaded (20 events):
Event: 0.085 Loading class jdk/management/jfr/internal/FlightRecorderMXBeanProvider$SingleMBeanComponent
Event: 0.085 Loading class jdk/management/jfr/internal/FlightRecorderMXBeanProvider$SingleMBeanComponent done
Event: 0.085 Loading class java/util/Collections$SingletonList
Event: 0.085 Loading class java/util/Collections$SingletonList done
Event: 0.086 Loading class java/util/stream/ReduceOps$2
Event: 0.086 Loading class java/util/stream/ReduceOps$2 done
Event: 0.086 Loading class java/util/stream/ReduceOps$2ReducingSink
Event: 0.086 Loading class java/util/stream/ReduceOps$2ReducingSink done
Event: 0.086 Loading class sun/management/RuntimeImpl
Event: 0.086 Loading class sun/management/RuntimeImpl done
Event: 0.086 Loading class java/util/Collections$2
Event: 0.086 Loading class java/util/Collections$2 done
Event: 0.087 Loading class sun/management/Util
Event: 0.087 Loading class sun/management/Util done
Event: 0.088 Loading class java/lang/management/ManagementPermission
Event: 0.088 Loading class java/lang/management/ManagementPermission done
Event: 0.089 Loading class java/net/MalformedURLException
Event: 0.089 Loading class java/net/MalformedURLException done
Event: 0.092 Loading class jdk/internal/loader/URLClassPath$FileLoader
Event: 0.092 Loading class jdk/internal/loader/URLClassPath$FileLoader done

Classes unloaded (0 events):
No events

Classes redefined (0 events):
No events

Internal exceptions (1 events):
Event: 0.086 Thread 0x000001f2ffd83820 Exception <a 'java/lang/NoSuchMethodError'{0x00000007143efcd0}: 'int java.lang.invoke.DirectMethodHandle$Holder.invokeSpecial(java.lang.Object, java.lang.Object, java.lang.Object)'> (0x00000007143efcd0) 
thrown [s\open\src\hotspot\share\interpreter\linkResolver.cpp, line 773]

ZGC Phase Switch (0 events):
No events

VM Operations (2 events):
Event: 0.044 Executing VM operation: HandshakeAllThreads (Deoptimize)
Event: 0.044 Executing VM operation: HandshakeAllThreads (Deoptimize) done

Events (11 events):
Event: 0.015 Thread 0x000001f2ffd83820 Thread added: 0x000001f2ffd83820
Event: 0.028 Thread 0x000001f2a0dbc260 Thread added: 0x000001f2a0dbc260
Event: 0.028 Thread 0x000001f2a0dbd180 Thread added: 0x000001f2a0dbd180
Event: 0.029 Thread 0x000001f2a0dbef50 Thread added: 0x000001f2a0dbef50
Event: 0.029 Thread 0x000001f2a0dc19c0 Thread added: 0x000001f2a0dc19c0
Event: 0.029 Thread 0x000001f2a0dc2420 Thread added: 0x000001f2a0dc2420
Event: 0.029 Thread 0x000001f2a0dc2e80 Thread added: 0x000001f2a0dc2e80
Event: 0.029 Thread 0x000001f2a0dc7c30 Thread added: 0x000001f2a0dc7c30
Event: 0.029 Thread 0x000001f2a0dc86d0 Thread added: 0x000001f2a0dc86d0
Event: 0.039 Thread 0x000001f2e616a6e0 Thread added: 0x000001f2e616a6e0
Event: 0.039 Thread 0x000001f2e6157340 Thread added: 0x000001f2e6157340


Dynamic libraries:
0x00007ff73ad00000 - 0x00007ff73ad0e000 	D:\Scoop\apps\openjdk21\current\bin\java.exe
0x00007ff928cd0000 - 0x00007ff928ec8000 	C:\Windows\SYSTEM32\ntdll.dll
0x00007ff927ac0000 - 0x00007ff927b82000 	C:\Windows\System32\KERNEL32.DLL
0x00007ff926570000 - 0x00007ff92686e000 	C:\Windows\System32\KERNELBASE.dll
0x00007ff926470000 - 0x00007ff926570000 	C:\Windows\System32\ucrtbase.dll
0x00007ff919ac0000 - 0x00007ff919ad8000 	D:\Scoop\apps\openjdk21\current\bin\jli.dll
0x00007ff91ad80000 - 0x00007ff91ad9b000 	D:\Scoop\apps\openjdk21\current\bin\VCRUNTIME140.dll
0x00007ff926f00000 - 0x00007ff92709d000 	C:\Windows\System32\USER32.dll
0x00007ff926bc0000 - 0x00007ff926be2000 	C:\Windows\System32\win32u.dll
0x00007ff927dc0000 - 0x00007ff927deb000 	C:\Windows\System32\GDI32.dll
0x00007ff908e20000 - 0x00007ff9090ba000 	C:\Windows\WinSxS\amd64_microsoft.windows.common-controls_6595b64144ccf1df_6.0.19041.4355_none_60b8b9eb71f62e16\COMCTL32.dll
0x00007ff926940000 - 0x00007ff926a57000 	C:\Windows\System32\gdi32full.dll
0x00007ff9268a0000 - 0x00007ff92693d000 	C:\Windows\System32\msvcp_win.dll
0x00007ff928060000 - 0x00007ff9280fe000 	C:\Windows\System32\msvcrt.dll
0x00007ff928840000 - 0x00007ff92886f000 	C:\Windows\System32\IMM32.DLL
0x00007ff91af50000 - 0x00007ff91af5c000 	D:\Scoop\apps\openjdk21\current\bin\vcruntime140_1.dll
0x00007ff8f0580000 - 0x00007ff8f060e000 	D:\Scoop\apps\openjdk21\current\bin\msvcp140.dll
0x00007ff8bf1d0000 - 0x00007ff8bfee7000 	D:\Scoop\apps\openjdk21\current\bin\server\jvm.dll
0x00007ff928bd0000 - 0x00007ff928c81000 	C:\Windows\System32\ADVAPI32.dll
0x00007ff927f10000 - 0x00007ff927faf000 	C:\Windows\System32\sechost.dll
0x00007ff928630000 - 0x00007ff928753000 	C:\Windows\System32\RPCRT4.dll
0x00007ff926870000 - 0x00007ff926897000 	C:\Windows\System32\bcrypt.dll
0x00007ff9287d0000 - 0x00007ff92883b000 	C:\Windows\System32\WS2_32.dll
0x00007ff925870000 - 0x00007ff9258bb000 	C:\Windows\SYSTEM32\POWRPROF.dll
0x00007ff916710000 - 0x00007ff916737000 	C:\Windows\SYSTEM32\WINMM.dll
0x00007ff91b4f0000 - 0x00007ff91b4fa000 	C:\Windows\SYSTEM32\VERSION.dll
0x00007ff925730000 - 0x00007ff925742000 	C:\Windows\SYSTEM32\UMPDC.dll
0x00007ff924b50000 - 0x00007ff924b62000 	C:\Windows\SYSTEM32\kernel.appcore.dll
0x00007ff91acd0000 - 0x00007ff91acda000 	D:\Scoop\apps\openjdk21\current\bin\jimage.dll
0x00007ff923f30000 - 0x00007ff924114000 	C:\Windows\SYSTEM32\DBGHELP.DLL
0x00007ff900a00000 - 0x00007ff900a34000 	C:\Windows\SYSTEM32\dbgcore.DLL
0x00007ff9263e0000 - 0x00007ff926462000 	C:\Windows\System32\bcryptPrimitives.dll
0x00007ff919a30000 - 0x00007ff919a4f000 	D:\Scoop\apps\openjdk21\current\bin\java.dll
0x00007ff927270000 - 0x00007ff9279dd000 	C:\Windows\System32\SHELL32.dll
0x00007ff924390000 - 0x00007ff924b34000 	C:\Windows\SYSTEM32\windows.storage.dll
0x00007ff928870000 - 0x00007ff928bc3000 	C:\Windows\System32\combase.dll
0x00007ff925d60000 - 0x00007ff925d8e000 	C:\Windows\SYSTEM32\Wldp.dll
0x00007ff9270a0000 - 0x00007ff92716d000 	C:\Windows\System32\OLEAUT32.dll
0x00007ff928110000 - 0x00007ff9281bd000 	C:\Windows\System32\SHCORE.dll
0x00007ff927a40000 - 0x00007ff927a95000 	C:\Windows\System32\shlwapi.dll
0x00007ff926260000 - 0x00007ff926284000 	C:\Windows\SYSTEM32\profapi.dll
0x00007ff8efe30000 - 0x00007ff8eff07000 	D:\Scoop\apps\openjdk21\current\bin\jsvml.dll
0x00007ff919960000 - 0x00007ff919970000 	D:\Scoop\apps\openjdk21\current\bin\net.dll
0x00007ff91e930000 - 0x00007ff91ea3d000 	C:\Windows\SYSTEM32\WINHTTP.dll
0x00007ff925ac0000 - 0x00007ff925b2a000 	C:\Windows\system32\mswsock.dll
0x00007ff90d470000 - 0x00007ff90d486000 	D:\Scoop\apps\openjdk21\current\bin\nio.dll
0x00007ff90d430000 - 0x00007ff90d448000 	D:\Scoop\apps\openjdk21\current\bin\zip.dll
0x00007ff90d460000 - 0x00007ff90d46a000 	D:\Scoop\apps\openjdk21\current\bin\management.dll
0x00007ff90d290000 - 0x00007ff90d29b000 	D:\Scoop\apps\openjdk21\current\bin\management_ext.dll
0x00007ff928760000 - 0x00007ff928768000 	C:\Windows\System32\PSAPI.DLL

dbghelp: loaded successfully - version: 4.0.5 - missing functions: none
symbol engine: initialized successfully - sym options: 0x614 - pdb path: .;D:\Scoop\apps\openjdk21\current\bin;C:\Windows\SYSTEM32;C:\Windows\WinSxS\amd64_microsoft.windows.common-controls_6595b64144ccf1df_6.0.19041.4355_none_60b8b9eb71f62e16;D:\Scoop\apps\openjdk21\current\bin\server

VM Arguments:
java_command: C:\Users\Administrator\AppData\Local\Temp\surefire15432930608734940277\surefirebooter-20260127132227053_3.jar C:\Users\Administrator\AppData\Local\Temp\surefire15432930608734940277 2026-01-27T13-22-26_966-jvmRun1 surefire-20260127132227053_1tmp surefire_0-20260127132227053_2tmp
java_class_path (initial): C:\Users\Administrator\AppData\Local\Temp\surefire15432930608734940277\surefirebooter-20260127132227053_3.jar
Launcher Type: SUN_STANDARD

[Global flags]
     intx CICompilerCount                          = 4                                         {product} {ergonomic}
     uint ConcGCThreads                            = 2                                         {product} {ergonomic}
     uint G1ConcRefinementThreads                  = 8                                         {product} {ergonomic}
   size_t G1HeapRegionSize                         = 2097152                                   {product} {ergonomic}
    uintx GCDrainStackTargetSize                   = 64                                        {product} {ergonomic}
   size_t InitialHeapSize                          = 264241152                                 {product} {ergonomic}
   size_t MarkStackSize                            = 4194304                                   {product} {ergonomic}
   size_t MaxHeapSize                              = 4217372672                                {product} {ergonomic}
   size_t MaxNewSize                               = 2529165312                                {product} {ergonomic}
   size_t MinHeapDeltaBytes                        = 2097152                                   {product} {ergonomic}
   size_t MinHeapSize                              = 8388608                                   {product} {ergonomic}
    uintx NonNMethodCodeHeapSize                   = 5839372                                {pd product} {ergonomic}
    uintx NonProfiledCodeHeapSize                  = 122909434                              {pd product} {ergonomic}
    uintx ProfiledCodeHeapSize                     = 122909434                              {pd product} {ergonomic}
    uintx ReservedCodeCacheSize                    = 251658240                              {pd product} {ergonomic}
     bool SegmentedCodeCache                       = true                                      {product} {ergonomic}
   size_t SoftMaxHeapSize                          = 4217372672                             {manageable} {ergonomic}
     bool UseCompressedOops                        = true                           {product lp64_product} {ergonomic}
     bool UseG1GC                                  = true                                      {product} {ergonomic}
     bool UseLargePagesIndividualAllocation        = false                                  {pd product} {ergonomic}

Logging:
Log output configuration:
 #0: stdout all=warning uptime,level,tags foldmultilines=false
 #1: stderr all=off uptime,level,tags foldmultilines=false

Environment Variables:
JAVA_HOME=D:\Scoop\apps\openjdk21\current
PATH=D:\Scoop\apps\openjdk21\current\bin;E:\VMware\bin\;C:\Program Files\Common Files\Oracle\Java\javapath;c:\Users\Administrator\AppData\Local\Programs\cursor\resources\app\bin;E:\Python312\Scripts\;E:\Python312\;C:\Program Files (x86)\Westone\DLP-Client\x64\x64;C:\Program Files (x86)\Westone\DLP-Client\x64;D:\Scoop\apps\nodejs\20.5.1;C:\Windows;C:\Windows\System32\Wbem;C:\Windows\System32\WindowsPowerShell\v1.0\;C:\Windows\System32\OpenSSH\;C:\westone\bin\dll\;E:\java\bin;D:\Scoop\apps\nodejs\20.5.1\node_global;C:\Program Files\dotnet\;C:\Strawberry\c\bin;C:\Strawberry\perl\site\bin;C:\Strawberry\perl\bin;C:\Program Files\TortoiseHg\;C:\Program Files\Torto;D:\mysql\bin;E:\Microsoft VS Code\bin;D:\Scoop\apps\openjdk21\current\bin;D:\Scoop\apps\python\current\Scripts;D:\Scoop\apps\python\current;D:\Scoop\apps\nodejs\current\bin;D:\Scoop\apps\nodejs\current;D:\Scoop\apps\maven\current\bin;E:\Python312\Scripts\;E:\Python312\;C:\Program Files (x86)\Westone\DLP-Client\x64\x64;C:\Program Files (x86)\Westone\DLP-Client\x64;D:\Scoop\apps\nodejs\20.5.1;C:\Windows;C:\Windows\System32\Wbem;C:\Windows\System32\WindowsPowerShell\v1.0\;C:\Windows\System32\OpenSSH\;C:\westone\bin\dll\;D:\Scoop\apps\nodejs\20.5.1\node_global;C:\Program Files\dotnet\;C:\Strawberry\c\bin;C:\Strawberry\perl\site\bin;C:\Strawberry\perl\bin;C:\Program Files\TortoiseHg\;D:\Scoop\shims;C:\Users\Administrator\AppData\Local\Microsoft\WindowsApps;E:\qqgame\Hall.57938\;c:\windows\system32;D:\mysql\bin;C:\Users\Administrator\.dotnet\tools;C:\Users\Administrator\AppData\Local\Programs\Trae\bin;C:\Users\Administrator\.bun\bin
USERNAME=Administrator
OS=Windows_NT
PROCESSOR_IDENTIFIER=Intel64 Family 6 Model 140 Stepping 1, GenuineIntel
TMP=C:\Users\ADMINI~1\AppData\Local\Temp
TEMP=C:\Users\ADMINI~1\AppData\Local\Temp




Periodic native trim disabled

---------------  S Y S T E M  ---------------

OS:
 Windows 10 , 64 bit Build 19041 (10.0.19041.5072)
OS uptime: 10 days 18:41 hours

CPU: total 8 (initial active 8) (4 cores per cpu, 2 threads per core) family 6 model 140 stepping 1 microcode 0x86, cx8, cmov, fxsr, ht, mmx, 3dnowpref, sse, sse2, sse3, ssse3, sse4.1, sse4.2, popcnt, lzcnt, tsc, tscinvbit, avx, avx2, aes, erms, clmul, bmi1, bmi2, adx, avx512f, avx512dq, avx512cd, avx512bw, avx512vl, sha, fma, vzeroupper, avx512_vpopcntdq, avx512_vpclmulqdq, avx512_vaes, avx512_vnni, clflush, clflushopt, clwb, avx512_vbmi2, avx512_vbmi, rdtscp, rdpid, fsrm, gfni, avx512_bitalg, f16c, pku, cet_ibt, cet_ss, avx512_ifma
Processor Information for all 8 processors :
  Max Mhz: 2419, Current Mhz: 2419, Mhz Limit: 2419

Memory: 4k page, system-wide physical 16082M (2147M free)
TotalPageFile size 31386M (AvailPageFile size 3M)
current process WorkingSet (physical memory assigned to process): 50M, peak: 50M
current process commit charge ("private bytes"): 342M, peak: 342M

vm_info: OpenJDK 64-Bit Server VM (21.0.2+13-58) for windows-amd64 JRE (21.0.2+13-58), built on 2024-01-05T18:32:24Z by "mach5one" with MS VC++ 17.1 (VS2022)

END.
