2026-01-28T16:24:36.126+08:00  INFO 3808 --- [eblog-backend] [main] com.eblog.EblogApplication               : Starting EblogApplication using Java 21.0.2 with PID 3808 (D:\devlop\project\EBlog\backend\target\classes started by Administrator in D:\devlop\project\EBlog\backend)
2026-01-28T16:24:36.126+08:00  INFO 3808 --- [eblog-backend] [main] com.eblog.EblogApplication               : No active profile set, falling back to 1 default profile: "default"
2026-01-28T16:24:37.222+08:00  INFO 3808 --- [eblog-backend] [main] o.s.b.w.embedded.tomcat.TomcatWebServer  : Tomcat initialized with port 8080 (http)
2026-01-28T16:24:37.232+08:00  INFO 3808 --- [eblog-backend] [main] o.apache.catalina.core.StandardService   : Starting service [Tomcat]
2026-01-28T16:24:37.232+08:00  INFO 3808 --- [eblog-backend] [main] o.apache.catalina.core.StandardEngine    : Starting Servlet engine: [Apache Tomcat/10.1.20]
2026-01-28T16:24:37.288+08:00  INFO 3808 --- [eblog-backend] [main] o.a.c.c.C.[Tomcat].[localhost].[/]       : Initializing Spring embedded WebApplicationContext
2026-01-28T16:24:37.288+08:00  INFO 3808 --- [eblog-backend] [main] w.s.c.ServletWebServerApplicationContext : Root WebApplicationContext: initialization completed in 1121 ms
2026-01-28T16:24:37.476+08:00  INFO 3808 --- [eblog-backend] [main] com.zaxxer.hikari.HikariDataSource       : HikariPool-1 - Starting...
2026-01-28T16:24:37.791+08:00  INFO 3808 --- [eblog-backend] [main] com.zaxxer.hikari.pool.HikariPool        : HikariPool-1 - Added connection com.mysql.cj.jdbc.ConnectionImpl@270d5060
2026-01-28T16:24:37.793+08:00  INFO 3808 --- [eblog-backend] [main] com.zaxxer.hikari.HikariDataSource       : HikariPool-1 - Start completed.
2026-01-28T16:24:37.856+08:00  INFO 3808 --- [eblog-backend] [main] o.f.c.internal.license.VersionPrinter    : Flyway Community Edition 9.22.3 by Redgate
2026-01-28T16:24:37.856+08:00  INFO 3808 --- [eblog-backend] [main] o.f.c.internal.license.VersionPrinter    : See release notes here: https://rd.gt/416ObMi
2026-01-28T16:24:37.856+08:00  INFO 3808 --- [eblog-backend] [main] o.f.c.internal.license.VersionPrinter    : 
2026-01-28T16:24:37.869+08:00  INFO 3808 --- [eblog-backend] [main] org.flywaydb.core.FlywayExecutor         : Database: jdbc:mysql://localhost:3306/eblog (MySQL 8.0)
2026-01-28T16:24:37.905+08:00  INFO 3808 --- [eblog-backend] [main] o.f.core.internal.command.DbValidate     : Successfully validated 14 migrations (execution time 00:00.026s)
2026-01-28T16:24:37.923+08:00  INFO 3808 --- [eblog-backend] [main] o.f.core.internal.command.DbMigrate      : Current version of schema `eblog`: 14
2026-01-28T16:24:37.927+08:00  INFO 3808 --- [eblog-backend] [main] o.f.core.internal.command.DbMigrate      : Schema `eblog` is up to date. No migration necessary.
2026-01-28T16:24:38.321+08:00  WARN 3808 --- [eblog-backend] [main] .s.s.UserDetailsServiceAutoConfiguration : 

Using generated security password: 36948153-6a8d-45a1-85d3-930daa2757d2

This generated password is for development use only. Your security configuration must be updated before running your application in production.

2026-01-28T16:24:38.511+08:00  INFO 3808 --- [eblog-backend] [main] o.s.s.web.DefaultSecurityFilterChain     : Will secure any request with [org.springframework.security.web.session.DisableEncodeUrlFilter@6c36051c, org.springframework.security.web.context.request.async.WebAsyncManagerIntegrationFilter@45d46254, org.springframework.security.web.context.SecurityContextHolderFilter@1bea7b0, org.springframework.security.web.header.HeaderWriterFilter@93fb44, org.springframework.web.filter.CorsFilter@a240452, org.springframework.security.web.csrf.CsrfFilter@2e8986b6, org.springframework.security.web.authentication.logout.LogoutFilter@4f2544b0, com.eblog.auth.JwtAuthenticationFilter@1ca3d25b, org.springframework.security.web.authentication.www.BasicAuthenticationFilter@574218f, org.springframework.security.web.savedrequest.RequestCacheAwareFilter@2d4a0671, org.springframework.security.web.servletapi.SecurityContextHolderAwareRequestFilter@1ab9c735, org.springframework.security.web.authentication.AnonymousAuthenticationFilter@460e5ffe, org.springframework.security.web.session.SessionManagementFilter@14b48f39, org.springframework.security.web.access.ExceptionTranslationFilter@683fe7b5, org.springframework.security.web.access.intercept.AuthorizationFilter@2b80497f]
2026-01-28T16:24:38.789+08:00  INFO 3808 --- [eblog-backend] [main] o.s.b.w.embedded.tomcat.TomcatWebServer  : Tomcat started on port 8080 (http) with context path ''
2026-01-28T16:24:38.789+08:00  INFO 3808 --- [eblog-backend] [main] com.eblog.EblogApplication               : Started EblogApplication in 2.998 seconds (process running for 3.304)
2026-01-28T16:25:00.882+08:00  INFO 3808 --- [eblog-backend] [http-nio-8080-exec-1] o.a.c.c.C.[Tomcat].[localhost].[/]       : Initializing Spring DispatcherServlet 'dispatcherServlet'
2026-01-28T16:25:00.883+08:00  INFO 3808 --- [eblog-backend] [http-nio-8080-exec-1] o.s.web.servlet.DispatcherServlet        : Initializing Servlet 'dispatcherServlet'
2026-01-28T16:25:00.884+08:00  INFO 3808 --- [eblog-backend] [http-nio-8080-exec-1] o.s.web.servlet.DispatcherServlet        : Completed initialization in 1 ms
