2026-01-28T11:13:56.624+08:00  INFO 23252 --- [eblog-backend] [main] com.eblog.EblogApplication               : Starting EblogApplication using Java 21.0.2 with PID 23252 (D:\devlop\project\EBlog\backend\target\classes started by Administrator in D:\devlop\project\EBlog\backend)
2026-01-28T11:13:56.628+08:00  INFO 23252 --- [eblog-backend] [main] com.eblog.EblogApplication               : No active profile set, falling back to 1 default profile: "default"
2026-01-28T11:13:57.768+08:00  INFO 23252 --- [eblog-backend] [main] o.s.b.w.embedded.tomcat.TomcatWebServer  : Tomcat initialized with port 8080 (http)
2026-01-28T11:13:57.783+08:00  INFO 23252 --- [eblog-backend] [main] o.apache.catalina.core.StandardService   : Starting service [Tomcat]
2026-01-28T11:13:57.783+08:00  INFO 23252 --- [eblog-backend] [main] o.apache.catalina.core.StandardEngine    : Starting Servlet engine: [Apache Tomcat/10.1.20]
2026-01-28T11:13:57.852+08:00  INFO 23252 --- [eblog-backend] [main] o.a.c.c.C.[Tomcat].[localhost].[/]       : Initializing Spring embedded WebApplicationContext
2026-01-28T11:13:57.853+08:00  INFO 23252 --- [eblog-backend] [main] w.s.c.ServletWebServerApplicationContext : Root WebApplicationContext: initialization completed in 1188 ms
2026-01-28T11:13:58.050+08:00  WARN 23252 --- [eblog-backend] [main] .s.s.UserDetailsServiceAutoConfiguration : 

Using generated security password: 28a0ef61-7af7-4645-ac84-779e5b9702a8

This generated password is for development use only. Your security configuration must be updated before running your application in production.

2026-01-28T11:13:58.258+08:00  INFO 23252 --- [eblog-backend] [main] o.s.s.web.DefaultSecurityFilterChain     : Will secure any request with [org.springframework.security.web.session.DisableEncodeUrlFilter@69b3886f, org.springframework.security.web.context.request.async.WebAsyncManagerIntegrationFilter@53d30d23, org.springframework.security.web.context.SecurityContextHolderFilter@6c5ca0b6, org.springframework.security.web.header.HeaderWriterFilter@10a907ec, org.springframework.web.filter.CorsFilter@44faa4f2, org.springframework.security.web.csrf.CsrfFilter@9263c54, org.springframework.security.web.authentication.logout.LogoutFilter@5a4464c5, com.eblog.auth.JwtAuthenticationFilter@4c3de38e, org.springframework.security.web.authentication.www.BasicAuthenticationFilter@7bf018dd, org.springframework.security.web.savedrequest.RequestCacheAwareFilter@1a88c4f5, org.springframework.security.web.servletapi.SecurityContextHolderAwareRequestFilter@1894fa9f, org.springframework.security.web.authentication.AnonymousAuthenticationFilter@6793f752, org.springframework.security.web.session.SessionManagementFilter@55c1ced9, org.springframework.security.web.access.ExceptionTranslationFilter@4e48462d, org.springframework.security.web.access.intercept.AuthorizationFilter@424f02b8]
2026-01-28T11:13:58.457+08:00  INFO 23252 --- [eblog-backend] [main] com.zaxxer.hikari.HikariDataSource       : HikariPool-1 - Starting...
2026-01-28T11:13:58.771+08:00  INFO 23252 --- [eblog-backend] [main] com.zaxxer.hikari.pool.HikariPool        : HikariPool-1 - Added connection com.mysql.cj.jdbc.ConnectionImpl@2c1ea7be
2026-01-28T11:13:58.773+08:00  INFO 23252 --- [eblog-backend] [main] com.zaxxer.hikari.HikariDataSource       : HikariPool-1 - Start completed.
2026-01-28T11:13:58.839+08:00  INFO 23252 --- [eblog-backend] [main] o.f.c.internal.license.VersionPrinter    : Flyway Community Edition 9.22.3 by Redgate
2026-01-28T11:13:58.839+08:00  INFO 23252 --- [eblog-backend] [main] o.f.c.internal.license.VersionPrinter    : See release notes here: https://rd.gt/416ObMi
2026-01-28T11:13:58.839+08:00  INFO 23252 --- [eblog-backend] [main] o.f.c.internal.license.VersionPrinter    : 
2026-01-28T11:13:58.859+08:00  INFO 23252 --- [eblog-backend] [main] org.flywaydb.core.FlywayExecutor         : Database: jdbc:mysql://localhost:3306/eblog (MySQL 8.0)
2026-01-28T11:13:58.917+08:00  INFO 23252 --- [eblog-backend] [main] o.f.core.internal.command.DbValidate     : Successfully validated 14 migrations (execution time 00:00.038s)
2026-01-28T11:13:58.931+08:00  INFO 23252 --- [eblog-backend] [main] o.f.core.internal.command.DbMigrate      : Current version of schema `eblog`: 14
2026-01-28T11:13:58.933+08:00  INFO 23252 --- [eblog-backend] [main] o.f.core.internal.command.DbMigrate      : Schema `eblog` is up to date. No migration necessary.
2026-01-28T11:13:59.375+08:00  INFO 23252 --- [eblog-backend] [main] o.s.b.w.embedded.tomcat.TomcatWebServer  : Tomcat started on port 8080 (http) with context path ''
2026-01-28T11:13:59.385+08:00  INFO 23252 --- [eblog-backend] [main] com.eblog.EblogApplication               : Started EblogApplication in 3.136 seconds (process running for 3.454)
